<?xml version="1.0" encoding="UTF-8"?>
<coverage generated="1788765155093" clover="3.2.0">
  <project timestamp="1788765155093" name="All files">
    <metrics statements="2665" coveredstatements="1923" conditionals="2185" coveredconditionals="1394" methods="702" coveredmethods="519" elements="5552" coveredelements="3836" complexity="0" loc="2665" ncloc="2665" packages="27" files="98" classes="98"/>
    <package name="development">
      <metrics statements="0" coveredstatements="0" conditionals="0" coveredconditionals="0" methods="0" coveredmethods="0"/>
      <file name="ui" path="/home/julian/development/ui">
        <metrics statements="0" coveredstatements="0" conditionals="0" coveredconditionals="0" methods="0" coveredmethods="0"/>
      </file>
    </package>
    <package name="development.ui..storybook">
      <metrics statements="10" coveredstatements="10" conditionals="2" coveredconditionals="1" methods="3" coveredmethods="3"/>
      <file name="preview.ts" path="/home/julian/development/ui/.storybook/preview.ts">
        <metrics statements="10" coveredstatements="10" conditionals="2" coveredconditionals="1" methods="3" coveredmethods="3"/>
        <line num="2" count="57" type="stmt"/>
        <line num="14" count="128" type="stmt"/>
        <line num="15" count="128" type="stmt"/>
        <line num="16" count="128" type="stmt"/>
        <line num="17" count="128" type="stmt"/>
        <line num="19" count="128" type="stmt"/>
        <line num="20" count="128" type="stmt"/>
        <line num="23" count="128" type="stmt"/>
        <line num="26" count="128" type="stmt"/>
        <line num="33" count="57" type="stmt"/>
      </file>
    </package>
    <package name="development.ui.src">
      <metrics statements="0" coveredstatements="0" conditionals="0" coveredconditionals="0" methods="0" coveredmethods="0"/>
      <file name="index.css" path="/home/julian/development/ui/src/index.css">
        <metrics statements="0" coveredstatements="0" conditionals="0" coveredconditionals="0" methods="0" coveredmethods="0"/>
      </file>
    </package>
    <package name="development.ui.src.components">
      <metrics statements="144" coveredstatements="25" conditionals="95" coveredconditionals="42" methods="22" coveredmethods="8"/>
      <file name="AnonymousUserIcon.tsx" path="/home/julian/development/ui/src/components/AnonymousUserIcon.tsx">
        <metrics statements="3" coveredstatements="3" conditionals="2" coveredconditionals="1" methods="1" coveredmethods="1"/>
        <line num="1" count="1" type="stmt"/>
        <line num="10" count="4" type="stmt"/>
        <line num="11" count="4" type="stmt"/>
      </file>
      <file name="LegalNotice.tsx" path="/home/julian/development/ui/src/components/LegalNotice.tsx">
        <metrics statements="139" coveredstatements="20" conditionals="89" coveredconditionals="37" methods="20" coveredmethods="6"/>
        <line num="1" count="1" type="stmt"/>
        <line num="37" count="1" type="stmt"/>
        <line num="38" count="1" type="cond" truecount="2" falsecount="2"/>
        <line num="39" count="1" type="stmt"/>
        <line num="42" count="0" type="stmt"/>
        <line num="43" count="0" type="stmt"/>
        <line num="45" count="0" type="stmt"/>
        <line num="54" count="1" type="stmt"/>
        <line num="55" count="1" type="stmt"/>
        <line num="61" count="1" type="stmt"/>
        <line num="63" count="1" type="stmt"/>
        <line num="66" count="1" type="stmt"/>
        <line num="69" count="1" type="stmt"/>
        <line num="70" count="1" type="stmt"/>
        <line num="88" count="0" type="stmt"/>
        <line num="92" count="0" type="stmt"/>
        <line num="102" count="0" type="stmt"/>
        <line num="103" count="0" type="cond" truecount="0" falsecount="2"/>
        <line num="105" count="0" type="stmt"/>
        <line num="106" count="0" type="stmt"/>
        <line num="108" count="0" type="stmt"/>
        <line num="109" count="0" type="stmt"/>
        <line num="110" count="0" type="cond" truecount="0" falsecount="2"/>
        <line num="111" count="0" type="stmt"/>
        <line num="112" count="0" type="stmt"/>
        <line num="114" count="0" type="stmt"/>
        <line num="118" count="0" type="stmt"/>
        <line num="119" count="0" type="stmt"/>
        <line num="123" count="0" type="stmt"/>
        <line num="124" count="0" type="stmt"/>
        <line num="126" count="0" type="stmt"/>
        <line num="127" count="0" type="stmt"/>
        <line num="128" count="0" type="cond" truecount="0" falsecount="2"/>
        <line num="129" count="0" type="stmt"/>
        <line num="130" count="0" type="stmt"/>
        <line num="133" count="0" type="cond" truecount="0" falsecount="2"/>
        <line num="134" count="0" type="stmt"/>
        <line num="135" count="0" type="stmt"/>
        <line num="136" count="0" type="stmt"/>
        <line num="139" count="0" type="cond" truecount="0" falsecount="2"/>
        <line num="140" count="0" type="stmt"/>
        <line num="141" count="0" type="cond" truecount="0" falsecount="2"/>
        <line num="142" count="0" type="stmt"/>
        <line num="143" count="0" type="stmt"/>
        <line num="144" count="0" type="stmt"/>
        <line num="145" count="0" type="cond" truecount="0" falsecount="2"/>
        <line num="146" count="0" type="stmt"/>
        <line num="148" count="0" type="stmt"/>
        <line num="149" count="0" type="stmt"/>
        <line num="153" count="0" type="stmt"/>
        <line num="154" count="0" type="stmt"/>
        <line num="157" count="0" type="cond" truecount="0" falsecount="2"/>
        <line num="158" count="0" type="stmt"/>
        <line num="161" count="0" type="stmt"/>
        <line num="165" count="0" type="stmt"/>
        <line num="166" count="0" type="stmt"/>
        <line num="168" count="0" type="stmt"/>
        <line num="169" count="0" type="stmt"/>
        <line num="170" count="0" type="cond" truecount="0" falsecount="2"/>
        <line num="173" count="0" type="stmt"/>
        <line num="177" count="0" type="stmt"/>
        <line num="179" count="0" type="stmt"/>
        <line num="180" count="0" type="stmt"/>
        <line num="181" count="0" type="stmt"/>
        <line num="182" count="0" type="stmt"/>
        <line num="183" count="0" type="stmt"/>
        <line num="184" count="0" type="stmt"/>
        <line num="185" count="0" type="stmt"/>
        <line num="186" count="0" type="stmt"/>
        <line num="188" count="0" type="stmt"/>
        <line num="189" count="0" type="stmt"/>
        <line num="192" count="0" type="stmt"/>
        <line num="193" count="0" type="stmt"/>
        <line num="194" count="0" type="stmt"/>
        <line num="195" count="0" type="stmt"/>
        <line num="198" count="0" type="stmt"/>
        <line num="199" count="0" type="stmt"/>
        <line num="200" count="0" type="stmt"/>
        <line num="202" count="0" type="stmt"/>
        <line num="203" count="0" type="stmt"/>
        <line num="204" count="0" type="stmt"/>
        <line num="206" count="0" type="cond" truecount="0" falsecount="2"/>
        <line num="207" count="0" type="stmt"/>
        <line num="208" count="0" type="stmt"/>
        <line num="211" count="0" type="stmt"/>
        <line num="212" count="0" type="cond" truecount="0" falsecount="6"/>
        <line num="213" count="0" type="stmt"/>
        <line num="214" count="0" type="stmt"/>
        <line num="215" count="0" type="stmt"/>
        <line num="217" count="0" type="stmt"/>
        <line num="219" count="0" type="stmt"/>
        <line num="220" count="0" type="stmt"/>
        <line num="223" count="0" type="stmt"/>
        <line num="225" count="0" type="stmt"/>
        <line num="226" count="0" type="stmt"/>
        <line num="229" count="0" type="stmt"/>
        <line num="232" count="0" type="stmt"/>
        <line num="233" count="0" type="stmt"/>
        <line num="235" count="0" type="stmt"/>
        <line num="236" count="0" type="stmt"/>
        <line num="238" count="0" type="stmt"/>
        <line num="239" count="0" type="stmt"/>
        <line num="240" count="0" type="stmt"/>
        <line num="243" count="0" type="stmt"/>
        <line num="244" count="0" type="stmt"/>
        <line num="245" count="0" type="stmt"/>
        <line num="246" count="0" type="stmt"/>
        <line num="247" count="0" type="stmt"/>
        <line num="249" count="0" type="stmt"/>
        <line num="251" count="0" type="stmt"/>
        <line num="265" count="0" type="stmt"/>
        <line num="274" count="0" type="cond" truecount="0" falsecount="2"/>
        <line num="275" count="0" type="stmt"/>
        <line num="277" count="0" type="cond" truecount="0" falsecount="2"/>
        <line num="278" count="0" type="stmt"/>
        <line num="281" count="0" type="stmt"/>
        <line num="295" count="5" type="stmt"/>
        <line num="296" count="5" type="cond" truecount="2" falsecount="0"/>
        <line num="297" count="5" type="stmt"/>
        <line num="298" count="0" type="cond" truecount="0" falsecount="2"/>
        <line num="300" count="0" type="cond" truecount="0" falsecount="2"/>
        <line num="301" count="0" type="cond" truecount="0" falsecount="2"/>
        <line num="302" count="0" type="cond" truecount="0" falsecount="2"/>
        <line num="303" count="0" type="stmt"/>
        <line num="304" count="0" type="stmt"/>
        <line num="305" count="0" type="stmt"/>
        <line num="307" count="0" type="stmt"/>
        <line num="308" count="0" type="stmt"/>
        <line num="309" count="0" type="stmt"/>
        <line num="310" count="0" type="stmt"/>
        <line num="311" count="0" type="stmt"/>
        <line num="312" count="0" type="stmt"/>
        <line num="313" count="0" type="stmt"/>
        <line num="317" count="5" type="cond" truecount="2" falsecount="0"/>
        <line num="318" count="2" type="stmt"/>
        <line num="331" count="3" type="stmt"/>
        <line num="418" count="2" type="cond" truecount="2" falsecount="0"/>
        <line num="419" count="2" type="stmt"/>
        <line num="421" count="2" type="stmt"/>
      </file>
      <file name="NodeIdDisplay.tsx" path="/home/julian/development/ui/src/components/NodeIdDisplay.tsx">
        <metrics statements="2" coveredstatements="2" conditionals="4" coveredconditionals="4" methods="1" coveredmethods="1"/>
        <line num="1" count="1" type="stmt"/>
        <line num="22" count="3" type="stmt"/>
      </file>
    </package>
    <package name="development.ui.src.components.Attachment">
      <metrics statements="50" coveredstatements="39" conditionals="17" coveredconditionals="11" methods="10" coveredmethods="8"/>
      <file name="Attachment.tsx" path="/home/julian/development/ui/src/components/Attachment/Attachment.tsx">
        <metrics statements="50" coveredstatements="39" conditionals="17" coveredconditionals="11" methods="10" coveredmethods="8"/>
        <line num="1" count="1" type="stmt"/>
        <line num="29" count="12" type="stmt"/>
        <line num="30" count="12" type="stmt"/>
        <line num="31" count="12" type="stmt"/>
        <line num="32" count="12" type="stmt"/>
        <line num="33" count="12" type="stmt"/>
        <line num="34" count="12" type="stmt"/>
        <line num="35" count="12" type="stmt"/>
        <line num="36" count="12" type="stmt"/>
        <line num="37" count="12" type="stmt"/>
        <line num="38" count="12" type="stmt"/>
        <line num="40" count="12" type="stmt"/>
        <line num="41" count="6" type="stmt"/>
        <line num="43" count="12" type="stmt"/>
        <line num="44" count="6" type="stmt"/>
        <line num="46" count="12" type="stmt"/>
        <line num="47" count="6" type="stmt"/>
        <line num="50" count="12" type="stmt"/>
        <line num="51" count="6" type="stmt"/>
        <line num="53" count="6" type="stmt"/>
        <line num="54" count="6" type="stmt"/>
        <line num="55" count="6" type="stmt"/>
        <line num="58" count="6" type="cond" truecount="4" falsecount="0"/>
        <line num="59" count="1" type="stmt"/>
        <line num="61" count="5" type="stmt"/>
        <line num="64" count="6" type="stmt"/>
        <line num="68" count="6" type="stmt"/>
        <line num="69" count="6" type="stmt"/>
        <line num="70" count="6" type="stmt"/>
        <line num="71" count="6" type="stmt"/>
        <line num="73" count="0" type="stmt"/>
        <line num="74" count="0" type="stmt"/>
        <line num="76" count="6" type="stmt"/>
        <line num="80" count="6" type="stmt"/>
        <line num="83" count="12" type="stmt"/>
        <line num="84" count="6" type="stmt"/>
        <line num="85" count="3" type="cond" truecount="1" falsecount="1"/>
        <line num="86" count="0" type="stmt"/>
        <line num="88" count="3" type="cond" truecount="1" falsecount="1"/>
        <line num="89" count="3" type="stmt"/>
        <line num="94" count="12" type="stmt"/>
        <line num="95" count="0" type="cond" truecount="0" falsecount="2"/>
        <line num="97" count="0" type="stmt"/>
        <line num="98" count="0" type="stmt"/>
        <line num="99" count="0" type="stmt"/>
        <line num="101" count="0" type="stmt"/>
        <line num="102" count="0" type="stmt"/>
        <line num="103" count="0" type="stmt"/>
        <line num="104" count="0" type="stmt"/>
        <line num="108" count="12" type="stmt"/>
      </file>
    </package>
    <package name="development.ui.src.components.CopyToClipboard">
      <metrics statements="28" coveredstatements="24" conditionals="24" coveredconditionals="21" methods="8" coveredmethods="7"/>
      <file name="CopyToClipboardButton.tsx" path="/home/julian/development/ui/src/components/CopyToClipboard/CopyToClipboardButton.tsx">
        <metrics statements="28" coveredstatements="24" conditionals="24" coveredconditionals="21" methods="8" coveredmethods="7"/>
        <line num="1" count="6" type="stmt"/>
        <line num="12" count="5" type="cond" truecount="3" falsecount="1"/>
        <line num="13" count="5" type="stmt"/>
        <line num="14" count="4" type="stmt"/>
        <line num="17" count="0" type="stmt"/>
        <line num="43" count="19" type="stmt"/>
        <line num="44" count="19" type="stmt"/>
        <line num="45" count="19" type="stmt"/>
        <line num="47" count="19" type="cond" truecount="2" falsecount="0"/>
        <line num="55" count="19" type="stmt"/>
        <line num="56" count="18" type="stmt"/>
        <line num="57" count="15" type="cond" truecount="2" falsecount="0"/>
        <line num="58" count="1" type="stmt"/>
        <line num="63" count="19" type="stmt"/>
        <line num="76" count="6" type="stmt"/>
        <line num="77" count="6" type="cond" truecount="2" falsecount="0"/>
        <line num="78" count="1" type="stmt"/>
        <line num="81" count="5" type="stmt"/>
        <line num="83" count="4" type="stmt"/>
        <line num="85" count="4" type="cond" truecount="2" falsecount="0"/>
        <line num="86" count="1" type="stmt"/>
        <line num="87" count="1" type="cond" truecount="1" falsecount="1"/>
        <line num="88" count="0" type="stmt"/>
        <line num="90" count="1" type="stmt"/>
        <line num="91" count="0" type="stmt"/>
        <line num="92" count="0" type="stmt"/>
        <line num="96" count="4" type="stmt"/>
        <line num="115" count="1" type="stmt"/>
      </file>
    </package>
    <package name="development.ui.src.components.CountrySelector">
      <metrics statements="263" coveredstatements="232" conditionals="170" coveredconditionals="124" methods="56" coveredmethods="51"/>
      <file name="CountrySelector.tsx" path="/home/julian/development/ui/src/components/CountrySelector/CountrySelector.tsx">
        <metrics statements="63" coveredstatements="58" conditionals="42" coveredconditionals="33" methods="16" coveredmethods="16"/>
        <line num="1" count="1" type="stmt"/>
        <line num="18" count="3" type="stmt"/>
        <line num="22" count="74" type="stmt"/>
        <line num="23" count="74" type="stmt"/>
        <line num="24" count="3755" type="cond" truecount="3" falsecount="1"/>
        <line num="27" count="74" type="stmt"/>
        <line num="28" count="74" type="stmt"/>
        <line num="29" count="74" type="stmt"/>
        <line num="30" count="74" type="stmt"/>
        <line num="31" count="74" type="stmt"/>
        <line num="32" count="74" type="stmt"/>
        <line num="34" count="74" type="cond" truecount="2" falsecount="0"/>
        <line num="35" count="74" type="cond" truecount="2" falsecount="0"/>
        <line num="36" count="74" type="cond" truecount="5" falsecount="1"/>
        <line num="37" count="74" type="cond" truecount="2" falsecount="0"/>
        <line num="39" count="74" type="stmt"/>
        <line num="41" count="74" type="stmt"/>
        <line num="42" count="28" type="stmt"/>
        <line num="43" count="5628" type="stmt"/>
        <line num="46" count="74" type="stmt"/>
        <line num="47" count="74" type="cond" truecount="2" falsecount="0"/>
        <line num="48" count="74" type="cond" truecount="2" falsecount="0"/>
        <line num="53" count="74" type="stmt"/>
        <line num="54" count="74" type="cond" truecount="2" falsecount="0"/>
        <line num="56" count="74" type="stmt"/>
        <line num="58" count="33" type="stmt"/>
        <line num="60" count="33" type="cond" truecount="1" falsecount="1"/>
        <line num="61" count="0" type="stmt"/>
        <line num="62" count="0" type="stmt"/>
        <line num="65" count="33" type="cond" truecount="1" falsecount="1"/>
        <line num="66" count="0" type="stmt"/>
        <line num="72" count="74" type="stmt"/>
        <line num="74" count="2" type="stmt"/>
        <line num="84" count="74" type="stmt"/>
        <line num="86" count="2" type="stmt"/>
        <line num="87" count="2" type="stmt"/>
        <line num="92" count="74" type="stmt"/>
        <line num="93" count="5" type="cond" truecount="1" falsecount="1"/>
        <line num="94" count="5" type="stmt"/>
        <line num="98" count="74" type="stmt"/>
        <line num="108" count="74" type="stmt"/>
        <line num="122" count="74" type="stmt"/>
        <line num="135" count="1" type="stmt"/>
        <line num="145" count="74" type="stmt"/>
        <line num="165" count="13" type="stmt"/>
        <line num="166" count="13" type="stmt"/>
        <line num="167" count="13" type="stmt"/>
        <line num="168" count="13" type="stmt"/>
        <line num="172" count="1" type="stmt"/>
        <line num="173" count="1" type="stmt"/>
        <line num="174" count="1" type="stmt"/>
        <line num="177" count="1" type="stmt"/>
        <line num="182" count="74" type="cond" truecount="2" falsecount="0"/>
        <line num="183" count="21" type="stmt"/>
        <line num="187" count="5" type="cond" truecount="1" falsecount="1"/>
        <line num="188" count="0" type="stmt"/>
        <line num="189" count="0" type="stmt"/>
        <line num="192" count="5" type="stmt"/>
        <line num="193" count="5" type="stmt"/>
        <line num="194" count="5" type="stmt"/>
        <line num="195" count="5" type="stmt"/>
        <line num="197" count="5" type="stmt"/>
        <line num="219" count="53" type="stmt"/>
      </file>
      <file name="CountrySelectorPanel.tsx" path="/home/julian/development/ui/src/components/CountrySelector/CountrySelectorPanel.tsx">
        <metrics statements="9" coveredstatements="9" conditionals="6" coveredconditionals="6" methods="7" coveredmethods="7"/>
        <line num="1" count="1" type="stmt"/>
        <line num="40" count="30" type="stmt"/>
        <line num="51" count="10" type="stmt"/>
        <line num="55" count="10" type="stmt"/>
        <line num="58" count="3" type="stmt"/>
        <line num="67" count="1" type="stmt"/>
        <line num="68" count="1" type="stmt"/>
        <line num="82" count="4028" type="stmt"/>
        <line num="88" count="1" type="stmt"/>
      </file>
      <file name="CountrySelectorTrigger.tsx" path="/home/julian/development/ui/src/components/CountrySelector/CountrySelectorTrigger.tsx">
        <metrics statements="9" coveredstatements="5" conditionals="20" coveredconditionals="15" methods="3" coveredmethods="2"/>
        <line num="1" count="1" type="stmt"/>
        <line num="19" count="3" type="stmt"/>
        <line num="23" count="83" type="stmt"/>
        <line num="79" count="1" type="stmt"/>
        <line num="80" count="1" type="stmt"/>
        <line num="83" count="0" type="cond" truecount="0" falsecount="4"/>
        <line num="84" count="0" type="stmt"/>
        <line num="85" count="0" type="stmt"/>
        <line num="86" count="0" type="stmt"/>
      </file>
      <file name="constants.ts" path="/home/julian/development/ui/src/components/CountrySelector/constants.ts">
        <metrics statements="7" coveredstatements="7" conditionals="2" coveredconditionals="1" methods="2" coveredmethods="2"/>
        <line num="8" count="17" type="stmt"/>
        <line num="9" count="3417" type="stmt"/>
        <line num="10" count="3417" type="stmt"/>
        <line num="11" count="3417" type="cond" truecount="1" falsecount="1"/>
        <line num="13" count="3417" type="stmt"/>
        <line num="21" count="3" type="stmt"/>
        <line num="22" count="3" type="stmt"/>
      </file>
      <file name="useCountrySelectorPosition.ts" path="/home/julian/development/ui/src/components/CountrySelector/useCountrySelectorPosition.ts">
        <metrics statements="98" coveredstatements="87" conditionals="58" coveredconditionals="40" methods="20" coveredmethods="18"/>
        <line num="2" count="1" type="stmt"/>
        <line num="31" count="74" type="stmt"/>
        <line num="32" count="74" type="stmt"/>
        <line num="33" count="74" type="stmt"/>
        <line num="34" count="74" type="stmt"/>
        <line num="35" count="74" type="stmt"/>
        <line num="37" count="74" type="stmt"/>
        <line num="39" count="40" type="stmt"/>
        <line num="40" count="40" type="cond" truecount="1" falsecount="1"/>
        <line num="42" count="40" type="stmt"/>
        <line num="43" count="40" type="stmt"/>
        <line num="44" count="40" type="cond" truecount="2" falsecount="0"/>
        <line num="45" count="40" type="cond" truecount="1" falsecount="1"/>
        <line num="46" count="40" type="stmt"/>
        <line num="47" count="40" type="stmt"/>
        <line num="48" count="40" type="stmt"/>
        <line num="49" count="40" type="stmt"/>
        <line num="50" count="40" type="cond" truecount="2" falsecount="0"/>
        <line num="52" count="40" type="stmt"/>
        <line num="53" count="40" type="stmt"/>
        <line num="55" count="40" type="cond" truecount="3" falsecount="0"/>
        <line num="56" count="40" type="cond" truecount="2" falsecount="0"/>
        <line num="57" count="40" type="cond" truecount="2" falsecount="0"/>
        <line num="58" count="40" type="stmt"/>
        <line num="60" count="40" type="cond" truecount="2" falsecount="0"/>
        <line num="61" count="27" type="stmt"/>
        <line num="62" count="27" type="stmt"/>
        <line num="63" count="27" type="stmt"/>
        <line num="66" count="13" type="stmt"/>
        <line num="67" count="13" type="cond" truecount="1" falsecount="1"/>
        <line num="68" count="0" type="cond" truecount="0" falsecount="2"/>
        <line num="69" count="13" type="cond" truecount="0" falsecount="2"/>
        <line num="70" count="13" type="cond" truecount="0" falsecount="2"/>
        <line num="72" count="13" type="cond" truecount="1" falsecount="1"/>
        <line num="77" count="74" type="stmt"/>
        <line num="78" count="31" type="cond" truecount="2" falsecount="0"/>
        <line num="79" count="18" type="stmt"/>
        <line num="80" count="18" type="stmt"/>
        <line num="83" count="13" type="cond" truecount="1" falsecount="1"/>
        <line num="84" count="13" type="stmt"/>
        <line num="85" count="13" type="stmt"/>
        <line num="87" count="13" type="stmt"/>
        <line num="89" count="13" type="stmt"/>
        <line num="90" count="13" type="stmt"/>
        <line num="95" count="74" type="stmt"/>
        <line num="96" count="31" type="cond" truecount="1" falsecount="1"/>
        <line num="97" count="0" type="stmt"/>
        <line num="100" count="31" type="stmt"/>
        <line num="101" count="31" type="cond" truecount="1" falsecount="1"/>
        <line num="104" count="31" type="stmt"/>
        <line num="105" count="30" type="stmt"/>
        <line num="109" count="74" type="stmt"/>
        <line num="110" count="31" type="cond" truecount="2" falsecount="0"/>
        <line num="111" count="18" type="stmt"/>
        <line num="112" count="18" type="stmt"/>
        <line num="115" count="13" type="stmt"/>
        <line num="116" count="13" type="stmt"/>
        <line num="118" count="13" type="cond" truecount="1" falsecount="1"/>
        <line num="119" count="0" type="stmt"/>
        <line num="122" count="13" type="stmt"/>
        <line num="123" count="13" type="stmt"/>
        <line num="124" count="13" type="stmt"/>
        <line num="125" count="13" type="stmt"/>
        <line num="126" count="13" type="cond" truecount="4" falsecount="0"/>
        <line num="127" count="5" type="stmt"/>
        <line num="129" count="13" type="cond" truecount="1" falsecount="1"/>
        <line num="130" count="0" type="stmt"/>
        <line num="134" count="13" type="stmt"/>
        <line num="135" count="13" type="stmt"/>
        <line num="148" count="74" type="stmt"/>
        <line num="149" count="31" type="cond" truecount="4" falsecount="0"/>
        <line num="150" count="18" type="stmt"/>
        <line num="153" count="13" type="stmt"/>
        <line num="155" count="13" type="stmt"/>
        <line num="156" count="0" type="cond" truecount="0" falsecount="2"/>
        <line num="157" count="0" type="stmt"/>
        <line num="160" count="0" type="stmt"/>
        <line num="161" count="0" type="stmt"/>
        <line num="162" count="0" type="stmt"/>
        <line num="163" count="0" type="stmt"/>
        <line num="167" count="13" type="stmt"/>
        <line num="168" count="1" type="cond" truecount="1" falsecount="1"/>
        <line num="169" count="0" type="stmt"/>
        <line num="172" count="1" type="stmt"/>
        <line num="173" count="1" type="stmt"/>
        <line num="174" count="1" type="stmt"/>
        <line num="178" count="13" type="stmt"/>
        <line num="179" count="13" type="stmt"/>
        <line num="180" count="31" type="stmt"/>
        <line num="182" count="31" type="stmt"/>
        <line num="183" count="13" type="cond" truecount="2" falsecount="0"/>
        <line num="184" count="1" type="stmt"/>
        <line num="186" count="13" type="stmt"/>
        <line num="187" count="13" type="stmt"/>
        <line num="188" count="13" type="stmt"/>
        <line num="192" count="74" type="stmt"/>
        <line num="193" count="46" type="stmt"/>
        <line num="204" count="74" type="stmt"/>
      </file>
      <file name="useCountrySelectorStandaloneIOS.ts" path="/home/julian/development/ui/src/components/CountrySelector/useCountrySelectorStandaloneIOS.ts">
        <metrics statements="77" coveredstatements="66" conditionals="42" coveredconditionals="29" methods="8" coveredmethods="6"/>
        <line num="2" count="1" type="stmt"/>
        <line num="25" count="74" type="stmt"/>
        <line num="26" count="15" type="stmt"/>
        <line num="27" count="15" type="cond" truecount="1" falsecount="1"/>
        <line num="28" count="0" type="stmt"/>
        <line num="31" count="15" type="stmt"/>
        <line num="32" count="15" type="cond" truecount="2" falsecount="0"/>
        <line num="33" count="3" type="stmt"/>
        <line num="34" count="3" type="stmt"/>
        <line num="35" count="3" type="stmt"/>
        <line num="36" count="3" type="stmt"/>
        <line num="38" count="3" type="stmt"/>
        <line num="42" count="3" type="stmt"/>
        <line num="45" count="12" type="cond" truecount="2" falsecount="0"/>
        <line num="46" count="3" type="stmt"/>
        <line num="53" count="74" type="stmt"/>
        <line num="54" count="18" type="cond" truecount="2" falsecount="0"/>
        <line num="55" count="8" type="stmt"/>
        <line num="58" count="10" type="stmt"/>
        <line num="59" count="10" type="cond" truecount="1" falsecount="1"/>
        <line num="60" count="0" type="stmt"/>
        <line num="63" count="10" type="stmt"/>
        <line num="64" count="10" type="cond" truecount="2" falsecount="0"/>
        <line num="65" count="8" type="stmt"/>
        <line num="68" count="2" type="stmt"/>
        <line num="69" count="2" type="stmt"/>
        <line num="70" count="2" type="cond" truecount="2" falsecount="0"/>
        <line num="71" count="18" type="cond" truecount="1" falsecount="1"/>
        <line num="72" count="18" type="stmt"/>
        <line num="73" count="18" type="stmt"/>
        <line num="74" count="18" type="stmt"/>
        <line num="75" count="18" type="stmt"/>
        <line num="76" count="18" type="stmt"/>
        <line num="78" count="18" type="cond" truecount="1" falsecount="1"/>
        <line num="79" count="0" type="stmt"/>
        <line num="82" count="2" type="stmt"/>
        <line num="88" count="74" type="stmt"/>
        <line num="89" count="31" type="stmt"/>
        <line num="90" count="31" type="cond" truecount="1" falsecount="1"/>
        <line num="91" count="0" type="stmt"/>
        <line num="94" count="31" type="cond" truecount="2" falsecount="0"/>
        <line num="95" count="15" type="stmt"/>
        <line num="96" count="15" type="stmt"/>
        <line num="99" count="16" type="stmt"/>
        <line num="100" count="16" type="stmt"/>
        <line num="101" count="16" type="cond" truecount="2" falsecount="0"/>
        <line num="102" count="31" type="cond" truecount="1" falsecount="1"/>
        <line num="103" count="31" type="stmt"/>
        <line num="104" count="31" type="stmt"/>
        <line num="105" count="31" type="stmt"/>
        <line num="106" count="31" type="stmt"/>
        <line num="107" count="31" type="stmt"/>
        <line num="109" count="31" type="stmt"/>
        <line num="110" count="31" type="stmt"/>
        <line num="112" count="31" type="cond" truecount="4" falsecount="0"/>
        <line num="113" count="12" type="stmt"/>
        <line num="116" count="4" type="cond" truecount="1" falsecount="1"/>
        <line num="117" count="0" type="stmt"/>
        <line num="124" count="74" type="stmt"/>
        <line num="125" count="31" type="cond" truecount="4" falsecount="0"/>
        <line num="126" count="26" type="stmt"/>
        <line num="129" count="5" type="stmt"/>
        <line num="130" count="0" type="stmt"/>
        <line num="131" count="0" type="cond" truecount="0" falsecount="4"/>
        <line num="132" count="0" type="stmt"/>
        <line num="135" count="0" type="stmt"/>
        <line num="138" count="5" type="stmt"/>
        <line num="139" count="0" type="cond" truecount="0" falsecount="2"/>
        <line num="140" count="0" type="stmt"/>
        <line num="144" count="5" type="stmt"/>
        <line num="145" count="5" type="stmt"/>
        <line num="146" count="5" type="stmt"/>
        <line num="148" count="5" type="stmt"/>
        <line num="149" count="5" type="stmt"/>
        <line num="150" count="5" type="stmt"/>
        <line num="151" count="5" type="stmt"/>
        <line num="155" count="74" type="stmt"/>
      </file>
    </package>
    <package name="development.ui.src.components.DatePicker">
      <metrics statements="478" coveredstatements="391" conditionals="443" coveredconditionals="339" methods="137" coveredmethods="111"/>
      <file name="ScrollColumn.tsx" path="/home/julian/development/ui/src/components/DatePicker/ScrollColumn.tsx">
        <metrics statements="57" coveredstatements="49" conditionals="29" coveredconditionals="18" methods="15" coveredmethods="11"/>
        <line num="1" count="1" type="stmt"/>
        <line num="18" count="30" type="stmt"/>
        <line num="19" count="30" type="stmt"/>
        <line num="20" count="30" type="stmt"/>
        <line num="21" count="30" type="stmt"/>
        <line num="23" count="30" type="cond" truecount="2" falsecount="0"/>
        <line num="25" count="30" type="stmt"/>
        <line num="26" count="14" type="cond" truecount="1" falsecount="1"/>
        <line num="27" count="14" type="stmt"/>
        <line num="28" count="14" type="cond" truecount="1" falsecount="1"/>
        <line num="29" count="14" type="stmt"/>
        <line num="30" count="14" type="cond" truecount="2" falsecount="0"/>
        <line num="31" count="12" type="stmt"/>
        <line num="32" count="12" type="stmt"/>
        <line num="34" count="12" type="stmt"/>
        <line num="35" count="12" type="stmt"/>
        <line num="36" count="12" type="stmt"/>
        <line num="37" count="12" type="stmt"/>
        <line num="40" count="2" type="stmt"/>
        <line num="41" count="2" type="stmt"/>
        <line num="46" count="30" type="stmt"/>
        <line num="47" count="30" type="stmt"/>
        <line num="48" count="30" type="cond" truecount="1" falsecount="1"/>
        <line num="49" count="30" type="stmt"/>
        <line num="50" count="14" type="cond" truecount="1" falsecount="1"/>
        <line num="51" count="14" type="stmt"/>
        <line num="52" count="14" type="stmt"/>
        <line num="54" count="14" type="stmt"/>
        <line num="56" count="30" type="stmt"/>
        <line num="57" count="30" type="stmt"/>
        <line num="61" count="30" type="stmt"/>
        <line num="62" count="14" type="cond" truecount="1" falsecount="1"/>
        <line num="63" count="14" type="cond" truecount="1" falsecount="1"/>
        <line num="64" count="14" type="stmt"/>
        <line num="65" count="0" type="stmt"/>
        <line num="66" count="0" type="stmt"/>
        <line num="71" count="30" type="stmt"/>
        <line num="72" count="15" type="stmt"/>
        <line num="73" count="15" type="cond" truecount="1" falsecount="1"/>
        <line num="74" count="15" type="stmt"/>
        <line num="75" count="15" type="stmt"/>
        <line num="76" count="15" type="cond" truecount="1" falsecount="1"/>
        <line num="77" count="15" type="stmt"/>
        <line num="78" count="15" type="stmt"/>
        <line num="79" count="15" type="stmt"/>
        <line num="81" count="0" type="stmt"/>
        <line num="82" count="0" type="stmt"/>
        <line num="83" count="0" type="stmt"/>
        <line num="85" count="0" type="stmt"/>
        <line num="89" count="60" type="cond" truecount="2" falsecount="0"/>
        <line num="90" count="30" type="stmt"/>
        <line num="92" count="30" type="stmt"/>
        <line num="109" count="4692" type="stmt"/>
        <line num="110" count="4692" type="stmt"/>
        <line num="111" count="4692" type="stmt"/>
        <line num="120" count="0" type="cond" truecount="0" falsecount="2"/>
        <line num="121" count="0" type="stmt"/>
      </file>
      <file name="TimeInput.tsx" path="/home/julian/development/ui/src/components/DatePicker/TimeInput.tsx">
        <metrics statements="19" coveredstatements="18" conditionals="29" coveredconditionals="21" methods="4" coveredmethods="4"/>
        <line num="1" count="1" type="stmt"/>
        <line num="20" count="12" type="cond" truecount="1" falsecount="1"/>
        <line num="21" count="12" type="cond" truecount="1" falsecount="1"/>
        <line num="22" count="12" type="stmt"/>
        <line num="23" count="12" type="cond" truecount="3" falsecount="1"/>
        <line num="25" count="12" type="stmt"/>
        <line num="27" count="6" type="cond" truecount="2" falsecount="0"/>
        <line num="28" count="3" type="stmt"/>
        <line num="30" count="3" type="stmt"/>
        <line num="31" count="3" type="cond" truecount="4" falsecount="2"/>
        <line num="32" count="3" type="stmt"/>
        <line num="38" count="12" type="stmt"/>
        <line num="40" count="6" type="stmt"/>
        <line num="45" count="12" type="stmt"/>
        <line num="47" count="2" type="stmt"/>
        <line num="48" count="2" type="cond" truecount="1" falsecount="1"/>
        <line num="49" count="0" type="cond" truecount="0" falsecount="2"/>
        <line num="54" count="12" type="cond" truecount="2" falsecount="0"/>
        <line num="56" count="12" type="stmt"/>
      </file>
      <file name="calendar.tsx" path="/home/julian/development/ui/src/components/DatePicker/calendar.tsx">
        <metrics statements="68" coveredstatements="67" conditionals="88" coveredconditionals="84" methods="20" coveredmethods="20"/>
        <line num="1" count="2" type="stmt"/>
        <line num="58" count="76" type="stmt"/>
        <line num="59" count="76" type="stmt"/>
        <line num="60" count="76" type="stmt"/>
        <line num="61" count="76" type="cond" truecount="2" falsecount="1"/>
        <line num="62" count="76" type="stmt"/>
        <line num="63" count="76" type="cond" truecount="2" falsecount="0"/>
        <line num="64" count="10" type="stmt"/>
        <line num="65" count="10" type="cond" truecount="1" falsecount="1"/>
        <line num="66" count="10" type="stmt"/>
        <line num="67" count="10" type="cond" truecount="2" falsecount="0"/>
        <line num="71" count="76" type="stmt"/>
        <line num="72" count="76" type="stmt"/>
        <line num="73" count="76" type="stmt"/>
        <line num="74" count="76" type="cond" truecount="2" falsecount="0"/>
        <line num="75" count="76" type="stmt"/>
        <line num="76" count="76" type="cond" truecount="2" falsecount="0"/>
        <line num="78" count="76" type="stmt"/>
        <line num="79" count="5" type="cond" truecount="4" falsecount="0"/>
        <line num="80" count="1" type="stmt"/>
        <line num="83" count="4" type="stmt"/>
        <line num="84" count="4" type="stmt"/>
        <line num="85" count="4" type="stmt"/>
        <line num="86" count="4" type="stmt"/>
        <line num="90" count="76" type="stmt"/>
        <line num="91" count="2" type="cond" truecount="3" falsecount="1"/>
        <line num="92" count="0" type="stmt"/>
        <line num="95" count="2" type="stmt"/>
        <line num="96" count="2" type="stmt"/>
        <line num="97" count="2" type="stmt"/>
        <line num="98" count="2" type="stmt"/>
        <line num="102" count="76" type="stmt"/>
        <line num="103" count="76" type="stmt"/>
        <line num="104" count="4" type="stmt"/>
        <line num="106" count="76" type="stmt"/>
        <line num="107" count="4" type="cond" truecount="1" falsecount="1"/>
        <line num="108" count="4" type="stmt"/>
        <line num="110" count="4" type="cond" truecount="2" falsecount="0"/>
        <line num="111" count="1" type="stmt"/>
        <line num="112" count="3" type="cond" truecount="2" falsecount="0"/>
        <line num="113" count="2" type="stmt"/>
        <line num="116" count="4" type="stmt"/>
        <line num="119" count="76" type="stmt"/>
        <line num="131" count="1" type="stmt"/>
        <line num="139" count="1" type="stmt"/>
        <line num="158" count="1" type="stmt"/>
        <line num="167" count="1" type="stmt"/>
        <line num="178" count="532" type="stmt"/>
        <line num="186" count="3192" type="stmt"/>
        <line num="187" count="3192" type="stmt"/>
        <line num="188" count="3192" type="stmt"/>
        <line num="189" count="3192" type="cond" truecount="2" falsecount="0"/>
        <line num="190" count="3192" type="cond" truecount="2" falsecount="0"/>
        <line num="191" count="3192" type="cond" truecount="3" falsecount="0"/>
        <line num="192" count="3192" type="cond" truecount="3" falsecount="0"/>
        <line num="193" count="3192" type="cond" truecount="3" falsecount="0"/>
        <line num="194" count="3192" type="cond" truecount="5" falsecount="0"/>
        <line num="195" count="3192" type="cond" truecount="4" falsecount="0"/>
        <line num="196" count="3192" type="cond" truecount="3" falsecount="0"/>
        <line num="197" count="3192" type="stmt"/>
        <line num="198" count="3192" type="cond" truecount="3" falsecount="0"/>
        <line num="199" count="3192" type="cond" truecount="2" falsecount="0"/>
        <line num="200" count="2310" type="stmt"/>
        <line num="201" count="26" type="stmt"/>
        <line num="203" count="3192" type="stmt"/>
        <line num="205" count="3192" type="stmt"/>
        <line num="224" count="4" type="stmt"/>
        <line num="225" count="4" type="stmt"/>
      </file>
      <file name="datePicker.tsx" path="/home/julian/development/ui/src/components/DatePicker/datePicker.tsx">
        <metrics statements="75" coveredstatements="42" conditionals="108" coveredconditionals="85" methods="31" coveredmethods="18"/>
        <line num="1" count="1" type="stmt"/>
        <line num="64" count="62" type="stmt"/>
        <line num="65" count="62" type="stmt"/>
        <line num="66" count="62" type="stmt"/>
        <line num="67" count="62" type="stmt"/>
        <line num="68" count="62" type="stmt"/>
        <line num="70" count="62" type="cond" truecount="2" falsecount="0"/>
        <line num="71" count="24" type="stmt"/>
        <line num="72" count="52" type="stmt"/>
        <line num="84" count="62" type="stmt"/>
        <line num="103" count="62" type="stmt"/>
        <line num="113" count="62" type="stmt"/>
        <line num="114" count="11" type="cond" truecount="1" falsecount="1"/>
        <line num="115" count="0" type="stmt"/>
        <line num="116" count="0" type="stmt"/>
        <line num="117" count="0" type="stmt"/>
        <line num="119" count="11" type="stmt"/>
        <line num="120" count="11" type="stmt"/>
        <line num="124" count="62" type="stmt"/>
        <line num="125" count="2" type="stmt"/>
        <line num="128" count="62" type="stmt"/>
        <line num="129" count="2" type="stmt"/>
        <line num="130" count="2" type="cond" truecount="5" falsecount="0"/>
        <line num="131" count="1" type="stmt"/>
        <line num="133" count="2" type="stmt"/>
        <line num="134" count="2" type="stmt"/>
        <line num="135" count="2" type="stmt"/>
        <line num="138" count="62" type="stmt"/>
        <line num="139" count="0" type="stmt"/>
        <line num="140" count="0" type="stmt"/>
        <line num="143" count="62" type="stmt"/>
        <line num="144" count="2" type="stmt"/>
        <line num="145" count="2" type="cond" truecount="1" falsecount="1"/>
        <line num="148" count="62" type="stmt"/>
        <line num="150" count="0" type="stmt"/>
        <line num="151" count="0" type="stmt"/>
        <line num="152" count="0" type="stmt"/>
        <line num="157" count="62" type="stmt"/>
        <line num="162" count="1" type="stmt"/>
        <line num="163" count="1" type="cond" truecount="1" falsecount="1"/>
        <line num="164" count="0" type="stmt"/>
        <line num="166" count="1" type="stmt"/>
        <line num="248" count="45" type="stmt"/>
        <line num="253" count="1" type="stmt"/>
        <line num="275" count="0" type="cond" truecount="0" falsecount="2"/>
        <line num="276" count="0" type="stmt"/>
        <line num="296" count="0" type="stmt"/>
        <line num="320" count="0" type="stmt"/>
        <line num="346" count="4" type="stmt"/>
        <line num="350" count="0" type="cond" truecount="0" falsecount="2"/>
        <line num="351" count="0" type="stmt"/>
        <line num="353" count="0" type="stmt"/>
        <line num="377" count="0" type="stmt"/>
        <line num="381" count="0" type="stmt"/>
        <line num="382" count="0" type="stmt"/>
        <line num="385" count="0" type="stmt"/>
        <line num="386" count="0" type="stmt"/>
        <line num="397" count="0" type="stmt"/>
        <line num="401" count="0" type="stmt"/>
        <line num="402" count="0" type="stmt"/>
        <line num="405" count="0" type="stmt"/>
        <line num="406" count="0" type="stmt"/>
        <line num="441" count="4" type="stmt"/>
        <line num="456" count="4" type="stmt"/>
        <line num="470" count="4" type="stmt"/>
        <line num="488" count="0" type="stmt"/>
        <line num="491" count="0" type="stmt"/>
        <line num="492" count="0" type="cond" truecount="0" falsecount="2"/>
        <line num="493" count="0" type="stmt"/>
        <line num="495" count="0" type="stmt"/>
        <line num="506" count="0" type="stmt"/>
        <line num="509" count="2" type="stmt"/>
        <line num="510" count="2" type="cond" truecount="1" falsecount="1"/>
        <line num="511" count="0" type="stmt"/>
        <line num="513" count="2" type="stmt"/>
      </file>
      <file name="datePickerUtils.ts" path="/home/julian/development/ui/src/components/DatePicker/datePickerUtils.ts">
        <metrics statements="27" coveredstatements="25" conditionals="28" coveredconditionals="20" methods="8" coveredmethods="8"/>
        <line num="5" count="3" type="stmt"/>
        <line num="6" count="2" type="cond" truecount="2" falsecount="2"/>
        <line num="7" count="0" type="stmt"/>
        <line num="9" count="2" type="cond" truecount="3" falsecount="1"/>
        <line num="10" count="0" type="stmt"/>
        <line num="12" count="2" type="stmt"/>
        <line num="15" count="3" type="cond" truecount="1" falsecount="1"/>
        <line num="17" count="31" type="cond" truecount="2" falsecount="0"/>
        <line num="19" count="15" type="stmt"/>
        <line num="24" count="3" type="stmt"/>
        <line num="25" count="52" type="cond" truecount="1" falsecount="1"/>
        <line num="27" count="3" type="cond" truecount="1" falsecount="0"/>
        <line num="28" count="24" type="cond" truecount="1" falsecount="1"/>
        <line num="29" count="24" type="stmt"/>
        <line num="30" count="24" type="stmt"/>
        <line num="31" count="24" type="cond" truecount="2" falsecount="0"/>
        <line num="32" count="12" type="stmt"/>
        <line num="34" count="12" type="cond" truecount="2" falsecount="0"/>
        <line num="35" count="24" type="cond" truecount="3" falsecount="1"/>
        <line num="36" count="24" type="stmt"/>
        <line num="39" count="3" type="stmt"/>
        <line num="40" count="12" type="stmt"/>
        <line num="41" count="12" type="stmt"/>
        <line num="42" count="12" type="stmt"/>
        <line num="43" count="12" type="stmt"/>
        <line num="46" count="3" type="stmt"/>
        <line num="51" count="24" type="cond" truecount="1" falsecount="1"/>
      </file>
      <file name="dateRangeDropdown.tsx" path="/home/julian/development/ui/src/components/DatePicker/dateRangeDropdown.tsx">
        <metrics statements="22" coveredstatements="19" conditionals="17" coveredconditionals="12" methods="6" coveredmethods="6"/>
        <line num="1" count="1" type="stmt"/>
        <line num="26" count="4" type="stmt"/>
        <line num="28" count="4" type="stmt"/>
        <line num="29" count="1" type="stmt"/>
        <line num="30" count="1" type="stmt"/>
        <line num="33" count="4" type="stmt"/>
        <line num="34" count="4" type="cond" truecount="5" falsecount="2"/>
        <line num="38" count="2" type="stmt"/>
        <line num="46" count="1" type="stmt"/>
        <line num="53" count="0" type="stmt"/>
        <line num="61" count="1" type="stmt"/>
        <line num="70" count="4" type="stmt"/>
        <line num="89" count="2" type="stmt"/>
        <line num="90" count="2" type="stmt"/>
        <line num="93" count="1" type="stmt"/>
        <line num="94" count="1" type="stmt"/>
        <line num="97" count="2" type="cond" truecount="3" falsecount="1"/>
        <line num="98" count="2" type="stmt"/>
        <line num="99" count="2" type="stmt"/>
        <line num="100" count="2" type="stmt"/>
        <line num="101" count="0" type="cond" truecount="0" falsecount="2"/>
        <line num="102" count="0" type="stmt"/>
      </file>
      <file name="monthPicker.tsx" path="/home/julian/development/ui/src/components/DatePicker/monthPicker.tsx">
        <metrics statements="38" coveredstatements="29" conditionals="26" coveredconditionals="16" methods="10" coveredmethods="8"/>
        <line num="1" count="2" type="stmt"/>
        <line num="19" count="5" type="cond" truecount="1" falsecount="0"/>
        <line num="20" count="4" type="stmt"/>
        <line num="21" count="4" type="stmt"/>
        <line num="22" count="4" type="stmt"/>
        <line num="23" count="4" type="stmt"/>
        <line num="24" count="4" type="stmt"/>
        <line num="26" count="4" type="stmt"/>
        <line num="27" count="3" type="cond" truecount="2" falsecount="0"/>
        <line num="28" count="3" type="stmt"/>
        <line num="30" count="4" type="stmt"/>
        <line num="31" count="4" type="cond" truecount="1" falsecount="1"/>
        <line num="36" count="0" type="stmt"/>
        <line num="37" count="0" type="cond" truecount="0" falsecount="2"/>
        <line num="38" count="0" type="stmt"/>
        <line num="39" count="0" type="stmt"/>
        <line num="40" count="0" type="cond" truecount="0" falsecount="4"/>
        <line num="41" count="0" type="stmt"/>
        <line num="45" count="4" type="stmt"/>
        <line num="46" count="2" type="stmt"/>
        <line num="47" count="2" type="stmt"/>
        <line num="48" count="2" type="stmt"/>
        <line num="51" count="4" type="stmt"/>
        <line num="52" count="1" type="stmt"/>
        <line num="55" count="4" type="stmt"/>
        <line num="56" count="4" type="cond" truecount="2" falsecount="0"/>
        <line num="58" count="4" type="stmt"/>
        <line num="59" count="0" type="cond" truecount="0" falsecount="2"/>
        <line num="60" count="0" type="stmt"/>
        <line num="62" count="0" type="stmt"/>
        <line num="65" count="4" type="stmt"/>
        <line num="66" count="1" type="stmt"/>
        <line num="69" count="4" type="stmt"/>
        <line num="107" count="48" type="stmt"/>
        <line num="109" count="48" type="cond" truecount="4" falsecount="0"/>
        <line num="111" count="48" type="cond" truecount="2" falsecount="0"/>
        <line num="113" count="48" type="stmt"/>
        <line num="119" count="2" type="cond" truecount="1" falsecount="1"/>
      </file>
      <file name="scrollColumnConstants.ts" path="/home/julian/development/ui/src/components/DatePicker/scrollColumnConstants.ts">
        <metrics statements="7" coveredstatements="7" conditionals="0" coveredconditionals="0" methods="3" coveredmethods="3"/>
        <line num="1" count="3" type="stmt"/>
        <line num="2" count="3" type="stmt"/>
        <line num="3" count="3" type="stmt"/>
        <line num="4" count="72" type="stmt"/>
        <line num="5" count="36" type="stmt"/>
        <line num="6" count="180" type="stmt"/>
        <line num="7" count="3" type="stmt"/>
      </file>
      <file name="useDatePickerState.ts" path="/home/julian/development/ui/src/components/DatePicker/useDatePickerState.ts">
        <metrics statements="89" coveredstatements="66" conditionals="84" coveredconditionals="56" methods="23" coveredmethods="18"/>
        <line num="1" count="1" type="stmt"/>
        <line num="26" count="62" type="stmt"/>
        <line num="28" count="62" type="stmt"/>
        <line num="29" count="124" type="cond" truecount="2" falsecount="0"/>
        <line num="30" count="42" type="stmt"/>
        <line num="32" count="82" type="cond" truecount="1" falsecount="1"/>
        <line num="33" count="0" type="stmt"/>
        <line num="35" count="82" type="cond" truecount="1" falsecount="1"/>
        <line num="36" count="82" type="stmt"/>
        <line num="38" count="0" type="stmt"/>
        <line num="41" count="62" type="stmt"/>
        <line num="42" count="62" type="stmt"/>
        <line num="43" count="62" type="stmt"/>
        <line num="44" count="62" type="stmt"/>
        <line num="45" count="62" type="stmt"/>
        <line num="46" count="62" type="stmt"/>
        <line num="48" count="62" type="stmt"/>
        <line num="49" count="62" type="cond" truecount="2" falsecount="0"/>
        <line num="50" count="62" type="cond" truecount="3" falsecount="0"/>
        <line num="51" count="62" type="cond" truecount="2" falsecount="0"/>
        <line num="52" count="62" type="cond" truecount="2" falsecount="0"/>
        <line num="53" count="62" type="stmt"/>
        <line num="54" count="32" type="cond" truecount="2" falsecount="0"/>
        <line num="57" count="62" type="stmt"/>
        <line num="59" count="0" type="stmt"/>
        <line num="60" count="0" type="stmt"/>
        <line num="61" count="0" type="cond" truecount="0" falsecount="2"/>
        <line num="62" count="0" type="stmt"/>
        <line num="63" count="0" type="stmt"/>
        <line num="66" count="0" type="cond" truecount="0" falsecount="2"/>
        <line num="67" count="0" type="stmt"/>
        <line num="69" count="0" type="cond" truecount="0" falsecount="2"/>
        <line num="70" count="0" type="stmt"/>
        <line num="72" count="0" type="stmt"/>
        <line num="78" count="62" type="cond" truecount="2" falsecount="0"/>
        <line num="84" count="16" type="stmt"/>
        <line num="85" count="16" type="cond" truecount="5" falsecount="0"/>
        <line num="86" count="5" type="cond" truecount="2" falsecount="0"/>
        <line num="87" count="1" type="cond" truecount="1" falsecount="1"/>
        <line num="88" count="1" type="cond" truecount="1" falsecount="1"/>
        <line num="89" count="1" type="stmt"/>
        <line num="90" count="4" type="cond" truecount="1" falsecount="1"/>
        <line num="91" count="0" type="stmt"/>
        <line num="92" count="0" type="cond" truecount="0" falsecount="2"/>
        <line num="93" count="0" type="cond" truecount="0" falsecount="2"/>
        <line num="94" count="0" type="stmt"/>
        <line num="95" count="0" type="stmt"/>
        <line num="96" count="0" type="stmt"/>
        <line num="101" count="62" type="stmt"/>
        <line num="102" count="21" type="cond" truecount="2" falsecount="0"/>
        <line num="103" count="20" type="stmt"/>
        <line num="106" count="1" type="cond" truecount="1" falsecount="1"/>
        <line num="107" count="21" type="stmt"/>
        <line num="112" count="21" type="stmt"/>
        <line num="115" count="62" type="cond" truecount="2" falsecount="0"/>
        <line num="116" count="3" type="stmt"/>
        <line num="117" count="3" type="stmt"/>
        <line num="118" count="3" type="cond" truecount="4" falsecount="0"/>
        <line num="119" count="1" type="stmt"/>
        <line num="121" count="2" type="stmt"/>
        <line num="122" count="2" type="cond" truecount="2" falsecount="0"/>
        <line num="126" count="62" type="stmt"/>
        <line num="128" count="3" type="cond" truecount="1" falsecount="1"/>
        <line num="129" count="0" type="stmt"/>
        <line num="130" count="0" type="stmt"/>
        <line num="131" count="0" type="stmt"/>
        <line num="134" count="3" type="stmt"/>
        <line num="135" count="3" type="cond" truecount="1" falsecount="1"/>
        <line num="136" count="3" type="cond" truecount="2" falsecount="2"/>
        <line num="137" count="3" type="stmt"/>
        <line num="139" count="0" type="cond" truecount="0" falsecount="2"/>
        <line num="140" count="3" type="cond" truecount="0" falsecount="2"/>
        <line num="142" count="3" type="cond" truecount="1" falsecount="1"/>
        <line num="147" count="62" type="stmt"/>
        <line num="148" count="23" type="stmt"/>
        <line num="149" count="2310" type="cond" truecount="2" falsecount="0"/>
        <line num="154" count="62" type="stmt"/>
        <line num="155" count="20" type="stmt"/>
        <line num="162" count="62" type="stmt"/>
        <line num="163" count="40" type="cond" truecount="2" falsecount="0"/>
        <line num="164" count="19" type="stmt"/>
        <line num="167" count="21" type="cond" truecount="1" falsecount="1"/>
        <line num="168" count="40" type="cond" truecount="1" falsecount="1"/>
        <line num="169" count="0" type="stmt"/>
        <line num="172" count="21" type="cond" truecount="2" falsecount="0"/>
        <line num="173" count="14" type="stmt"/>
        <line num="176" count="7" type="cond" truecount="1" falsecount="1"/>
        <line num="177" count="40" type="stmt"/>
        <line num="180" count="62" type="stmt"/>
      </file>
      <file name="useDatePickerVisibility.ts" path="/home/julian/development/ui/src/components/DatePicker/useDatePickerVisibility.ts">
        <metrics statements="33" coveredstatements="26" conditionals="6" coveredconditionals="4" methods="7" coveredmethods="5"/>
        <line num="1" count="1" type="stmt"/>
        <line num="4" count="62" type="stmt"/>
        <line num="5" count="62" type="stmt"/>
        <line num="6" count="62" type="stmt"/>
        <line num="7" count="62" type="stmt"/>
        <line num="8" count="62" type="stmt"/>
        <line num="10" count="62" type="stmt"/>
        <line num="12" count="19" type="cond" truecount="2" falsecount="0"/>
        <line num="13" count="4" type="stmt"/>
        <line num="19" count="62" type="stmt"/>
        <line num="20" count="4" type="stmt"/>
        <line num="21" count="4" type="cond" truecount="1" falsecount="1"/>
        <line num="22" count="0" type="stmt"/>
        <line num="24" count="4" type="stmt"/>
        <line num="25" count="0" type="stmt"/>
        <line num="26" count="0" type="stmt"/>
        <line num="30" count="62" type="stmt"/>
        <line num="31" count="11" type="stmt"/>
        <line num="32" count="11" type="cond" truecount="1" falsecount="1"/>
        <line num="33" count="0" type="stmt"/>
        <line num="34" count="0" type="stmt"/>
        <line num="36" count="11" type="stmt"/>
        <line num="37" count="11" type="stmt"/>
        <line num="38" count="11" type="stmt"/>
        <line num="41" count="62" type="stmt"/>
        <line num="42" count="0" type="stmt"/>
        <line num="43" count="0" type="stmt"/>
        <line num="46" count="62" type="stmt"/>
        <line num="47" count="4" type="stmt"/>
        <line num="48" count="4" type="stmt"/>
        <line num="49" count="4" type="stmt"/>
        <line num="50" count="4" type="stmt"/>
        <line num="53" count="62" type="stmt"/>
      </file>
      <file name="yearPicker.tsx" path="/home/julian/development/ui/src/components/DatePicker/yearPicker.tsx">
        <metrics statements="43" coveredstatements="43" conditionals="28" coveredconditionals="23" methods="10" coveredmethods="10"/>
        <line num="1" count="2" type="stmt"/>
        <line num="23" count="5" type="stmt"/>
        <line num="32" count="7" type="stmt"/>
        <line num="33" count="7" type="stmt"/>
        <line num="34" count="7" type="stmt"/>
        <line num="35" count="7" type="stmt"/>
        <line num="36" count="7" type="stmt"/>
        <line num="37" count="7" type="cond" truecount="4" falsecount="0"/>
        <line num="38" count="7" type="stmt"/>
        <line num="40" count="7" type="stmt"/>
        <line num="41" count="4" type="cond" truecount="2" falsecount="0"/>
        <line num="44" count="7" type="stmt"/>
        <line num="45" count="2" type="stmt"/>
        <line num="46" count="2" type="stmt"/>
        <line num="47" count="2" type="stmt"/>
        <line num="50" count="7" type="stmt"/>
        <line num="51" count="7" type="stmt"/>
        <line num="53" count="7" type="cond" truecount="2" falsecount="0"/>
        <line num="55" count="7" type="stmt"/>
        <line num="56" count="2" type="cond" truecount="1" falsecount="1"/>
        <line num="57" count="2" type="stmt"/>
        <line num="58" count="2" type="cond" truecount="1" falsecount="1"/>
        <line num="59" count="2" type="stmt"/>
        <line num="62" count="7" type="stmt"/>
        <line num="63" count="1" type="stmt"/>
        <line num="66" count="7" type="stmt"/>
        <line num="67" count="7" type="stmt"/>
        <line num="68" count="2" type="stmt"/>
        <line num="70" count="7" type="stmt"/>
        <line num="71" count="2" type="cond" truecount="1" falsecount="1"/>
        <line num="72" count="2" type="stmt"/>
        <line num="74" count="2" type="cond" truecount="2" falsecount="0"/>
        <line num="75" count="1" type="stmt"/>
        <line num="76" count="1" type="cond" truecount="1" falsecount="1"/>
        <line num="77" count="1" type="stmt"/>
        <line num="80" count="2" type="stmt"/>
        <line num="82" count="51" type="stmt"/>
        <line num="83" count="7" type="cond" truecount="2" falsecount="0"/>
        <line num="85" count="7" type="stmt"/>
        <line num="119" count="51" type="stmt"/>
        <line num="120" count="51" type="cond" truecount="2" falsecount="0"/>
        <line num="122" count="51" type="stmt"/>
        <line num="128" count="2" type="cond" truecount="1" falsecount="1"/>
      </file>
    </package>
    <package name="development.ui.src.components.QRCode">
      <metrics statements="73" coveredstatements="15" conditionals="59" coveredconditionals="22" methods="7" coveredmethods="2"/>
      <file name="DynamicQrProgress.tsx" path="/home/julian/development/ui/src/components/QRCode/DynamicQrProgress.tsx">
        <metrics statements="5" coveredstatements="5" conditionals="5" coveredconditionals="3" methods="1" coveredmethods="1"/>
        <line num="1" count="1" type="stmt"/>
        <line num="11" count="4" type="stmt"/>
        <line num="12" count="4" type="cond" truecount="1" falsecount="1"/>
        <line num="13" count="4" type="cond" truecount="1" falsecount="1"/>
        <line num="15" count="4" type="stmt"/>
      </file>
      <file name="QRCodeShareButton.tsx" path="/home/julian/development/ui/src/components/QRCode/QRCodeShareButton.tsx">
        <metrics statements="68" coveredstatements="10" conditionals="54" coveredconditionals="19" methods="6" coveredmethods="1"/>
        <line num="1" count="1" type="stmt"/>
        <line num="9" count="1" type="stmt"/>
        <line num="40" count="1" type="stmt"/>
        <line num="61" count="3" type="stmt"/>
        <line num="62" count="3" type="stmt"/>
        <line num="64" count="3" type="stmt"/>
        <line num="66" count="3" type="stmt"/>
        <line num="67" count="0" type="cond" truecount="0" falsecount="4"/>
        <line num="68" count="0" type="stmt"/>
        <line num="71" count="0" type="cond" truecount="0" falsecount="2"/>
        <line num="73" count="0" type="stmt"/>
        <line num="74" count="0" type="stmt"/>
        <line num="76" count="0" type="cond" truecount="0" falsecount="2"/>
        <line num="77" count="0" type="stmt"/>
        <line num="80" count="0" type="cond" truecount="0" falsecount="2"/>
        <line num="81" count="0" type="stmt"/>
        <line num="83" count="0" type="stmt"/>
        <line num="84" count="0" type="stmt"/>
        <line num="86" count="0" type="cond" truecount="0" falsecount="2"/>
        <line num="87" count="0" type="stmt"/>
        <line num="88" count="0" type="cond" truecount="0" falsecount="2"/>
        <line num="89" count="0" type="stmt"/>
        <line num="90" count="0" type="stmt"/>
        <line num="91" count="0" type="stmt"/>
        <line num="92" count="0" type="stmt"/>
        <line num="94" count="0" type="stmt"/>
        <line num="95" count="0" type="stmt"/>
        <line num="101" count="0" type="stmt"/>
        <line num="102" count="0" type="stmt"/>
        <line num="103" count="0" type="cond" truecount="0" falsecount="2"/>
        <line num="104" count="0" type="stmt"/>
        <line num="106" count="0" type="stmt"/>
        <line num="111" count="0" type="stmt"/>
        <line num="112" count="0" type="stmt"/>
        <line num="115" count="0" type="cond" truecount="0" falsecount="4"/>
        <line num="116" count="0" type="stmt"/>
        <line num="119" count="0" type="stmt"/>
        <line num="120" count="0" type="stmt"/>
        <line num="124" count="0" type="cond" truecount="0" falsecount="2"/>
        <line num="125" count="0" type="stmt"/>
        <line num="126" count="0" type="stmt"/>
        <line num="128" count="0" type="cond" truecount="0" falsecount="4"/>
        <line num="129" count="0" type="stmt"/>
        <line num="130" count="0" type="stmt"/>
        <line num="131" count="0" type="stmt"/>
        <line num="132" count="0" type="stmt"/>
        <line num="133" count="0" type="stmt"/>
        <line num="134" count="0" type="stmt"/>
        <line num="136" count="0" type="stmt"/>
        <line num="137" count="0" type="stmt"/>
        <line num="138" count="0" type="stmt"/>
        <line num="142" count="0" type="cond" truecount="0" falsecount="2"/>
        <line num="143" count="0" type="stmt"/>
        <line num="146" count="0" type="cond" truecount="0" falsecount="4"/>
        <line num="147" count="0" type="stmt"/>
        <line num="148" count="0" type="stmt"/>
        <line num="149" count="0" type="stmt"/>
        <line num="150" count="0" type="stmt"/>
        <line num="151" count="0" type="stmt"/>
        <line num="152" count="0" type="stmt"/>
        <line num="153" count="0" type="stmt"/>
        <line num="155" count="0" type="stmt"/>
        <line num="156" count="0" type="stmt"/>
        <line num="159" count="0" type="stmt"/>
        <line num="165" count="3" type="cond" truecount="2" falsecount="0"/>
        <line num="169" count="3" type="cond" truecount="2" falsecount="0"/>
        <line num="171" count="3" type="stmt"/>
        <line num="177" count="0" type="stmt"/>
      </file>
    </package>
    <package name="development.ui.src.components.TruncatedText">
      <metrics statements="191" coveredstatements="123" conditionals="196" coveredconditionals="125" methods="48" coveredmethods="34"/>
      <file name="TruncatedLinkPopover.tsx" path="/home/julian/development/ui/src/components/TruncatedText/TruncatedLinkPopover.tsx">
        <metrics statements="79" coveredstatements="34" conditionals="47" coveredconditionals="22" methods="21" coveredmethods="9"/>
        <line num="1" count="1" type="cond" truecount="3" falsecount="2"/>
        <line num="35" count="3" type="stmt"/>
        <line num="36" count="3" type="stmt"/>
        <line num="37" count="3" type="stmt"/>
        <line num="38" count="3" type="stmt"/>
        <line num="39" count="3" type="stmt"/>
        <line num="40" count="3" type="stmt"/>
        <line num="41" count="3" type="cond" truecount="2" falsecount="0"/>
        <line num="42" count="3" type="stmt"/>
        <line num="43" count="3" type="stmt"/>
        <line num="45" count="3" type="stmt"/>
        <line num="46" count="2" type="cond" truecount="1" falsecount="1"/>
        <line num="47" count="0" type="stmt"/>
        <line num="48" count="0" type="stmt"/>
        <line num="52" count="3" type="stmt"/>
        <line num="53" count="2" type="cond" truecount="1" falsecount="1"/>
        <line num="54" count="0" type="stmt"/>
        <line num="55" count="0" type="stmt"/>
        <line num="59" count="3" type="stmt"/>
        <line num="60" count="0" type="stmt"/>
        <line num="61" count="0" type="stmt"/>
        <line num="62" count="0" type="stmt"/>
        <line num="63" count="0" type="stmt"/>
        <line num="67" count="3" type="stmt"/>
        <line num="68" count="0" type="stmt"/>
        <line num="69" count="0" type="stmt"/>
        <line num="70" count="0" type="stmt"/>
        <line num="71" count="0" type="stmt"/>
        <line num="74" count="3" type="stmt"/>
        <line num="75" count="0" type="stmt"/>
        <line num="76" count="0" type="stmt"/>
        <line num="77" count="0" type="stmt"/>
        <line num="78" count="0" type="stmt"/>
        <line num="79" count="0" type="stmt"/>
        <line num="80" count="0" type="stmt"/>
        <line num="84" count="3" type="stmt"/>
        <line num="85" count="0" type="stmt"/>
        <line num="88" count="3" type="stmt"/>
        <line num="89" count="3" type="stmt"/>
        <line num="90" count="2" type="stmt"/>
        <line num="91" count="2" type="stmt"/>
        <line num="95" count="3" type="stmt"/>
        <line num="96" count="3" type="cond" truecount="1" falsecount="1"/>
        <line num="97" count="3" type="stmt"/>
        <line num="101" count="3" type="stmt"/>
        <line num="102" count="3" type="cond" truecount="3" falsecount="1"/>
        <line num="103" count="3" type="stmt"/>
        <line num="106" count="0" type="stmt"/>
        <line num="107" count="0" type="cond" truecount="0" falsecount="2"/>
        <line num="108" count="0" type="stmt"/>
        <line num="111" count="0" type="stmt"/>
        <line num="112" count="0" type="stmt"/>
        <line num="114" count="0" type="cond" truecount="0" falsecount="2"/>
        <line num="115" count="0" type="stmt"/>
        <line num="116" count="0" type="stmt"/>
        <line num="119" count="0" type="stmt"/>
        <line num="122" count="0" type="stmt"/>
        <line num="124" count="0" type="cond" truecount="0" falsecount="2"/>
        <line num="125" count="0" type="stmt"/>
        <line num="126" count="0" type="stmt"/>
        <line num="127" count="0" type="stmt"/>
        <line num="128" count="0" type="stmt"/>
        <line num="131" count="0" type="stmt"/>
        <line num="132" count="0" type="stmt"/>
        <line num="136" count="0" type="stmt"/>
        <line num="137" count="0" type="stmt"/>
        <line num="138" count="0" type="stmt"/>
        <line num="142" count="3" type="cond" truecount="1" falsecount="2"/>
        <line num="143" count="3" type="stmt"/>
        <line num="144" count="3" type="stmt"/>
        <line num="149" count="3" type="cond" truecount="1" falsecount="3"/>
        <line num="151" count="3" type="cond" truecount="1" falsecount="1"/>
        <line num="152" count="0" type="stmt"/>
        <line num="170" count="3" type="stmt"/>
        <line num="189" count="0" type="stmt"/>
        <line num="193" count="0" type="cond" truecount="0" falsecount="2"/>
        <line num="194" count="0" type="stmt"/>
        <line num="195" count="0" type="stmt"/>
        <line num="196" count="0" type="stmt"/>
      </file>
      <file name="TruncatedTextPopover.tsx" path="/home/julian/development/ui/src/components/TruncatedText/TruncatedTextPopover.tsx">
        <metrics statements="35" coveredstatements="30" conditionals="42" coveredconditionals="35" methods="9" coveredmethods="8"/>
        <line num="1" count="4" type="cond" truecount="3" falsecount="2"/>
        <line num="31" count="26" type="stmt"/>
        <line num="32" count="26" type="stmt"/>
        <line num="33" count="26" type="stmt"/>
        <line num="34" count="26" type="stmt"/>
        <line num="40" count="26" type="stmt"/>
        <line num="41" count="16" type="cond" truecount="4" falsecount="0"/>
        <line num="42" count="10" type="stmt"/>
        <line num="45" count="6" type="stmt"/>
        <line num="46" count="6" type="cond" truecount="1" falsecount="1"/>
        <line num="47" count="0" type="stmt"/>
        <line num="50" count="6" type="stmt"/>
        <line num="51" count="12" type="stmt"/>
        <line num="53" count="12" type="cond" truecount="1" falsecount="1"/>
        <line num="54" count="12" type="stmt"/>
        <line num="55" count="12" type="stmt"/>
        <line num="58" count="0" type="stmt"/>
        <line num="61" count="6" type="stmt"/>
        <line num="63" count="6" type="cond" truecount="1" falsecount="1"/>
        <line num="64" count="6" type="stmt"/>
        <line num="65" count="6" type="stmt"/>
        <line num="66" count="6" type="stmt"/>
        <line num="67" count="6" type="stmt"/>
        <line num="70" count="6" type="stmt"/>
        <line num="71" count="1" type="stmt"/>
        <line num="75" count="0" type="stmt"/>
        <line num="76" count="0" type="stmt"/>
        <line num="77" count="0" type="stmt"/>
        <line num="81" count="26" type="cond" truecount="3" falsecount="0"/>
        <line num="82" count="26" type="stmt"/>
        <line num="83" count="26" type="stmt"/>
        <line num="89" count="12" type="stmt"/>
        <line num="140" count="26" type="cond" truecount="2" falsecount="0"/>
        <line num="141" count="14" type="stmt"/>
        <line num="155" count="12" type="cond" truecount="1" falsecount="1"/>
      </file>
      <file name="truncated-text.ts" path="/home/julian/development/ui/src/components/TruncatedText/truncated-text.ts">
        <metrics statements="77" coveredstatements="59" conditionals="107" coveredconditionals="68" methods="18" coveredmethods="17"/>
        <line num="1" count="5" type="cond" truecount="3" falsecount="2"/>
        <line num="4" count="8828" type="stmt"/>
        <line num="21" count="85" type="stmt"/>
        <line num="22" count="8828" type="stmt"/>
        <line num="23" count="8828" type="cond" truecount="1" falsecount="1"/>
        <line num="24" count="0" type="stmt"/>
        <line num="27" count="8828" type="cond" truecount="1" falsecount="1"/>
        <line num="32" count="49" type="stmt"/>
        <line num="36" count="52" type="stmt"/>
        <line num="37" count="52" type="stmt"/>
        <line num="47" count="15" type="stmt"/>
        <line num="49" count="15" type="cond" truecount="1" falsecount="1"/>
        <line num="50" count="15" type="stmt"/>
        <line num="53" count="3936" type="stmt"/>
        <line num="56" count="0" type="stmt"/>
        <line num="60" count="10" type="stmt"/>
        <line num="62" count="10" type="cond" truecount="1" falsecount="1"/>
        <line num="63" count="0" type="stmt"/>
        <line num="66" count="10" type="stmt"/>
        <line num="67" count="10" type="stmt"/>
        <line num="71" count="5" type="stmt"/>
        <line num="73" count="5" type="cond" truecount="1" falsecount="1"/>
        <line num="74" count="0" type="stmt"/>
        <line num="77" count="5" type="cond" truecount="1" falsecount="1"/>
        <line num="78" count="0" type="stmt"/>
        <line num="81" count="5" type="cond" truecount="1" falsecount="1"/>
        <line num="82" count="0" type="stmt"/>
        <line num="85" count="5" type="stmt"/>
        <line num="86" count="5" type="stmt"/>
        <line num="87" count="5" type="stmt"/>
        <line num="89" count="5" type="stmt"/>
        <line num="93" count="15" type="cond" truecount="2" falsecount="2"/>
        <line num="94" count="0" type="stmt"/>
        <line num="97" count="15" type="cond" truecount="2" falsecount="0"/>
        <line num="98" count="15" type="stmt"/>
        <line num="99" count="15" type="cond" truecount="2" falsecount="0"/>
        <line num="101" count="15" type="cond" truecount="1" falsecount="1"/>
        <line num="102" count="0" type="stmt"/>
        <line num="103" count="0" type="cond" truecount="0" falsecount="2"/>
        <line num="106" count="15" type="stmt"/>
        <line num="110" count="58" type="cond" truecount="1" falsecount="1"/>
        <line num="111" count="0" type="stmt"/>
        <line num="114" count="58" type="cond" truecount="2" falsecount="2"/>
        <line num="115" count="58" type="stmt"/>
        <line num="118" count="0" type="cond" truecount="0" falsecount="2"/>
        <line num="119" count="0" type="stmt"/>
        <line num="122" count="0" type="cond" truecount="0" falsecount="2"/>
        <line num="123" count="0" type="stmt"/>
        <line num="124" count="0" type="stmt"/>
        <line num="127" count="0" type="stmt"/>
        <line num="146" count="29" type="cond" truecount="2" falsecount="0"/>
        <line num="147" count="29" type="stmt"/>
        <line num="148" count="29" type="stmt"/>
        <line num="149" count="29" type="stmt"/>
        <line num="150" count="29" type="stmt"/>
        <line num="151" count="29" type="stmt"/>
        <line num="152" count="29" type="cond" truecount="2" falsecount="0"/>
        <line num="153" count="3" type="cond" truecount="2" falsecount="2"/>
        <line num="154" count="3" type="stmt"/>
        <line num="157" count="26" type="cond" truecount="1" falsecount="1"/>
        <line num="158" count="0" type="cond" truecount="0" falsecount="4"/>
        <line num="159" count="0" type="stmt"/>
        <line num="163" count="26" type="cond" truecount="2" falsecount="0"/>
        <line num="164" count="2" type="stmt"/>
        <line num="167" count="24" type="cond" truecount="2" falsecount="0"/>
        <line num="173" count="10" type="stmt"/>
        <line num="176" count="14" type="stmt"/>
        <line num="178" count="29" type="stmt"/>
        <line num="181" count="29" type="cond" truecount="2" falsecount="0"/>
        <line num="184" count="26" type="cond" truecount="2" falsecount="0"/>
        <line num="185" count="2" type="stmt"/>
        <line num="188" count="24" type="cond" truecount="2" falsecount="0"/>
        <line num="189" count="22" type="cond" truecount="2" falsecount="0"/>
        <line num="190" count="22" type="cond" truecount="2" falsecount="0"/>
        <line num="192" count="22" type="cond" truecount="2" falsecount="0"/>
        <line num="195" count="2" type="cond" truecount="2" falsecount="0"/>
        <line num="198" count="29" type="stmt"/>
      </file>
    </package>
    <package name="development.ui.src.components.context">
      <metrics statements="4" coveredstatements="4" conditionals="8" coveredconditionals="8" methods="2" coveredmethods="2"/>
      <file name="MenuOption.tsx" path="/home/julian/development/ui/src/components/context/MenuOption.tsx">
        <metrics statements="2" coveredstatements="2" conditionals="8" coveredconditionals="8" methods="1" coveredmethods="1"/>
        <line num="1" count="7" type="stmt"/>
        <line num="16" count="11" type="stmt"/>
      </file>
      <file name="SearchEmptyState.tsx" path="/home/julian/development/ui/src/components/context/SearchEmptyState.tsx">
        <metrics statements="2" coveredstatements="2" conditionals="0" coveredconditionals="0" methods="1" coveredmethods="1"/>
        <line num="1" count="3" type="stmt"/>
        <line num="16" count="2" type="stmt"/>
      </file>
    </package>
    <package name="development.ui.src.components.context.currency">
      <metrics statements="64" coveredstatements="41" conditionals="52" coveredconditionals="25" methods="23" coveredmethods="15"/>
      <file name="CurrencySelector.tsx" path="/home/julian/development/ui/src/components/context/currency/CurrencySelector.tsx">
        <metrics statements="55" coveredstatements="35" conditionals="48" coveredconditionals="24" methods="21" coveredmethods="14"/>
        <line num="1" count="2" type="stmt"/>
        <line num="17" count="6" type="stmt"/>
        <line num="22" count="516" type="stmt"/>
        <line num="24" count="516" type="cond" truecount="2" falsecount="0"/>
        <line num="25" count="489" type="stmt"/>
        <line num="28" count="27" type="stmt"/>
        <line num="36" count="522" type="stmt"/>
        <line num="40" count="522" type="stmt"/>
        <line num="43" count="3" type="stmt"/>
        <line num="58" count="3" type="stmt"/>
        <line num="60" count="3" type="stmt"/>
        <line num="75" count="516" type="stmt"/>
        <line num="82" count="3" type="stmt"/>
        <line num="87" count="3" type="stmt"/>
        <line num="90" count="516" type="stmt"/>
        <line num="108" count="522" type="stmt"/>
        <line num="109" count="522" type="stmt"/>
        <line num="111" count="522" type="stmt"/>
        <line num="117" count="0" type="stmt"/>
[...]
        <line num="99" count="6" type="stmt"/>
        <line num="107" count="0" type="cond" truecount="0" falsecount="2"/>
        <line num="108" count="0" type="stmt"/>
        <line num="110" count="0" type="cond" truecount="0" falsecount="2"/>
        <line num="111" count="0" type="stmt"/>
        <line num="113" count="0" type="stmt"/>
        <line num="114" count="0" type="stmt"/>
        <line num="121" count="0" type="stmt"/>
        <line num="131" count="4" type="cond" truecount="1" falsecount="1"/>
        <line num="132" count="4" type="stmt"/>
        <line num="134" count="0" type="cond" truecount="0" falsecount="2"/>
        <line num="135" count="0" type="stmt"/>
        <line num="137" count="0" type="cond" truecount="0" falsecount="4"/>
        <line num="138" count="0" type="stmt"/>
        <line num="139" count="0" type="stmt"/>
        <line num="141" count="0" type="stmt"/>
      </file>
      <file name="dynamic-qr.ts" path="/home/julian/development/ui/src/lib/dynamic-qr.ts">
        <metrics statements="90" coveredstatements="88" conditionals="61" coveredconditionals="58" methods="22" coveredmethods="22"/>
        <line num="1" count="2" type="stmt"/>
        <line num="2" count="2" type="stmt"/>
        <line num="3" count="2" type="stmt"/>
        <line num="4" count="2" type="stmt"/>
        <line num="40" count="63" type="stmt"/>
        <line num="41" count="63" type="stmt"/>
        <line num="42" count="63" type="stmt"/>
        <line num="43" count="63" type="stmt"/>
        <line num="47" count="34" type="stmt"/>
        <line num="51" count="2" type="stmt"/>
        <line num="52" count="38" type="cond" truecount="2" falsecount="0"/>
        <line num="53" count="38" type="stmt"/>
        <line num="57" count="32" type="cond" truecount="2" falsecount="0"/>
        <line num="59" count="32" type="cond" truecount="2" falsecount="0"/>
        <line num="60" count="1" type="stmt"/>
        <line num="63" count="31" type="stmt"/>
        <line num="64" count="31" type="stmt"/>
        <line num="65" count="31" type="stmt"/>
        <line num="67" count="31" type="cond" truecount="4" falsecount="1"/>
        <line num="68" count="0" type="stmt"/>
        <line num="71" count="31" type="stmt"/>
        <line num="72" count="31" type="stmt"/>
        <line num="74" count="31" type="cond" truecount="4" falsecount="0"/>
        <line num="75" count="1" type="stmt"/>
        <line num="78" count="30" type="cond" truecount="5" falsecount="0"/>
        <line num="79" count="3" type="stmt"/>
        <line num="82" count="27" type="stmt"/>
        <line num="84" count="27" type="stmt"/>
        <line num="88" count="4" type="stmt"/>
        <line num="89" count="4" type="stmt"/>
        <line num="92" count="4" type="stmt"/>
        <line num="93" count="4" type="stmt"/>
        <line num="97" count="27" type="cond" truecount="2" falsecount="0"/>
        <line num="99" count="27" type="cond" truecount="2" falsecount="0"/>
        <line num="100" count="1" type="stmt"/>
        <line num="103" count="27" type="stmt"/>
        <line num="104" count="27" type="stmt"/>
        <line num="106" count="27" type="cond" truecount="2" falsecount="0"/>
        <line num="107" count="24" type="stmt"/>
        <line num="110" count="3" type="stmt"/>
        <line num="112" count="3" type="stmt"/>
        <line num="113" count="25" type="stmt"/>
        <line num="114" count="25" type="cond" truecount="1" falsecount="1"/>
        <line num="115" count="0" type="stmt"/>
        <line num="118" count="25" type="stmt"/>
        <line num="121" count="3" type="stmt"/>
        <line num="122" count="3" type="stmt"/>
        <line num="126" count="3" type="stmt"/>
        <line num="130" count="1" type="stmt"/>
        <line num="134" count="3" type="stmt"/>
        <line num="139" count="8" type="cond" truecount="1" falsecount="0"/>
        <line num="141" count="8" type="cond" truecount="4" falsecount="0"/>
        <line num="142" count="2" type="stmt"/>
        <line num="146" count="6" type="cond" truecount="2" falsecount="0"/>
        <line num="148" count="30" type="stmt"/>
        <line num="150" count="31" type="stmt"/>
        <line num="154" count="6" type="cond" truecount="4" falsecount="0"/>
        <line num="155" count="2" type="stmt"/>
        <line num="158" count="4" type="stmt"/>
        <line num="162" count="13" type="cond" truecount="4" falsecount="0"/>
        <line num="163" count="2" type="stmt"/>
        <line num="166" count="11" type="stmt"/>
        <line num="174" count="7" type="cond" truecount="2" falsecount="0"/>
        <line num="175" count="1" type="stmt"/>
        <line num="178" count="6" type="cond" truecount="1" falsecount="1"/>
        <line num="180" count="7" type="cond" truecount="4" falsecount="0"/>
        <line num="181" count="2" type="stmt"/>
        <line num="184" count="4" type="stmt"/>
        <line num="185" count="4" type="stmt"/>
        <line num="187" count="4" type="stmt"/>
        <line num="188" count="8" type="stmt"/>
        <line num="191" count="4" type="stmt"/>
        <line num="192" count="4" type="cond" truecount="2" falsecount="0"/>
        <line num="193" count="3" type="stmt"/>
        <line num="194" count="3" type="stmt"/>
        <line num="198" count="4" type="stmt"/>
        <line num="199" count="5" type="cond" truecount="2" falsecount="0"/>
        <line num="200" count="1" type="stmt"/>
        <line num="203" count="4" type="stmt"/>
        <line num="205" count="4" type="stmt"/>
        <line num="206" count="4" type="stmt"/>
        <line num="207" count="4" type="stmt"/>
        <line num="211" count="4" type="stmt"/>
        <line num="212" count="1" type="stmt"/>
        <line num="213" count="1" type="stmt"/>
        <line num="216" count="4" type="cond" truecount="4" falsecount="0"/>
        <line num="217" count="2" type="stmt"/>
        <line num="220" count="4" type="stmt"/>
        <line num="224" count="5" type="stmt"/>
        <line num="227" count="4" type="stmt"/>
      </file>
      <file name="ui-i18n.ts" path="/home/julian/development/ui/src/lib/ui-i18n.ts">
        <metrics statements="28" coveredstatements="26" conditionals="35" coveredconditionals="24" methods="5" coveredmethods="5"/>
        <line num="7" count="39" type="stmt"/>
        <line num="296" count="1856" type="cond" truecount="2" falsecount="0"/>
        <line num="297" count="1818" type="stmt"/>
        <line num="300" count="38" type="stmt"/>
        <line num="303" count="11" type="stmt"/>
        <line num="304" count="11" type="cond" truecount="1" falsecount="1"/>
        <line num="305" count="11" type="cond" truecount="1" falsecount="1"/>
        <line num="306" count="11" type="cond" truecount="1" falsecount="3"/>
        <line num="310" count="38" type="stmt"/>
        <line num="311" count="27" type="stmt"/>
        <line num="312" count="27" type="cond" truecount="3" falsecount="1"/>
        <line num="317" count="2378" type="cond" truecount="2" falsecount="0"/>
        <line num="318" count="1165" type="stmt"/>
        <line num="321" count="1213" type="stmt"/>
        <line num="334" count="1932" type="stmt"/>
        <line num="335" count="1932" type="cond" truecount="2" falsecount="0"/>
        <line num="336" count="4" type="stmt"/>
        <line num="339" count="1928" type="stmt"/>
        <line num="340" count="1932" type="cond" truecount="2" falsecount="2"/>
        <line num="341" count="0" type="stmt"/>
        <line num="344" count="1928" type="cond" truecount="2" falsecount="0"/>
        <line num="345" count="14" type="stmt"/>
        <line num="348" count="1914" type="cond" truecount="4" falsecount="0"/>
        <line num="349" count="62" type="cond" truecount="2" falsecount="0"/>
        <line num="352" count="1852" type="stmt"/>
        <line num="353" count="1852" type="cond" truecount="1" falsecount="1"/>
        <line num="354" count="1852" type="stmt"/>
        <line num="357" count="0" type="cond" truecount="0" falsecount="2"/>
      </file>
      <file name="utils.ts" path="/home/julian/development/ui/src/lib/utils.ts">
        <metrics statements="1" coveredstatements="1" conditionals="0" coveredconditionals="0" methods="1" coveredmethods="1"/>
        <line num="5" count="24396" type="stmt"/>
      </file>
    </package>
    <package name="development.ui.src.stories.examples.button">
      <metrics statements="4" coveredstatements="4" conditionals="4" coveredconditionals="4" methods="1" coveredmethods="1"/>
      <file name="Button.tsx" path="/home/julian/development/ui/src/stories/examples/button/Button.tsx">
        <metrics statements="4" coveredstatements="4" conditionals="4" coveredconditionals="4" methods="1" coveredmethods="1"/>
        <line num="1" count="3" type="stmt"/>
        <line num="17" count="3" type="cond" truecount="2" falsecount="0"/>
        <line num="18" count="12" type="cond" truecount="2" falsecount="0"/>
        <line num="19" count="12" type="stmt"/>
      </file>
      <file name="button.css" path="/home/julian/development/ui/src/stories/examples/button/button.css">
        <metrics statements="0" coveredstatements="0" conditionals="0" coveredconditionals="0" methods="0" coveredmethods="0"/>
      </file>
    </package>
    <package name="development.ui.src.stories.examples.header">
      <metrics statements="3" coveredstatements="3" conditionals="2" coveredconditionals="2" methods="1" coveredmethods="1"/>
      <file name="Header.tsx" path="/home/julian/development/ui/src/stories/examples/header/Header.tsx">
        <metrics statements="3" coveredstatements="3" conditionals="2" coveredconditionals="2" methods="1" coveredmethods="1"/>
        <line num="1" count="2" type="stmt"/>
        <line num="15" count="2" type="stmt"/>
        <line num="16" count="5" type="stmt"/>
      </file>
      <file name="header.css" path="/home/julian/development/ui/src/stories/examples/header/header.css">
        <metrics statements="0" coveredstatements="0" conditionals="0" coveredconditionals="0" methods="0" coveredmethods="0"/>
      </file>
    </package>
    <package name="development.ui.src.stories.examples.page">
      <metrics statements="7" coveredstatements="5" conditionals="0" coveredconditionals="0" methods="4" coveredmethods="2"/>
      <file name="Page.tsx" path="/home/julian/development/ui/src/stories/examples/page/Page.tsx">
        <metrics statements="7" coveredstatements="5" conditionals="0" coveredconditionals="0" methods="4" coveredmethods="2"/>
        <line num="1" count="1" type="stmt"/>
        <line num="10" count="1" type="stmt"/>
        <line num="11" count="3" type="stmt"/>
        <line num="13" count="3" type="stmt"/>
        <line num="17" count="1" type="stmt"/>
        <line num="18" count="0" type="stmt"/>
        <line num="19" count="0" type="stmt"/>
      </file>
      <file name="page.css" path="/home/julian/development/ui/src/stories/examples/page/page.css">
        <metrics statements="0" coveredstatements="0" conditionals="0" coveredconditionals="0" methods="0" coveredmethods="0"/>
      </file>
    </package>
    <package name="development.ui.src.utils">
      <metrics statements="129" coveredstatements="80" conditionals="113" coveredconditionals="51" methods="39" coveredmethods="33"/>
      <file name="dateFormatResolver.ts" path="/home/julian/development/ui/src/utils/dateFormatResolver.ts">
        <metrics statements="22" coveredstatements="13" conditionals="23" coveredconditionals="12" methods="6" coveredmethods="6"/>
        <line num="11" count="9" type="cond" truecount="1" falsecount="1"/>
        <line num="12" count="0" type="stmt"/>
        <line num="15" count="9" type="cond" truecount="1" falsecount="1"/>
        <line num="19" count="9" type="stmt"/>
        <line num="20" count="9" type="stmt"/>
        <line num="26" count="45" type="cond" truecount="3" falsecount="0"/>
        <line num="27" count="27" type="stmt"/>
        <line num="30" count="0" type="stmt"/>
        <line num="35" count="9" type="cond" truecount="2" falsecount="1"/>
        <line num="37" count="9" type="cond" truecount="1" falsecount="1"/>
        <line num="38" count="9" type="stmt"/>
        <line num="41" count="0" type="cond" truecount="0" falsecount="2"/>
        <line num="42" count="0" type="stmt"/>
        <line num="45" count="0" type="cond" truecount="0" falsecount="2"/>
        <line num="46" count="0" type="stmt"/>
        <line num="49" count="0" type="stmt"/>
        <line num="57" count="9" type="cond" truecount="1" falsecount="1"/>
        <line num="58" count="0" type="stmt"/>
        <line num="61" count="9" type="stmt"/>
        <line num="62" count="9" type="cond" truecount="1" falsecount="1"/>
        <line num="63" count="0" type="stmt"/>
        <line num="66" count="9" type="cond" truecount="1" falsecount="1"/>
      </file>
      <file name="dates.ts" path="/home/julian/development/ui/src/utils/dates.ts">
        <metrics statements="83" coveredstatements="48" conditionals="66" coveredconditionals="22" methods="25" coveredmethods="20"/>
        <line num="10" count="9" type="stmt"/>
        <line num="13" count="6705" type="stmt"/>
        <line num="14" count="6705" type="stmt"/>
        <line num="16" count="6705" type="cond" truecount="2" falsecount="0"/>
        <line num="17" count="6679" type="stmt"/>
        <line num="20" count="26" type="stmt"/>
        <line num="21" count="26" type="stmt"/>
        <line num="22" count="26" type="stmt"/>
        <line num="26" count="4" type="stmt"/>
        <line num="30" count="169" type="stmt"/>
        <line num="34" count="2174" type="stmt"/>
        <line num="35" count="2174" type="stmt"/>
        <line num="36" count="2174" type="stmt"/>
        <line num="40" count="2" type="stmt"/>
        <line num="41" count="2" type="stmt"/>
        <line num="42" count="2" type="stmt"/>
        <line num="46" count="8486" type="cond" truecount="3" falsecount="1"/>
        <line num="47" count="0" type="stmt"/>
        <line num="50" count="8486" type="cond" truecount="3" falsecount="0"/>
        <line num="54" count="3268" type="stmt"/>
        <line num="59" count="3268" type="stmt"/>
        <line num="64" count="3268" type="stmt"/>
        <line num="65" count="3268" type="stmt"/>
        <line num="66" count="9804" type="cond" truecount="1" falsecount="1"/>
        <line num="67" count="3268" type="cond" truecount="1" falsecount="1"/>
        <line num="68" count="3268" type="cond" truecount="1" falsecount="1"/>
        <line num="69" count="16340" type="cond" truecount="1" falsecount="1"/>
        <line num="70" count="3268" type="stmt"/>
        <line num="74" count="3268" type="stmt"/>
        <line num="76" count="3268" type="cond" truecount="4" falsecount="0"/>
        <line num="77" count="3136" type="stmt"/>
        <line num="80" count="132" type="stmt"/>
        <line num="82" count="132" type="cond" truecount="1" falsecount="8"/>
        <line num="84" count="0" type="stmt"/>
        <line num="86" count="0" type="stmt"/>
        <line num="88" count="0" type="stmt"/>
        <line num="90" count="132" type="stmt"/>
        <line num="92" count="0" type="stmt"/>
        <line num="94" count="0" type="stmt"/>
        <line num="96" count="0" type="stmt"/>
        <line num="98" count="0" type="stmt"/>
        <line num="100" count="0" type="stmt"/>
        <line num="105" count="0" type="stmt"/>
        <line num="106" count="0" type="stmt"/>
        <line num="110" count="48" type="stmt"/>
        <line num="114" count="80" type="stmt"/>
        <line num="118" count="7" type="stmt"/>
        <line num="122" count="34" type="stmt"/>
        <line num="123" count="34" type="stmt"/>
        <line num="124" count="238" type="stmt"/>
        <line num="125" count="34" type="cond" truecount="1" falsecount="1"/>
        <line num="129" count="45" type="stmt"/>
        <line num="130" count="45" type="stmt"/>
        <line num="131" count="45" type="cond" truecount="1" falsecount="1"/>
        <line num="132" count="45" type="stmt"/>
        <line num="134" count="1890" type="stmt"/>
        <line num="138" count="0" type="stmt"/>
        <line num="142" count="0" type="cond" truecount="0" falsecount="2"/>
        <line num="143" count="0" type="stmt"/>
        <line num="146" count="0" type="cond" truecount="0" falsecount="2"/>
        <line num="147" count="0" type="stmt"/>
        <line num="150" count="0" type="cond" truecount="0" falsecount="2"/>
        <line num="151" count="0" type="stmt"/>
        <line num="154" count="0" type="cond" truecount="0" falsecount="2"/>
        <line num="155" count="0" type="stmt"/>
        <line num="158" count="0" type="cond" truecount="0" falsecount="2"/>
        <line num="159" count="0" type="stmt"/>
        <line num="162" count="0" type="cond" truecount="0" falsecount="2"/>
        <line num="163" count="0" type="stmt"/>
        <line num="166" count="0" type="cond" truecount="0" falsecount="2"/>
        <line num="167" count="0" type="cond" truecount="0" falsecount="2"/>
        <line num="168" count="0" type="stmt"/>
        <line num="170" count="0" type="cond" truecount="0" falsecount="4"/>
        <line num="171" count="0" type="cond" truecount="0" falsecount="2"/>
        <line num="174" count="0" type="cond" truecount="0" falsecount="2"/>
        <line num="175" count="0" type="stmt"/>
        <line num="178" count="0" type="cond" truecount="0" falsecount="2"/>
        <line num="179" count="0" type="stmt"/>
        <line num="182" count="0" type="stmt"/>
        <line num="186" count="3192" type="cond" truecount="1" falsecount="1"/>
        <line num="187" count="3192" type="stmt"/>
        <line num="190" count="0" type="cond" truecount="0" falsecount="2"/>
        <line num="191" count="3192" type="stmt"/>
      </file>
      <file name="flagEmoji.ts" path="/home/julian/development/ui/src/utils/flagEmoji.ts">
        <metrics statements="11" coveredstatements="9" conditionals="8" coveredconditionals="6" methods="4" coveredmethods="3"/>
        <line num="7" count="4" type="stmt"/>
        <line num="9" count="4" type="stmt"/>
        <line num="13" count="489" type="cond" truecount="1" falsecount="1"/>
        <line num="15" count="489" type="cond" truecount="1" falsecount="1"/>
        <line num="16" count="0" type="stmt"/>
        <line num="19" count="978" type="stmt"/>
        <line num="24" count="0" type="stmt"/>
        <line num="33" count="4" type="stmt"/>
        <line num="48" count="516" type="stmt"/>
        <line num="49" count="516" type="cond" truecount="2" falsecount="0"/>
        <line num="51" count="516" type="cond" truecount="2" falsecount="0"/>
      </file>
      <file name="platform.ts" path="/home/julian/development/ui/src/utils/platform.ts">
        <metrics statements="13" coveredstatements="10" conditionals="16" coveredconditionals="11" methods="4" coveredmethods="4"/>
        <line num="1" count="221" type="cond" truecount="2" falsecount="0"/>
        <line num="4" count="35" type="cond" truecount="1" falsecount="1"/>
        <line num="5" count="0" type="stmt"/>
        <line num="8" count="35" type="stmt"/>
        <line num="12" count="112" type="cond" truecount="1" falsecount="1"/>
        <line num="13" count="0" type="stmt"/>
        <line num="16" count="112" type="cond" truecount="1" falsecount="1"/>
        <line num="17" count="112" type="cond" truecount="1" falsecount="1"/>
        <line num="19" count="112" type="cond" truecount="2" falsecount="0"/>
        <line num="23" count="74" type="cond" truecount="1" falsecount="1"/>
        <line num="24" count="0" type="stmt"/>
        <line num="27" count="74" type="stmt"/>
        <line num="29" count="74" type="cond" truecount="2" falsecount="0"/>
      </file>
    </package>
  </project>
</coverage>
