{"/home/julian/development/ui": {"path":"/home/julian/development/ui","statementMap":{},"fnMap":{},"branchMap":{},"s":{},"f":{},"b":{},"meta":{"lastBranch":0,"lastFunction":0,"lastStatement":0,"seen":{},"fnNames":{}}}
,"/home/julian/development/ui/.storybook/preview.ts": {"path":"/home/julian/development/ui/.storybook/preview.ts","statementMap":{"0":{"start":{"line":2,"column":7},"end":{"line":2,"column":null}},"1":{"start":{"line":14,"column":4},"end":{"line":22,"column":24}},"2":{"start":{"line":15,"column":18},"end":{"line":15,"column":43}},"3":{"start":{"line":16,"column":4},"end":{"line":16,"column":null}},"4":{"start":{"line":17,"column":5},"end":{"line":17,"column":null}},"5":{"start":{"line":19,"column":2},"end":{"line":19,"column":62}},"6":{"start":{"line":20,"column":0},"end":{"line":20,"column":null}},"7":{"start":{"line":23,"column":2},"end":{"line":23,"column":null}},"8":{"start":{"line":26,"column":3},"end":{"line":30,"column":15}},"9":{"start":{"line":33,"column":19},"end":{"line":63,"column":null}}},"fnMap":{"0":{"name":"ThemeWrapper","decl":{"start":{"line":9,"column":9},"end":{"line":9,"column":22}},"loc":{"start":{"line":13,"column":4},"end":{"line":24,"column":11}},"line":13},"1":{"name":"(anonymous_1)","decl":{"start":{"line":14,"column":13},"end":{"line":14,"column":29}},"loc":{"start":{"line":14,"column":13},"end":{"line":22,"column":9}},"line":14},"2":{"name":"ThemeDecorator","decl":{"start":{"line":25,"column":11},"end":{"line":25,"column":27}},"loc":{"start":{"line":25,"column":36},"end":{"line":32,"column":12}},"line":25}},"branchMap":{"0":{"loc":{"start":{"line":29,"column":6},"end":{"line":29,"column":null}},"type":"binary-expr","locations":[{"start":{"line":29,"column":6},"end":{"line":29,"column":null}},{"start":{"line":29,"column":25},"end":{"line":29,"column":null}}],"line":29}},"s":{"0":57,"1":128,"2":128,"3":128,"4":128,"5":128,"6":128,"7":128,"8":128,"9":57},"f":{"0":128,"1":128,"2":128},"b":{"0":[128,0]},"meta":{"lastBranch":1,"lastFunction":3,"lastStatement":10,"seen":{"s:2:7:2:Infinity":0,"f:9:9:9:22":0,"s:14:4:22:24":1,"f:14:13:14:29":1,"s:15:18:15:43":2,"s:16:4:16:Infinity":3,"s:17:5:17:Infinity":4,"s:19:2:19:62":5,"s:20:0:20:Infinity":6,"s:23:2:23:Infinity":7,"f:25:11:25:27":2,"s:26:3:30:15":8,"b:29:6:29:Infinity:29:25:29:Infinity":0,"s:33:19:63:Infinity":9},"fnNames":{}}}
,"/home/julian/development/ui/src/index.css": {"path":"/home/julian/development/ui/src/index.css","statementMap":{},"fnMap":{},"branchMap":{},"s":{},"f":{},"b":{},"meta":{"lastBranch":0,"lastFunction":0,"lastStatement":0,"seen":{},"fnNames":{}}}
,"/home/julian/development/ui/src/components/AnonymousUserIcon.tsx": {"path":"/home/julian/development/ui/src/components/AnonymousUserIcon.tsx","statementMap":{"0":{"start":{"line":1,"column":9},"end":{"line":1,"column":null}},"1":{"start":{"line":10,"column":17},"end":{"line":10,"column":null}},"2":{"start":{"line":11,"column":2},"end":{"line":24,"column":null}}},"fnMap":{"0":{"name":"AnonymousUserIcon","decl":{"start":{"line":9,"column":16},"end":{"line":9,"column":34}},"loc":{"start":{"line":9,"column":78},"end":{"line":26,"column":null}},"line":9}},"branchMap":{"0":{"loc":{"start":{"line":17,"column":18},"end":{"line":17,"column":null}},"type":"binary-expr","locations":[{"start":{"line":17,"column":18},"end":{"line":17,"column":25}},{"start":{"line":17,"column":25},"end":{"line":17,"column":null}}],"line":17}},"s":{"0":1,"1":4,"2":4},"f":{"0":4},"b":{"0":[4,0]},"meta":{"lastBranch":1,"lastFunction":1,"lastStatement":3,"seen":{"s:1:9:1:Infinity":0,"f:9:16:9:34":0,"s:10:17:10:Infinity":1,"s:11:2:24:Infinity":2,"b:17:18:17:25:17:25:17:Infinity":0},"fnNames":{}}}
,"/home/julian/development/ui/src/components/LegalNotice.tsx": {"path":"/home/julian/development/ui/src/components/LegalNotice.tsx","statementMap":{"0":{"start":{"line":1,"column":9},"end":{"line":1,"column":null}},"1":{"start":{"line":1,"column":36},"end":{"line":1,"column":null}},"2":{"start":{"line":37,"column":20},"end":{"line":37,"column":null}},"3":{"start":{"line":38,"column":2},"end":{"line":40,"column":null}},"4":{"start":{"line":39,"column":4},"end":{"line":39,"column":null}},"5":{"start":{"line":42,"column":17},"end":{"line":42,"column":null}},"6":{"start":{"line":43,"column":15},"end":{"line":43,"column":null}},"7":{"start":{"line":45,"column":2},"end":{"line":49,"column":null}},"8":{"start":{"line":54,"column":17},"end":{"line":54,"column":null}},"9":{"start":{"line":55,"column":18},"end":{"line":60,"column":null}},"10":{"start":{"line":61,"column":17},"end":{"line":64,"column":null}},"11":{"start":{"line":63,"column":20},"end":{"line":63,"column":32}},"12":{"start":{"line":66,"column":2},"end":{"line":83,"column":null}},"13":{"start":{"line":69,"column":26},"end":{"line":69,"column":null}},"14":{"start":{"line":70,"column":8},"end":{"line":80,"column":null}},"15":{"start":{"line":88,"column":2},"end":{"line":88,"column":null}},"16":{"start":{"line":92,"column":2},"end":{"line":92,"column":null}},"17":{"start":{"line":102,"column":16},"end":{"line":102,"column":null}},"18":{"start":{"line":103,"column":2},"end":{"line":103,"column":null}},"19":{"start":{"line":103,"column":21},"end":{"line":103,"column":null}},"20":{"start":{"line":105,"column":27},"end":{"line":105,"column":null}},"21":{"start":{"line":106,"column":20},"end":{"line":106,"column":null}},"22":{"start":{"line":108,"column":2},"end":{"line":116,"column":null}},"23":{"start":{"line":109,"column":21},"end":{"line":109,"column":null}},"24":{"start":{"line":110,"column":4},"end":{"line":115,"column":null}},"25":{"start":{"line":111,"column":6},"end":{"line":111,"column":null}},"26":{"start":{"line":112,"column":6},"end":{"line":112,"column":null}},"27":{"start":{"line":114,"column":6},"end":{"line":114,"column":null}},"28":{"start":{"line":118,"column":2},"end":{"line":118,"column":null}},"29":{"start":{"line":119,"column":2},"end":{"line":119,"column":null}},"30":{"start":{"line":123,"column":21},"end":{"line":123,"column":null}},"31":{"start":{"line":124,"column":27},"end":{"line":124,"column":null}},"32":{"start":{"line":126,"column":2},"end":{"line":155,"column":null}},"33":{"start":{"line":127,"column":29},"end":{"line":127,"column":null}},"34":{"start":{"line":128,"column":4},"end":{"line":131,"column":null}},"35":{"start":{"line":129,"column":6},"end":{"line":129,"column":null}},"36":{"start":{"line":130,"column":6},"end":{"line":130,"column":null}},"37":{"start":{"line":133,"column":4},"end":{"line":137,"column":null}},"38":{"start":{"line":134,"column":6},"end":{"line":134,"column":null}},"39":{"start":{"line":135,"column":6},"end":{"line":135,"column":null}},"40":{"start":{"line":136,"column":6},"end":{"line":136,"column":null}},"41":{"start":{"line":139,"column":4},"end":{"line":151,"column":null}},"42":{"start":{"line":140,"column":24},"end":{"line":140,"column":null}},"43":{"start":{"line":141,"column":6},"end":{"line":150,"column":null}},"44":{"start":{"line":142,"column":23},"end":{"line":142,"column":null}},"45":{"start":{"line":143,"column":21},"end":{"line":143,"column":null}},"46":{"start":{"line":144,"column":8},"end":{"line":144,"column":null}},"47":{"start":{"line":145,"column":8},"end":{"line":147,"column":null}},"48":{"start":{"line":146,"column":10},"end":{"line":146,"column":null}},"49":{"start":{"line":148,"column":8},"end":{"line":148,"column":null}},"50":{"start":{"line":149,"column":8},"end":{"line":149,"column":null}},"51":{"start":{"line":153,"column":4},"end":{"line":153,"column":null}},"52":{"start":{"line":154,"column":4},"end":{"line":154,"column":null}},"53":{"start":{"line":157,"column":2},"end":{"line":159,"column":null}},"54":{"start":{"line":158,"column":4},"end":{"line":158,"column":null}},"55":{"start":{"line":161,"column":2},"end":{"line":161,"column":null}},"56":{"start":{"line":165,"column":21},"end":{"line":165,"column":null}},"57":{"start":{"line":166,"column":16},"end":{"line":166,"column":null}},"58":{"start":{"line":168,"column":2},"end":{"line":171,"column":null}},"59":{"start":{"line":168,"column":19},"end":{"line":168,"column":22}},"60":{"start":{"line":169,"column":17},"end":{"line":169,"column":null}},"61":{"start":{"line":170,"column":4},"end":{"line":170,"column":null}},"62":{"start":{"line":173,"column":2},"end":{"line":173,"column":null}},"63":{"start":{"line":177,"column":16},"end":{"line":177,"column":null}},"64":{"start":{"line":179,"column":20},"end":{"line":179,"column":null}},"65":{"start":{"line":180,"column":21},"end":{"line":180,"column":null}},"66":{"start":{"line":181,"column":18},"end":{"line":181,"column":null}},"67":{"start":{"line":182,"column":20},"end":{"line":182,"column":null}},"68":{"start":{"line":183,"column":23},"end":{"line":183,"column":null}},"69":{"start":{"line":184,"column":21},"end":{"line":184,"column":null}},"70":{"start":{"line":185,"column":26},"end":{"line":185,"column":null}},"71":{"start":{"line":186,"column":29},"end":{"line":186,"column":null}},"72":{"start":{"line":188,"column":2},"end":{"line":190,"column":null}},"73":{"start":{"line":188,"column":19},"end":{"line":188,"column":22}},"74":{"start":{"line":189,"column":4},"end":{"line":189,"column":null}},"75":{"start":{"line":192,"column":28},"end":{"line":192,"column":null}},"76":{"start":{"line":193,"column":8},"end":{"line":196,"column":null}},"77":{"start":{"line":194,"column":4},"end":{"line":194,"column":null}},"78":{"start":{"line":195,"column":4},"end":{"line":195,"column":null}},"79":{"start":{"line":198,"column":17},"end":{"line":198,"column":null}},"80":{"start":{"line":199,"column":22},"end":{"line":199,"column":null}},"81":{"start":{"line":200,"column":28},"end":{"line":200,"column":null}},"82":{"start":{"line":202,"column":21},"end":{"line":221,"column":null}},"83":{"start":{"line":203,"column":21},"end":{"line":203,"column":null}},"84":{"start":{"line":204,"column":19},"end":{"line":204,"column":null}},"85":{"start":{"line":206,"column":4},"end":{"line":209,"column":null}},"86":{"start":{"line":207,"column":6},"end":{"line":207,"column":null}},"87":{"start":{"line":208,"column":6},"end":{"line":208,"column":null}},"88":{"start":{"line":211,"column":4},"end":{"line":216,"column":null}},"89":{"start":{"line":212,"column":6},"end":{"line":212,"column":null}},"90":{"start":{"line":213,"column":6},"end":{"line":213,"column":null}},"91":{"start":{"line":214,"column":6},"end":{"line":214,"column":null}},"92":{"start":{"line":215,"column":6},"end":{"line":215,"column":null}},"93":{"start":{"line":217,"column":4},"end":{"line":217,"column":null}},"94":{"start":{"line":219,"column":19},"end":{"line":219,"column":null}},"95":{"start":{"line":220,"column":4},"end":{"line":220,"column":null}},"96":{"start":{"line":223,"column":22},"end":{"line":223,"column":null}},"97":{"start":{"line":225,"column":2},"end":{"line":230,"column":null}},"98":{"start":{"line":226,"column":19},"end":{"line":228,"column":null}},"99":{"start":{"line":229,"column":4},"end":{"line":229,"column":null}},"100":{"start":{"line":232,"column":24},"end":{"line":232,"column":null}},"101":{"start":{"line":232,"column":80},"end":{"line":232,"column":91}},"102":{"start":{"line":233,"column":20},"end":{"line":233,"column":null}},"103":{"start":{"line":235,"column":12},"end":{"line":235,"column":null}},"104":{"start":{"line":236,"column":18},"end":{"line":236,"column":null}},"105":{"start":{"line":238,"column":2},"end":{"line":241,"column":null}},"106":{"start":{"line":239,"column":4},"end":{"line":239,"column":null}},"107":{"start":{"line":240,"column":4},"end":{"line":240,"column":null}},"108":{"start":{"line":243,"column":21},"end":{"line":243,"column":null}},"109":{"start":{"line":244,"column":2},"end":{"line":244,"column":null}},"110":{"start":{"line":245,"column":2},"end":{"line":245,"column":null}},"111":{"start":{"line":246,"column":2},"end":{"line":248,"column":null}},"112":{"start":{"line":247,"column":4},"end":{"line":247,"column":null}},"113":{"start":{"line":249,"column":2},"end":{"line":249,"column":null}},"114":{"start":{"line":251,"column":2},"end":{"line":251,"column":null}},"115":{"start":{"line":265,"column":17},"end":{"line":272,"column":null}},"116":{"start":{"line":274,"column":2},"end":{"line":276,"column":null}},"117":{"start":{"line":275,"column":4},"end":{"line":275,"column":null}},"118":{"start":{"line":277,"column":2},"end":{"line":279,"column":null}},"119":{"start":{"line":278,"column":4},"end":{"line":278,"column":null}},"120":{"start":{"line":281,"column":2},"end":{"line":281,"column":null}},"121":{"start":{"line":295,"column":17},"end":{"line":295,"column":null}},"122":{"start":{"line":296,"column":26},"end":{"line":296,"column":null}},"123":{"start":{"line":297,"column":28},"end":{"line":315,"column":null}},"124":{"start":{"line":298,"column":4},"end":{"line":298,"column":null}},"125":{"start":{"line":298,"column":39},"end":{"line":298,"column":null}},"126":{"start":{"line":300,"column":18},"end":{"line":300,"column":null}},"127":{"start":{"line":301,"column":17},"end":{"line":301,"column":null}},"128":{"start":{"line":302,"column":21},"end":{"line":302,"column":null}},"129":{"start":{"line":303,"column":20},"end":{"line":303,"column":null}},"130":{"start":{"line":304,"column":16},"end":{"line":304,"column":null}},"131":{"start":{"line":305,"column":17},"end":{"line":305,"column":null}},"132":{"start":{"line":307,"column":4},"end":{"line":307,"column":null}},"133":{"start":{"line":308,"column":4},"end":{"line":308,"column":null}},"134":{"start":{"line":309,"column":4},"end":{"line":309,"column":null}},"135":{"start":{"line":310,"column":4},"end":{"line":310,"column":null}},"136":{"start":{"line":311,"column":4},"end":{"line":311,"column":null}},"137":{"start":{"line":312,"column":4},"end":{"line":314,"column":null}},"138":{"start":{"line":313,"column":6},"end":{"line":313,"column":null}},"139":{"start":{"line":317,"column":2},"end":{"line":396,"column":null}},"140":{"start":{"line":318,"column":4},"end":{"line":328,"column":null}},"141":{"start":{"line":331,"column":4},"end":{"line":394,"column":null}},"142":{"start":{"line":418,"column":20},"end":{"line":418,"column":null}},"143":{"start":{"line":419,"column":17},"end":{"line":419,"column":null}},"144":{"start":{"line":421,"column":2},"end":{"line":455,"column":null}}},"fnMap":{"0":{"name":"renderFormattedParagraph","decl":{"start":{"line":36,"column":9},"end":{"line":36,"column":34}},"loc":{"start":{"line":36,"column":53},"end":{"line":51,"column":null}},"line":36},"1":{"name":"LegalNoticeContent","decl":{"start":{"line":53,"column":9},"end":{"line":53,"column":28}},"loc":{"start":{"line":53,"column":81},"end":{"line":85,"column":null}},"line":53},"2":{"name":"(anonymous_2)","decl":{"start":{"line":63,"column":5},"end":{"line":63,"column":10}},"loc":{"start":{"line":63,"column":20},"end":{"line":63,"column":32}},"line":63},"3":{"name":"(anonymous_3)","decl":{"start":{"line":68,"column":14},"end":{"line":68,"column":19}},"loc":{"start":{"line":68,"column":36},"end":{"line":82,"column":7}},"line":68},"4":{"name":"escapePdfText","decl":{"start":{"line":87,"column":9},"end":{"line":87,"column":23}},"loc":{"start":{"line":87,"column":38},"end":{"line":89,"column":null}},"line":87},"5":{"name":"normalizePdfText","decl":{"start":{"line":91,"column":9},"end":{"line":91,"column":26}},"loc":{"start":{"line":91,"column":41},"end":{"line":93,"column":null}},"line":91},"6":{"name":"wrapPdfParagraph","decl":{"start":{"line":101,"column":9},"end":{"line":101,"column":26}},"loc":{"start":{"line":101,"column":121},"end":{"line":120,"column":null}},"line":101},"7":{"name":"buildPdfLines","decl":{"start":{"line":122,"column":9},"end":{"line":122,"column":23}},"loc":{"start":{"line":122,"column":37},"end":{"line":162,"column":null}},"line":122},"8":{"name":"encodePdfLatin1","decl":{"start":{"line":164,"column":9},"end":{"line":164,"column":25}},"loc":{"start":{"line":164,"column":40},"end":{"line":174,"column":null}},"line":164},"9":{"name":"createPdfBlob","decl":{"start":{"line":176,"column":9},"end":{"line":176,"column":23}},"loc":{"start":{"line":176,"column":73},"end":{"line":252,"column":null}},"line":176},"10":{"name":"(anonymous_10)","decl":{"start":{"line":193,"column":8},"end":{"line":193,"column":21}},"loc":{"start":{"line":193,"column":41},"end":{"line":196,"column":null}},"line":193},"11":{"name":"(anonymous_11)","decl":{"start":{"line":202,"column":27},"end":{"line":202,"column":32}},"loc":{"start":{"line":202,"column":46},"end":{"line":221,"column":3}},"line":202},"12":{"name":"(anonymous_12)","decl":{"start":{"line":225,"column":13},"end":{"line":225,"column":22}},"loc":{"start":{"line":225,"column":36},"end":{"line":230,"column":3}},"line":225},"13":{"name":"(anonymous_13)","decl":{"start":{"line":232,"column":68},"end":{"line":232,"column":73}},"loc":{"start":{"line":232,"column":80},"end":{"line":232,"column":91}},"line":232},"14":{"name":"(anonymous_14)","decl":{"start":{"line":238,"column":10},"end":{"line":238,"column":19}},"loc":{"start":{"line":238,"column":37},"end":{"line":241,"column":3}},"line":238},"15":{"name":"buildDefaultPdfText","decl":{"start":{"line":254,"column":9},"end":{"line":254,"column":29}},"loc":{"start":{"line":264,"column":3},"end":{"line":282,"column":null}},"line":264},"16":{"name":"LegalNotice","decl":{"start":{"line":284,"column":16},"end":{"line":284,"column":28}},"loc":{"start":{"line":294,"column":21},"end":{"line":397,"column":null}},"line":294},"17":{"name":"(anonymous_17)","decl":{"start":{"line":297,"column":28},"end":{"line":297,"column":46}},"loc":{"start":{"line":297,"column":46},"end":{"line":315,"column":5}},"line":297},"18":{"name":"(anonymous_18)","decl":{"start":{"line":312,"column":11},"end":{"line":312,"column":28}},"loc":{"start":{"line":312,"column":28},"end":{"line":314,"column":7}},"line":312},"19":{"name":"LegalNoticePage","decl":{"start":{"line":399,"column":9},"end":{"line":399,"column":25}},"loc":{"start":{"line":417,"column":3},"end":{"line":457,"column":null}},"line":417}},"branchMap":{"0":{"loc":{"start":{"line":38,"column":2},"end":{"line":40,"column":null}},"type":"if","locations":[{"start":{"line":38,"column":2},"end":{"line":40,"column":null}},{"start":{},"end":{}}],"line":38},"1":{"loc":{"start":{"line":38,"column":6},"end":{"line":38,"column":54}},"type":"binary-expr","locations":[{"start":{"line":38,"column":6},"end":{"line":38,"column":36}},{"start":{"line":38,"column":36},"end":{"line":38,"column":54}}],"line":38},"2":{"loc":{"start":{"line":48,"column":7},"end":{"line":48,"column":null}},"type":"cond-expr","locations":[{"start":{"line":48,"column":14},"end":{"line":48,"column":27}},{"start":{"line":48,"column":27},"end":{"line":48,"column":null}}],"line":48},"3":{"loc":{"start":{"line":74,"column":14},"end":{"line":74,"column":null}},"type":"cond-expr","locations":[{"start":{"line":74,"column":26},"end":{"line":74,"column":81}},{"start":{"line":74,"column":81},"end":{"line":74,"column":null}}],"line":74},"4":{"loc":{"start":{"line":75,"column":14},"end":{"line":75,"column":null}},"type":"binary-expr","locations":[{"start":{"line":75,"column":14},"end":{"line":75,"column":28}},{"start":{"line":75,"column":28},"end":{"line":75,"column":41}},{"start":{"line":75,"column":41},"end":{"line":75,"column":null}}],"line":75},"5":{"loc":{"start":{"line":76,"column":14},"end":{"line":76,"column":null}},"type":"binary-expr","locations":[{"start":{"line":76,"column":14},"end":{"line":76,"column":27}},{"start":{"line":76,"column":27},"end":{"line":76,"column":40}},{"start":{"line":76,"column":40},"end":{"line":76,"column":null}}],"line":76},"6":{"loc":{"start":{"line":101,"column":45},"end":{"line":101,"column":67}},"type":"default-arg","locations":[{"start":{"line":101,"column":63},"end":{"line":101,"column":67}}],"line":101},"7":{"loc":{"start":{"line":101,"column":67},"end":{"line":101,"column":102}},"type":"default-arg","locations":[{"start":{"line":101,"column":91},"end":{"line":101,"column":102}}],"line":101},"8":{"loc":{"start":{"line":103,"column":2},"end":{"line":103,"column":null}},"type":"if","locations":[{"start":{"line":103,"column":2},"end":{"line":103,"column":null}},{"start":{},"end":{}}],"line":103},"9":{"loc":{"start":{"line":110,"column":4},"end":{"line":115,"column":null}},"type":"if","locations":[{"start":{"line":110,"column":4},"end":{"line":115,"column":null}},{"start":{"line":113,"column":11},"end":{"line":115,"column":null}}],"line":110},"10":{"loc":{"start":{"line":128,"column":4},"end":{"line":131,"column":null}},"type":"if","locations":[{"start":{"line":128,"column":4},"end":{"line":131,"column":null}},{"start":{},"end":{}}],"line":128},"11":{"loc":{"start":{"line":133,"column":4},"end":{"line":137,"column":null}},"type":"if","locations":[{"start":{"line":133,"column":4},"end":{"line":137,"column":null}},{"start":{},"end":{}}],"line":133},"12":{"loc":{"start":{"line":139,"column":4},"end":{"line":151,"column":null}},"type":"if","locations":[{"start":{"line":139,"column":4},"end":{"line":151,"column":null}},{"start":{},"end":{}}],"line":139},"13":{"loc":{"start":{"line":141,"column":6},"end":{"line":150,"column":null}},"type":"if","locations":[{"start":{"line":141,"column":6},"end":{"line":150,"column":null}},{"start":{},"end":{}}],"line":141},"14":{"loc":{"start":{"line":145,"column":8},"end":{"line":147,"column":null}},"type":"if","locations":[{"start":{"line":145,"column":8},"end":{"line":147,"column":null}},{"start":{},"end":{}}],"line":145},"15":{"loc":{"start":{"line":157,"column":2},"end":{"line":159,"column":null}},"type":"if","locations":[{"start":{"line":157,"column":2},"end":{"line":159,"column":null}},{"start":{},"end":{}}],"line":157},"16":{"loc":{"start":{"line":170,"column":19},"end":{"line":170,"column":null}},"type":"cond-expr","locations":[{"start":{"line":170,"column":33},"end":{"line":170,"column":40}},{"start":{"line":170,"column":40},"end":{"line":170,"column":null}}],"line":170},"17":{"loc":{"start":{"line":206,"column":4},"end":{"line":209,"column":null}},"type":"if","locations":[{"start":{"line":206,"column":4},"end":{"line":209,"column":null}},{"start":{},"end":{}}],"line":206},"18":{"loc":{"start":{"line":212,"column":24},"end":{"line":212,"column":59}},"type":"cond-expr","locations":[{"start":{"line":212,"column":47},"end":{"line":212,"column":54}},{"start":{"line":212,"column":54},"end":{"line":212,"column":59}}],"line":212},"19":{"loc":{"start":{"line":212,"column":62},"end":{"line":212,"column":112}},"type":"binary-expr","locations":[{"start":{"line":212,"column":62},"end":{"line":212,"column":80}},{"start":{"line":212,"column":80},"end":{"line":212,"column":112}}],"line":212},"20":{"loc":{"start":{"line":212,"column":80},"end":{"line":212,"column":112}},"type":"cond-expr","locations":[{"start":{"line":212,"column":103},"end":{"line":212,"column":108}},{"start":{"line":212,"column":108},"end":{"line":212,"column":112}}],"line":212},"21":{"loc":{"start":{"line":274,"column":2},"end":{"line":276,"column":null}},"type":"if","locations":[{"start":{"line":274,"column":2},"end":{"line":276,"column":null}},{"start":{},"end":{}}],"line":274},"22":{"loc":{"start":{"line":277,"column":2},"end":{"line":279,"column":null}},"type":"if","locations":[{"start":{"line":277,"column":2},"end":{"line":279,"column":null}},{"start":{},"end":{}}],"line":277},"23":{"loc":{"start":{"line":285,"column":2},"end":{"line":285,"column":null}},"type":"default-arg","locations":[{"start":{"line":285,"column":9},"end":{"line":285,"column":null}}],"line":285},"24":{"loc":{"start":{"line":287,"column":2},"end":{"line":287,"column":null}},"type":"default-arg","locations":[{"start":{"line":287,"column":20},"end":{"line":287,"column":null}}],"line":287},"25":{"loc":{"start":{"line":296,"column":26},"end":{"line":296,"column":null}},"type":"binary-expr","locations":[{"start":{"line":296,"column":26},"end":{"line":296,"column":37}},{"start":{"line":296,"column":37},"end":{"line":296,"column":null}}],"line":296},"26":{"loc":{"start":{"line":298,"column":4},"end":{"line":298,"column":null}},"type":"if","locations":[{"start":{"line":298,"column":4},"end":{"line":298,"column":null}},{"start":{},"end":{}}],"line":298},"27":{"loc":{"start":{"line":300,"column":18},"end":{"line":300,"column":null}},"type":"binary-expr","locations":[{"start":{"line":300,"column":18},"end":{"line":300,"column":41}},{"start":{"line":300,"column":41},"end":{"line":300,"column":null}}],"line":300},"28":{"loc":{"start":{"line":301,"column":17},"end":{"line":301,"column":null}},"type":"binary-expr","locations":[{"start":{"line":301,"column":17},"end":{"line":301,"column":38}},{"start":{"line":301,"column":38},"end":{"line":301,"column":null}}],"line":301},"29":{"loc":{"start":{"line":302,"column":21},"end":{"line":302,"column":null}},"type":"binary-expr","locations":[{"start":{"line":302,"column":21},"end":{"line":302,"column":46}},{"start":{"line":302,"column":46},"end":{"line":302,"column":null}}],"line":302},"30":{"loc":{"start":{"line":317,"column":2},"end":{"line":396,"column":null}},"type":"if","locations":[{"start":{"line":317,"column":2},"end":{"line":396,"column":null}},{"start":{"line":330,"column":9},"end":{"line":396,"column":null}}],"line":317},"31":{"loc":{"start":{"line":335,"column":13},"end":{"line":335,"column":null}},"type":"binary-expr","locations":[{"start":{"line":335,"column":13},"end":{"line":335,"column":32}},{"start":{"line":335,"column":32},"end":{"line":335,"column":null}}],"line":335},"32":{"loc":{"start":{"line":340,"column":13},"end":{"line":346,"column":null}},"type":"binary-expr","locations":[{"start":{"line":340,"column":13},"end":{"line":340,"column":null}},{"start":{"line":341,"column":14},"end":{"line":346,"column":null}}],"line":340},"33":{"loc":{"start":{"line":359,"column":15},"end":{"line":359,"column":null}},"type":"binary-expr","locations":[{"start":{"line":359,"column":15},"end":{"line":359,"column":38}},{"start":{"line":359,"column":38},"end":{"line":359,"column":null}}],"line":359},"34":{"loc":{"start":{"line":379,"column":15},"end":{"line":384,"column":null}},"type":"cond-expr","locations":[{"start":{"line":380,"column":16},"end":{"line":384,"column":null}},{"start":{"line":384,"column":18},"end":{"line":384,"column":null}}],"line":379},"35":{"loc":{"start":{"line":379,"column":15},"end":{"line":379,"column":null}},"type":"binary-expr","locations":[{"start":{"line":379,"column":15},"end":{"line":379,"column":34}},{"start":{"line":379,"column":34},"end":{"line":379,"column":null}}],"line":379},"36":{"loc":{"start":{"line":381,"column":19},"end":{"line":381,"column":null}},"type":"cond-expr","locations":[{"start":{"line":381,"column":36},"end":{"line":381,"column":null}},{"start":{"line":381,"column":62},"end":{"line":381,"column":null}}],"line":381},"37":{"loc":{"start":{"line":382,"column":19},"end":{"line":382,"column":null}},"type":"cond-expr","locations":[{"start":{"line":382,"column":33},"end":{"line":382,"column":null}},{"start":{"line":382,"column":56},"end":{"line":382,"column":null}}],"line":382},"38":{"loc":{"start":{"line":401,"column":2},"end":{"line":401,"column":null}},"type":"default-arg","locations":[{"start":{"line":401,"column":20},"end":{"line":401,"column":null}}],"line":401},"39":{"loc":{"start":{"line":418,"column":20},"end":{"line":418,"column":null}},"type":"cond-expr","locations":[{"start":{"line":418,"column":38},"end":{"line":418,"column":46}},{"start":{"line":418,"column":46},"end":{"line":418,"column":null}}],"line":418},"40":{"loc":{"start":{"line":423,"column":7},"end":{"line":443,"column":null}},"type":"cond-expr","locations":[{"start":{"line":424,"column":8},"end":{"line":443,"column":null}},{"start":{"line":443,"column":10},"end":{"line":443,"column":null}}],"line":423},"41":{"loc":{"start":{"line":427,"column":13},"end":{"line":427,"column":null}},"type":"binary-expr","locations":[{"start":{"line":427,"column":13},"end":{"line":427,"column":34}},{"start":{"line":427,"column":34},"end":{"line":427,"column":null}}],"line":427},"42":{"loc":{"start":{"line":447,"column":11},"end":{"line":452,"column":null}},"type":"cond-expr","locations":[{"start":{"line":448,"column":12},"end":{"line":452,"column":null}},{"start":{"line":452,"column":14},"end":{"line":452,"column":null}}],"line":447},"43":{"loc":{"start":{"line":447,"column":11},"end":{"line":447,"column":null}},"type":"binary-expr","locations":[{"start":{"line":447,"column":11},"end":{"line":447,"column":30}},{"start":{"line":447,"column":30},"end":{"line":447,"column":null}}],"line":447},"44":{"loc":{"start":{"line":449,"column":15},"end":{"line":449,"column":null}},"type":"cond-expr","locations":[{"start":{"line":449,"column":32},"end":{"line":449,"column":null}},{"start":{"line":449,"column":58},"end":{"line":449,"column":null}}],"line":449},"45":{"loc":{"start":{"line":450,"column":15},"end":{"line":450,"column":null}},"type":"cond-expr","locations":[{"start":{"line":450,"column":29},"end":{"line":450,"column":null}},{"start":{"line":450,"column":52},"end":{"line":450,"column":null}}],"line":450}},"s":{"0":1,"1":1,"2":1,"3":1,"4":1,"5":0,"6":0,"7":0,"8":1,"9":1,"10":1,"11":1,"12":1,"13":1,"14":1,"15":0,"16":0,"17":0,"18":0,"19":0,"20":0,"21":0,"22":0,"23":0,"24":0,"25":0,"26":0,"27":0,"28":0,"29":0,"30":0,"31":0,"32":0,"33":0,"34":0,"35":0,"36":0,"37":0,"38":0,"39":0,"40":0,"41":0,"42":0,"43":0,"44":0,"45":0,"46":0,"47":0,"48":0,"49":0,"50":0,"51":0,"52":0,"53":0,"54":0,"55":0,"56":0,"57":0,"58":0,"59":0,"60":0,"61":0,"62":0,"63":0,"64":0,"65":0,"66":0,"67":0,"68":0,"69":0,"70":0,"71":0,"72":0,"73":0,"74":0,"75":0,"76":0,"77":0,"78":0,"79":0,"80":0,"81":0,"82":0,"83":0,"84":0,"85":0,"86":0,"87":0,"88":0,"89":0,"90":0,"91":0,"92":0,"93":0,"94":0,"95":0,"96":0,"97":0,"98":0,"99":0,"100":0,"101":0,"102":0,"103":0,"104":0,"105":0,"106":0,"107":0,"108":0,"109":0,"110":0,"111":0,"112":0,"113":0,"114":0,"115":0,"116":0,"117":0,"118":0,"119":0,"120":0,"121":5,"122":5,"123":5,"124":0,"125":0,"126":0,"127":0,"128":0,"129":0,"130":0,"131":0,"132":0,"133":0,"134":0,"135":0,"136":0,"137":0,"138":0,"139":5,"140":2,"141":3,"142":2,"143":2,"144":2},"f":{"0":1,"1":1,"2":1,"3":1,"4":0,"5":0,"6":0,"7":0,"8":0,"9":0,"10":0,"11":0,"12":0,"13":0,"14":0,"15":0,"16":5,"17":0,"18":0,"19":2},"b":{"0":[1,0],"1":[1,0],"2":[0,0],"3":[0,1],"4":[1,1,0],"5":[1,0,0],"6":[0],"7":[0],"8":[0,0],"9":[0,0],"10":[0,0],"11":[0,0],"12":[0,0],"13":[0,0],"14":[0,0],"15":[0,0],"16":[0,0],"17":[0,0],"18":[0,0],"19":[0,0],"20":[0,0],"21":[0,0],"22":[0,0],"23":[5],"24":[5],"25":[5,1],"26":[0,0],"27":[0,0],"28":[0,0],"29":[0,0],"30":[2,3],"31":[3,1],"32":[3,1],"33":[3,1],"34":[1,2],"35":[3,2],"36":[1,0],"37":[1,0],"38":[2],"39":[1,1],"40":[1,1],"41":[1,1],"42":[1,1],"43":[2,1],"44":[1,0],"45":[1,0]},"meta":{"lastBranch":46,"lastFunction":20,"lastStatement":145,"seen":{"s:1:9:1:Infinity":0,"s:1:36:1:Infinity":1,"f:36:9:36:34":0,"s:37:20:37:Infinity":2,"b:38:2:40:Infinity:undefined:undefined:undefined:undefined":0,"s:38:2:40:Infinity":3,"b:38:6:38:36:38:36:38:54":1,"s:39:4:39:Infinity":4,"s:42:17:42:Infinity":5,"s:43:15:43:Infinity":6,"s:45:2:49:Infinity":7,"b:48:14:48:27:48:27:48:Infinity":2,"f:53:9:53:28":1,"s:54:17:54:Infinity":8,"s:55:18:60:Infinity":9,"s:61:17:64:Infinity":10,"f:63:5:63:10":2,"s:63:20:63:32":11,"s:66:2:83:Infinity":12,"f:68:14:68:19":3,"s:69:26:69:Infinity":13,"s:70:8:80:Infinity":14,"b:74:26:74:81:74:81:74:Infinity":3,"b:75:14:75:28:75:28:75:41:75:41:75:Infinity":4,"b:76:14:76:27:76:27:76:40:76:40:76:Infinity":5,"f:87:9:87:23":4,"s:88:2:88:Infinity":15,"f:91:9:91:26":5,"s:92:2:92:Infinity":16,"f:101:9:101:26":6,"b:101:63:101:67":6,"b:101:91:101:102":7,"s:102:16:102:Infinity":17,"b:103:2:103:Infinity:undefined:undefined:undefined:undefined":8,"s:103:2:103:Infinity":18,"s:103:21:103:Infinity":19,"s:105:27:105:Infinity":20,"s:106:20:106:Infinity":21,"s:108:2:116:Infinity":22,"s:109:21:109:Infinity":23,"b:110:4:115:Infinity:113:11:115:Infinity":9,"s:110:4:115:Infinity":24,"s:111:6:111:Infinity":25,"s:112:6:112:Infinity":26,"s:114:6:114:Infinity":27,"s:118:2:118:Infinity":28,"s:119:2:119:Infinity":29,"f:122:9:122:23":7,"s:123:21:123:Infinity":30,"s:124:27:124:Infinity":31,"s:126:2:155:Infinity":32,"s:127:29:127:Infinity":33,"b:128:4:131:Infinity:undefined:undefined:undefined:undefined":10,"s:128:4:131:Infinity":34,"s:129:6:129:Infinity":35,"s:130:6:130:Infinity":36,"b:133:4:137:Infinity:undefined:undefined:undefined:undefined":11,"s:133:4:137:Infinity":37,"s:134:6:134:Infinity":38,"s:135:6:135:Infinity":39,"s:136:6:136:Infinity":40,"b:139:4:151:Infinity:undefined:undefined:undefined:undefined":12,"s:139:4:151:Infinity":41,"s:140:24:140:Infinity":42,"b:141:6:150:Infinity:undefined:undefined:undefined:undefined":13,"s:141:6:150:Infinity":43,"s:142:23:142:Infinity":44,"s:143:21:143:Infinity":45,"s:144:8:144:Infinity":46,"b:145:8:147:Infinity:undefined:undefined:undefined:undefined":14,"s:145:8:147:Infinity":47,"s:146:10:146:Infinity":48,"s:148:8:148:Infinity":49,"s:149:8:149:Infinity":50,"s:153:4:153:Infinity":51,"s:154:4:154:Infinity":52,"b:157:2:159:Infinity:undefined:undefined:undefined:undefined":15,"s:157:2:159:Infinity":53,"s:158:4:158:Infinity":54,"s:161:2:161:Infinity":55,"f:164:9:164:25":8,"s:165:21:165:Infinity":56,"s:166:16:166:Infinity":57,"s:168:2:171:Infinity":58,"s:168:19:168:22":59,"s:169:17:169:Infinity":60,"s:170:4:170:Infinity":61,"b:170:33:170:40:170:40:170:Infinity":16,"s:173:2:173:Infinity":62,"f:176:9:176:23":9,"s:177:16:177:Infinity":63,"s:179:20:179:Infinity":64,"s:180:21:180:Infinity":65,"s:181:18:181:Infinity":66,"s:182:20:182:Infinity":67,"s:183:23:183:Infinity":68,"s:184:21:184:Infinity":69,"s:185:26:185:Infinity":70,"s:186:29:186:Infinity":71,"s:188:2:190:Infinity":72,"s:188:19:188:22":73,"s:189:4:189:Infinity":74,"s:192:28:192:Infinity":75,"s:193:8:196:Infinity":76,"f:193:8:193:21":10,"s:194:4:194:Infinity":77,"s:195:4:195:Infinity":78,"s:198:17:198:Infinity":79,"s:199:22:199:Infinity":80,"s:200:28:200:Infinity":81,"s:202:21:221:Infinity":82,"f:202:27:202:32":11,"s:203:21:203:Infinity":83,"s:204:19:204:Infinity":84,"b:206:4:209:Infinity:undefined:undefined:undefined:undefined":17,"s:206:4:209:Infinity":85,"s:207:6:207:Infinity":86,"s:208:6:208:Infinity":87,"s:211:4:216:Infinity":88,"s:212:6:212:Infinity":89,"b:212:47:212:54:212:54:212:59":18,"b:212:62:212:80:212:80:212:112":19,"b:212:103:212:108:212:108:212:112":20,"s:213:6:213:Infinity":90,"s:214:6:214:Infinity":91,"s:215:6:215:Infinity":92,"s:217:4:217:Infinity":93,"s:219:19:219:Infinity":94,"s:220:4:220:Infinity":95,"s:223:22:223:Infinity":96,"s:225:2:230:Infinity":97,"f:225:13:225:22":12,"s:226:19:228:Infinity":98,"s:229:4:229:Infinity":99,"s:232:24:232:Infinity":100,"f:232:68:232:73":13,"s:232:80:232:91":101,"s:233:20:233:Infinity":102,"s:235:12:235:Infinity":103,"s:236:18:236:Infinity":104,"s:238:2:241:Infinity":105,"f:238:10:238:19":14,"s:239:4:239:Infinity":106,"s:240:4:240:Infinity":107,"s:243:21:243:Infinity":108,"s:244:2:244:Infinity":109,"s:245:2:245:Infinity":110,"s:246:2:248:Infinity":111,"s:247:4:247:Infinity":112,"s:249:2:249:Infinity":113,"s:251:2:251:Infinity":114,"f:254:9:254:29":15,"s:265:17:272:Infinity":115,"b:274:2:276:Infinity:undefined:undefined:undefined:undefined":21,"s:274:2:276:Infinity":116,"s:275:4:275:Infinity":117,"b:277:2:279:Infinity:undefined:undefined:undefined:undefined":22,"s:277:2:279:Infinity":118,"s:278:4:278:Infinity":119,"s:281:2:281:Infinity":120,"f:284:16:284:28":16,"b:285:9:285:Infinity":23,"b:287:20:287:Infinity":24,"s:295:17:295:Infinity":121,"s:296:26:296:Infinity":122,"b:296:26:296:37:296:37:296:Infinity":25,"s:297:28:315:Infinity":123,"f:297:28:297:46":17,"b:298:4:298:Infinity:undefined:undefined:undefined:undefined":26,"s:298:4:298:Infinity":124,"s:298:39:298:Infinity":125,"s:300:18:300:Infinity":126,"b:300:18:300:41:300:41:300:Infinity":27,"s:301:17:301:Infinity":127,"b:301:17:301:38:301:38:301:Infinity":28,"s:302:21:302:Infinity":128,"b:302:21:302:46:302:46:302:Infinity":29,"s:303:20:303:Infinity":129,"s:304:16:304:Infinity":130,"s:305:17:305:Infinity":131,"s:307:4:307:Infinity":132,"s:308:4:308:Infinity":133,"s:309:4:309:Infinity":134,"s:310:4:310:Infinity":135,"s:311:4:311:Infinity":136,"s:312:4:314:Infinity":137,"f:312:11:312:28":18,"s:313:6:313:Infinity":138,"b:317:2:396:Infinity:330:9:396:Infinity":30,"s:317:2:396:Infinity":139,"s:318:4:328:Infinity":140,"s:331:4:394:Infinity":141,"b:335:13:335:32:335:32:335:Infinity":31,"b:340:13:340:Infinity:341:14:346:Infinity":32,"b:359:15:359:38:359:38:359:Infinity":33,"b:380:16:384:Infinity:384:18:384:Infinity":34,"b:379:15:379:34:379:34:379:Infinity":35,"b:381:36:381:Infinity:381:62:381:Infinity":36,"b:382:33:382:Infinity:382:56:382:Infinity":37,"f:399:9:399:25":19,"b:401:20:401:Infinity":38,"s:418:20:418:Infinity":142,"b:418:38:418:46:418:46:418:Infinity":39,"s:419:17:419:Infinity":143,"s:421:2:455:Infinity":144,"b:424:8:443:Infinity:443:10:443:Infinity":40,"b:427:13:427:34:427:34:427:Infinity":41,"b:448:12:452:Infinity:452:14:452:Infinity":42,"b:447:11:447:30:447:30:447:Infinity":43,"b:449:32:449:Infinity:449:58:449:Infinity":44,"b:450:29:450:Infinity:450:52:450:Infinity":45},"fnNames":{}}}
,"/home/julian/development/ui/src/components/NodeIdDisplay.tsx": {"path":"/home/julian/development/ui/src/components/NodeIdDisplay.tsx","statementMap":{"0":{"start":{"line":1,"column":9},"end":{"line":1,"column":null}},"1":{"start":{"line":22,"column":2},"end":{"line":32,"column":null}}},"fnMap":{"0":{"name":"NodeIdDisplay","decl":{"start":{"line":14,"column":16},"end":{"line":14,"column":30}},"loc":{"start":{"line":21,"column":23},"end":{"line":34,"column":null}},"line":21}},"branchMap":{"0":{"loc":{"start":{"line":16,"column":2},"end":{"line":16,"column":null}},"type":"default-arg","locations":[{"start":{"line":16,"column":14},"end":{"line":16,"column":null}}],"line":16},"1":{"loc":{"start":{"line":20,"column":2},"end":{"line":20,"column":null}},"type":"default-arg","locations":[{"start":{"line":20,"column":19},"end":{"line":20,"column":null}}],"line":20},"2":{"loc":{"start":{"line":31,"column":7},"end":{"line":32,"column":null}},"type":"binary-expr","locations":[{"start":{"line":31,"column":7},"end":{"line":31,"column":26}},{"start":{"line":31,"column":26},"end":{"line":32,"column":null}}],"line":31}},"s":{"0":1,"1":3},"f":{"0":3},"b":{"0":[3],"1":[3],"2":[3,2]},"meta":{"lastBranch":3,"lastFunction":1,"lastStatement":2,"seen":{"s:1:9:1:Infinity":0,"f:14:16:14:30":0,"b:16:14:16:Infinity":0,"b:20:19:20:Infinity":1,"s:22:2:32:Infinity":1,"b:31:7:31:26:31:26:32:Infinity":2},"fnNames":{}}}
,"/home/julian/development/ui/src/components/Attachment/Attachment.tsx": {"path":"/home/julian/development/ui/src/components/Attachment/Attachment.tsx","statementMap":{"0":{"start":{"line":1,"column":9},"end":{"line":1,"column":59}},"1":{"start":{"line":1,"column":59},"end":{"line":1,"column":null}},"2":{"start":{"line":29,"column":17},"end":{"line":29,"column":null}},"3":{"start":{"line":30,"column":34},"end":{"line":30,"column":null}},"4":{"start":{"line":31,"column":24},"end":{"line":31,"column":null}},"5":{"start":{"line":32,"column":36},"end":{"line":32,"column":null}},"6":{"start":{"line":33,"column":28},"end":{"line":33,"column":null}},"7":{"start":{"line":34,"column":23},"end":{"line":34,"column":null}},"8":{"start":{"line":35,"column":25},"end":{"line":35,"column":null}},"9":{"start":{"line":36,"column":29},"end":{"line":36,"column":null}},"10":{"start":{"line":37,"column":29},"end":{"line":37,"column":null}},"11":{"start":{"line":38,"column":21},"end":{"line":38,"column":null}},"12":{"start":{"line":40,"column":2},"end":{"line":42,"column":null}},"13":{"start":{"line":41,"column":4},"end":{"line":41,"column":null}},"14":{"start":{"line":43,"column":2},"end":{"line":45,"column":null}},"15":{"start":{"line":44,"column":4},"end":{"line":44,"column":null}},"16":{"start":{"line":46,"column":2},"end":{"line":48,"column":null}},"17":{"start":{"line":47,"column":4},"end":{"line":47,"column":null}},"18":{"start":{"line":50,"column":2},"end":{"line":81,"column":null}},"19":{"start":{"line":51,"column":4},"end":{"line":51,"column":null}},"20":{"start":{"line":53,"column":38},"end":{"line":53,"column":null}},"21":{"start":{"line":54,"column":25},"end":{"line":78,"column":null}},"22":{"start":{"line":55,"column":6},"end":{"line":77,"column":null}},"23":{"start":{"line":58,"column":8},"end":{"line":62,"column":null}},"24":{"start":{"line":59,"column":10},"end":{"line":59,"column":null}},"25":{"start":{"line":61,"column":10},"end":{"line":61,"column":null}},"26":{"start":{"line":64,"column":21},"end":{"line":66,"column":null}},"27":{"start":{"line":68,"column":8},"end":{"line":68,"column":null}},"28":{"start":{"line":69,"column":26},"end":{"line":69,"column":null}},"29":{"start":{"line":70,"column":8},"end":{"line":70,"column":null}},"30":{"start":{"line":71,"column":8},"end":{"line":71,"column":null}},"31":{"start":{"line":73,"column":8},"end":{"line":73,"column":null}},"32":{"start":{"line":74,"column":8},"end":{"line":74,"column":null}},"33":{"start":{"line":76,"column":8},"end":{"line":76,"column":null}},"34":{"start":{"line":80,"column":4},"end":{"line":80,"column":null}},"35":{"start":{"line":83,"column":2},"end":{"line":92,"column":null}},"36":{"start":{"line":84,"column":4},"end":{"line":91,"column":null}},"37":{"start":{"line":85,"column":6},"end":{"line":87,"column":null}},"38":{"start":{"line":86,"column":8},"end":{"line":86,"column":null}},"39":{"start":{"line":88,"column":6},"end":{"line":90,"column":null}},"40":{"start":{"line":89,"column":8},"end":{"line":89,"column":null}},"41":{"start":{"line":94,"column":8},"end":{"line":106,"column":null}},"42":{"start":{"line":95,"column":4},"end":{"line":95,"column":null}},"43":{"start":{"line":95,"column":14},"end":{"line":95,"column":null}},"44":{"start":{"line":97,"column":4},"end":{"line":97,"column":null}},"45":{"start":{"line":98,"column":4},"end":{"line":98,"column":null}},"46":{"start":{"line":99,"column":4},"end":{"line":99,"column":null}},"47":{"start":{"line":101,"column":4},"end":{"line":105,"column":null}},"48":{"start":{"line":102,"column":6},"end":{"line":102,"column":null}},"49":{"start":{"line":103,"column":6},"end":{"line":103,"column":null}},"50":{"start":{"line":104,"column":6},"end":{"line":104,"column":null}},"51":{"start":{"line":108,"column":2},"end":{"line":133,"column":null}}},"fnMap":{"0":{"name":"Attachment","decl":{"start":{"line":28,"column":16},"end":{"line":28,"column":27}},"loc":{"start":{"line":28,"column":135},"end":{"line":135,"column":null}},"line":28},"1":{"name":"(anonymous_1)","decl":{"start":{"line":40,"column":2},"end":{"line":40,"column":18}},"loc":{"start":{"line":40,"column":18},"end":{"line":42,"column":5}},"line":40},"2":{"name":"(anonymous_2)","decl":{"start":{"line":43,"column":2},"end":{"line":43,"column":18}},"loc":{"start":{"line":43,"column":18},"end":{"line":45,"column":5}},"line":43},"3":{"name":"(anonymous_3)","decl":{"start":{"line":46,"column":2},"end":{"line":46,"column":18}},"loc":{"start":{"line":46,"column":18},"end":{"line":48,"column":5}},"line":46},"4":{"name":"(anonymous_4)","decl":{"start":{"line":50,"column":2},"end":{"line":50,"column":18}},"loc":{"start":{"line":50,"column":18},"end":{"line":81,"column":5}},"line":50},"5":{"name":"(anonymous_5)","decl":{"start":{"line":54,"column":25},"end":{"line":54,"column":37}},"loc":{"start":{"line":54,"column":37},"end":{"line":78,"column":null}},"line":54},"6":{"name":"(anonymous_6)","decl":{"start":{"line":83,"column":2},"end":{"line":83,"column":18}},"loc":{"start":{"line":83,"column":18},"end":{"line":92,"column":5}},"line":83},"7":{"name":"(anonymous_7)","decl":{"start":{"line":84,"column":4},"end":{"line":84,"column":17}},"loc":{"start":{"line":84,"column":17},"end":{"line":91,"column":null}},"line":84},"8":{"name":"(anonymous_8)","decl":{"start":{"line":94,"column":8},"end":{"line":94,"column":25}},"loc":{"start":{"line":94,"column":25},"end":{"line":106,"column":null}},"line":94},"9":{"name":"(anonymous_9)","decl":{"start":{"line":101,"column":39},"end":{"line":101,"column":56}},"loc":{"start":{"line":101,"column":56},"end":{"line":105,"column":7}},"line":101}},"branchMap":{"0":{"loc":{"start":{"line":58,"column":8},"end":{"line":62,"column":null}},"type":"if","locations":[{"start":{"line":58,"column":8},"end":{"line":62,"column":null}},{"start":{"line":60,"column":15},"end":{"line":62,"column":null}}],"line":58},"1":{"loc":{"start":{"line":58,"column":12},"end":{"line":58,"column":40}},"type":"binary-expr","locations":[{"start":{"line":58,"column":12},"end":{"line":58,"column":18}},{"start":{"line":58,"column":18},"end":{"line":58,"column":40}}],"line":58},"2":{"loc":{"start":{"line":65,"column":16},"end":{"line":65,"column":null}},"type":"binary-expr","locations":[{"start":{"line":65,"column":16},"end":{"line":65,"column":41}},{"start":{"line":65,"column":41},"end":{"line":65,"column":null}}],"line":65},"3":{"loc":{"start":{"line":85,"column":6},"end":{"line":87,"column":null}},"type":"if","locations":[{"start":{"line":85,"column":6},"end":{"line":87,"column":null}},{"start":{},"end":{}}],"line":85},"4":{"loc":{"start":{"line":88,"column":6},"end":{"line":90,"column":null}},"type":"if","locations":[{"start":{"line":88,"column":6},"end":{"line":90,"column":null}},{"start":{},"end":{}}],"line":88},"5":{"loc":{"start":{"line":95,"column":4},"end":{"line":95,"column":null}},"type":"if","locations":[{"start":{"line":95,"column":4},"end":{"line":95,"column":null}},{"start":{},"end":{}}],"line":95},"6":{"loc":{"start":{"line":125,"column":18},"end":{"line":125,"column":null}},"type":"binary-expr","locations":[{"start":{"line":125,"column":18},"end":{"line":125,"column":26}},{"start":{"line":125,"column":26},"end":{"line":125,"column":39}},{"start":{"line":125,"column":39},"end":{"line":125,"column":null}}],"line":125},"7":{"loc":{"start":{"line":127,"column":9},"end":{"line":130,"column":null}},"type":"cond-expr","locations":[{"start":{"line":128,"column":10},"end":{"line":130,"column":11}},{"start":{"line":130,"column":10},"end":{"line":130,"column":null}}],"line":127}},"s":{"0":1,"1":1,"2":12,"3":12,"4":12,"5":12,"6":12,"7":12,"8":12,"9":12,"10":12,"11":12,"12":12,"13":6,"14":12,"15":6,"16":12,"17":6,"18":12,"19":6,"20":6,"21":6,"22":6,"23":6,"24":1,"25":5,"26":6,"27":6,"28":6,"29":6,"30":6,"31":0,"32":0,"33":6,"34":6,"35":12,"36":6,"37":3,"38":0,"39":3,"40":3,"41":12,"42":0,"43":0,"44":0,"45":0,"46":0,"47":0,"48":0,"49":0,"50":0,"51":12},"f":{"0":12,"1":6,"2":6,"3":6,"4":6,"5":6,"6":6,"7":3,"8":0,"9":0},"b":{"0":[1,5],"1":[6,1],"2":[6,0],"3":[0,3],"4":[3,0],"5":[0,0],"6":[12,6,6],"7":[0,12]},"meta":{"lastBranch":8,"lastFunction":10,"lastStatement":52,"seen":{"s:1:9:1:59":0,"s:1:59:1:Infinity":1,"f:28:16:28:27":0,"s:29:17:29:Infinity":2,"s:30:34:30:Infinity":3,"s:31:24:31:Infinity":4,"s:32:36:32:Infinity":5,"s:33:28:33:Infinity":6,"s:34:23:34:Infinity":7,"s:35:25:35:Infinity":8,"s:36:29:36:Infinity":9,"s:37:29:37:Infinity":10,"s:38:21:38:Infinity":11,"s:40:2:42:Infinity":12,"f:40:2:40:18":1,"s:41:4:41:Infinity":13,"s:43:2:45:Infinity":14,"f:43:2:43:18":2,"s:44:4:44:Infinity":15,"s:46:2:48:Infinity":16,"f:46:2:46:18":3,"s:47:4:47:Infinity":17,"s:50:2:81:Infinity":18,"f:50:2:50:18":4,"s:51:4:51:Infinity":19,"s:53:38:53:Infinity":20,"s:54:25:78:Infinity":21,"f:54:25:54:37":5,"s:55:6:77:Infinity":22,"b:58:8:62:Infinity:60:15:62:Infinity":0,"s:58:8:62:Infinity":23,"b:58:12:58:18:58:18:58:40":1,"s:59:10:59:Infinity":24,"s:61:10:61:Infinity":25,"s:64:21:66:Infinity":26,"b:65:16:65:41:65:41:65:Infinity":2,"s:68:8:68:Infinity":27,"s:69:26:69:Infinity":28,"s:70:8:70:Infinity":29,"s:71:8:71:Infinity":30,"s:73:8:73:Infinity":31,"s:74:8:74:Infinity":32,"s:76:8:76:Infinity":33,"s:80:4:80:Infinity":34,"s:83:2:92:Infinity":35,"f:83:2:83:18":6,"s:84:4:91:Infinity":36,"f:84:4:84:17":7,"b:85:6:87:Infinity:undefined:undefined:undefined:undefined":3,"s:85:6:87:Infinity":37,"s:86:8:86:Infinity":38,"b:88:6:90:Infinity:undefined:undefined:undefined:undefined":4,"s:88:6:90:Infinity":39,"s:89:8:89:Infinity":40,"s:94:8:106:Infinity":41,"f:94:8:94:25":8,"b:95:4:95:Infinity:undefined:undefined:undefined:undefined":5,"s:95:4:95:Infinity":42,"s:95:14:95:Infinity":43,"s:97:4:97:Infinity":44,"s:98:4:98:Infinity":45,"s:99:4:99:Infinity":46,"s:101:4:105:Infinity":47,"f:101:39:101:56":9,"s:102:6:102:Infinity":48,"s:103:6:103:Infinity":49,"s:104:6:104:Infinity":50,"s:108:2:133:Infinity":51,"b:125:18:125:26:125:26:125:39:125:39:125:Infinity":6,"b:128:10:130:11:130:10:130:Infinity":7},"fnNames":{}}}
,"/home/julian/development/ui/src/components/CopyToClipboard/CopyToClipboardButton.tsx": {"path":"/home/julian/development/ui/src/components/CopyToClipboard/CopyToClipboardButton.tsx","statementMap":{"0":{"start":{"line":12,"column":2},"end":{"line":15,"column":null}},"1":{"start":{"line":13,"column":4},"end":{"line":13,"column":null}},"2":{"start":{"line":14,"column":4},"end":{"line":14,"column":null}},"3":{"start":{"line":17,"column":2},"end":{"line":17,"column":null}},"4":{"start":{"line":43,"column":17},"end":{"line":43,"column":27}},"5":{"start":{"line":44,"column":30},"end":{"line":44,"column":null}},"6":{"start":{"line":45,"column":26},"end":{"line":45,"column":null}},"7":{"start":{"line":47,"column":4},"end":{"line":53,"column":null}},"8":{"start":{"line":55,"column":2},"end":{"line":61,"column":null}},"9":{"start":{"line":56,"column":4},"end":{"line":60,"column":null}},"10":{"start":{"line":57,"column":6},"end":{"line":59,"column":null}},"11":{"start":{"line":58,"column":8},"end":{"line":58,"column":null}},"12":{"start":{"line":63,"column":2},"end":{"line":138,"column":null}},"13":{"start":{"line":76,"column":8},"end":{"line":76,"column":null}},"14":{"start":{"line":77,"column":8},"end":{"line":79,"column":null}},"15":{"start":{"line":78,"column":10},"end":{"line":78,"column":null}},"16":{"start":{"line":81,"column":8},"end":{"line":133,"column":null}},"17":{"start":{"line":83,"column":12},"end":{"line":83,"column":null}},"18":{"start":{"line":85,"column":12},"end":{"line":94,"column":null}},"19":{"start":{"line":86,"column":14},"end":{"line":86,"column":null}},"20":{"start":{"line":87,"column":14},"end":{"line":89,"column":null}},"21":{"start":{"line":88,"column":16},"end":{"line":88,"column":null}},"22":{"start":{"line":90,"column":14},"end":{"line":93,"column":null}},"23":{"start":{"line":91,"column":16},"end":{"line":91,"column":null}},"24":{"start":{"line":92,"column":16},"end":{"line":92,"column":null}},"25":{"start":{"line":96,"column":12},"end":{"line":112,"column":null}},"26":{"start":{"line":115,"column":12},"end":{"line":132,"column":null}},"27":{"start":{"line":1,"column":9},"end":{"line":1,"column":null}},"28":{"start":{"line":1,"column":36},"end":{"line":1,"column":null}},"29":{"start":{"line":43,"column":17},"end":{"line":43,"column":null}}},"fnMap":{"0":{"name":"copyToClipboard","decl":{"start":{"line":11,"column":15},"end":{"line":11,"column":31}},"loc":{"start":{"line":11,"column":46},"end":{"line":18,"column":null}},"line":11},"1":{"name":"CopyToClipboardButton","decl":{"start":{"line":29,"column":16},"end":{"line":29,"column":38}},"loc":{"start":{"line":42,"column":31},"end":{"line":140,"column":null}},"line":42},"2":{"name":"(anonymous_2)","decl":{"start":{"line":55,"column":2},"end":{"line":55,"column":18}},"loc":{"start":{"line":55,"column":18},"end":{"line":61,"column":5}},"line":55},"3":{"name":"(anonymous_3)","decl":{"start":{"line":56,"column":4},"end":{"line":56,"column":17}},"loc":{"start":{"line":56,"column":17},"end":{"line":60,"column":null}},"line":56},"4":{"name":"(anonymous_4)","decl":{"start":{"line":75,"column":6},"end":{"line":75,"column":16}},"loc":{"start":{"line":75,"column":26},"end":{"line":134,"column":null}},"line":75},"5":{"name":"(anonymous_5)","decl":{"start":{"line":82,"column":11},"end":{"line":82,"column":22}},"loc":{"start":{"line":82,"column":22},"end":{"line":113,"column":11}},"line":82},"6":{"name":"(anonymous_6)","decl":{"start":{"line":90,"column":47},"end":{"line":90,"column":64}},"loc":{"start":{"line":90,"column":64},"end":{"line":93,"column":17}},"line":90},"7":{"name":"(anonymous_7)","decl":{"start":{"line":114,"column":11},"end":{"line":114,"column":23}},"loc":{"start":{"line":114,"column":23},"end":{"line":133,"column":11}},"line":114}},"branchMap":{"0":{"loc":{"start":{"line":12,"column":2},"end":{"line":15,"column":null}},"type":"if","locations":[{"start":{"line":12,"column":2},"end":{"line":15,"column":null}},{"start":{},"end":{}}],"line":12},"1":{"loc":{"start":{"line":12,"column":6},"end":{"line":12,"column":74}},"type":"binary-expr","locations":[{"start":{"line":12,"column":6},"end":{"line":12,"column":42}},{"start":{"line":12,"column":42},"end":{"line":12,"column":74}}],"line":12},"2":{"loc":{"start":{"line":33,"column":2},"end":{"line":33,"column":null}},"type":"default-arg","locations":[{"start":{"line":33,"column":18},"end":{"line":33,"column":null}}],"line":33},"3":{"loc":{"start":{"line":36,"column":2},"end":{"line":36,"column":null}},"type":"default-arg","locations":[{"start":{"line":36,"column":12},"end":{"line":36,"column":null}}],"line":36},"4":{"loc":{"start":{"line":37,"column":2},"end":{"line":37,"column":null}},"type":"default-arg","locations":[{"start":{"line":37,"column":9},"end":{"line":37,"column":null}}],"line":37},"5":{"loc":{"start":{"line":38,"column":2},"end":{"line":38,"column":null}},"type":"default-arg","locations":[{"start":{"line":38,"column":9},"end":{"line":38,"column":null}}],"line":38},"6":{"loc":{"start":{"line":47,"column":4},"end":{"line":53,"column":null}},"type":"binary-expr","locations":[{"start":{"line":47,"column":4},"end":{"line":47,"column":null}},{"start":{"line":48,"column":4},"end":{"line":53,"column":null}}],"line":47},"7":{"loc":{"start":{"line":57,"column":6},"end":{"line":59,"column":null}},"type":"if","locations":[{"start":{"line":57,"column":6},"end":{"line":59,"column":null}},{"start":{},"end":{}}],"line":57},"8":{"loc":{"start":{"line":77,"column":8},"end":{"line":79,"column":null}},"type":"if","locations":[{"start":{"line":77,"column":8},"end":{"line":79,"column":null}},{"start":{},"end":{}}],"line":77},"9":{"loc":{"start":{"line":85,"column":12},"end":{"line":94,"column":null}},"type":"if","locations":[{"start":{"line":85,"column":12},"end":{"line":94,"column":null}},{"start":{},"end":{}}],"line":85},"10":{"loc":{"start":{"line":87,"column":14},"end":{"line":89,"column":null}},"type":"if","locations":[{"start":{"line":87,"column":14},"end":{"line":89,"column":null}},{"start":{},"end":{}}],"line":87},"11":{"loc":{"start":{"line":137,"column":21},"end":{"line":137,"column":69}},"type":"cond-expr","locations":[{"start":{"line":137,"column":47},"end":{"line":137,"column":59}},{"start":{"line":137,"column":59},"end":{"line":137,"column":69}}],"line":137},"12":{"loc":{"start":{"line":137,"column":21},"end":{"line":137,"column":47}},"type":"binary-expr","locations":[{"start":{"line":137,"column":21},"end":{"line":137,"column":31}},{"start":{"line":137,"column":31},"end":{"line":137,"column":47}}],"line":137},"13":{"loc":{"start":{"line":137,"column":100},"end":{"line":137,"column":130}},"type":"cond-expr","locations":[{"start":{"line":137,"column":116},"end":{"line":137,"column":123}},{"start":{"line":137,"column":123},"end":{"line":137,"column":130}}],"line":137}},"s":{"0":5,"1":5,"2":4,"3":0,"4":19,"5":19,"6":19,"7":19,"8":19,"9":18,"10":15,"11":1,"12":19,"13":6,"14":6,"15":1,"16":5,"17":4,"18":4,"19":1,"20":1,"21":0,"22":1,"23":0,"24":0,"25":4,"26":1,"27":6,"28":6,"29":11},"f":{"0":5,"1":19,"2":18,"3":15,"4":6,"5":4,"6":0,"7":1},"b":{"0":[5,0],"1":[5,5],"2":[19],"3":[19],"4":[19],"5":[19],"6":[19,16],"7":[1,14],"8":[1,5],"9":[1,3],"10":[0,1],"11":[1,18],"12":[19,1],"13":[0,19]},"meta":{"lastBranch":14,"lastFunction":8,"lastStatement":27,"seen":{"f:11:15:11:31":0,"b:12:2:15:Infinity:undefined:undefined:undefined:undefined":0,"s:12:2:15:Infinity":0,"b:12:6:12:42:12:42:12:74":1,"s:13:4:13:Infinity":1,"s:14:4:14:Infinity":2,"s:17:2:17:Infinity":3,"f:29:16:29:38":1,"b:33:18:33:Infinity":2,"b:36:12:36:Infinity":3,"b:37:9:37:Infinity":4,"b:38:9:38:Infinity":5,"s:43:17:43:27":4,"s:44:30:44:Infinity":5,"s:45:26:45:Infinity":6,"s:47:4:53:Infinity":7,"b:47:4:47:Infinity:48:4:53:Infinity":6,"s:55:2:61:Infinity":8,"f:55:2:55:18":2,"s:56:4:60:Infinity":9,"f:56:4:56:17":3,"b:57:6:59:Infinity:undefined:undefined:undefined:undefined":7,"s:57:6:59:Infinity":10,"s:58:8:58:Infinity":11,"s:63:2:138:Infinity":12,"f:75:6:75:16":4,"s:76:8:76:Infinity":13,"b:77:8:79:Infinity:undefined:undefined:undefined:undefined":8,"s:77:8:79:Infinity":14,"s:78:10:78:Infinity":15,"s:81:8:133:Infinity":16,"f:82:11:82:22":5,"s:83:12:83:Infinity":17,"b:85:12:94:Infinity:undefined:undefined:undefined:undefined":9,"s:85:12:94:Infinity":18,"s:86:14:86:Infinity":19,"b:87:14:89:Infinity:undefined:undefined:undefined:undefined":10,"s:87:14:89:Infinity":20,"s:88:16:88:Infinity":21,"s:90:14:93:Infinity":22,"f:90:47:90:64":6,"s:91:16:91:Infinity":23,"s:92:16:92:Infinity":24,"s:96:12:112:Infinity":25,"f:114:11:114:23":7,"s:115:12:132:Infinity":26,"b:137:47:137:59:137:59:137:69":11,"b:137:21:137:31:137:31:137:47":12,"b:137:116:137:123:137:123:137:130":13},"fnNames":{}}}
,"/home/julian/development/ui/src/components/CountrySelector/CountrySelector.tsx": {"path":"/home/julian/development/ui/src/components/CountrySelector/CountrySelector.tsx","statementMap":{"0":{"start":{"line":18,"column":24},"end":{"line":235,"column":null}},"1":{"start":{"line":22,"column":15},"end":{"line":22,"column":null}},"2":{"start":{"line":23,"column":24},"end":{"line":26,"column":null}},"3":{"start":{"line":24,"column":36},"end":{"line":24,"column":null}},"4":{"start":{"line":27,"column":30},"end":{"line":27,"column":null}},"5":{"start":{"line":28,"column":30},"end":{"line":28,"column":null}},"6":{"start":{"line":29,"column":23},"end":{"line":29,"column":null}},"7":{"start":{"line":30,"column":21},"end":{"line":30,"column":null}},"8":{"start":{"line":31,"column":25},"end":{"line":31,"column":null}},"9":{"start":{"line":32,"column":26},"end":{"line":32,"column":null}},"10":{"start":{"line":34,"column":23},"end":{"line":34,"column":75}},"11":{"start":{"line":35,"column":26},"end":{"line":35,"column":48}},"12":{"start":{"line":36,"column":23},"end":{"line":36,"column":null}},"13":{"start":{"line":37,"column":26},"end":{"line":37,"column":null}},"14":{"start":{"line":39,"column":25},"end":{"line":39,"column":null}},"15":{"start":{"line":39,"column":39},"end":{"line":39,"column":73}},"16":{"start":{"line":41,"column":28},"end":{"line":44,"column":null}},"17":{"start":{"line":42,"column":18},"end":{"line":42,"column":null}},"18":{"start":{"line":43,"column":4},"end":{"line":43,"column":null}},"19":{"start":{"line":43,"column":53},"end":{"line":43,"column":79}},"20":{"start":{"line":46,"column":23},"end":{"line":46,"column":null}},"21":{"start":{"line":47,"column":33},"end":{"line":47,"column":null}},"22":{"start":{"line":48,"column":23},"end":{"line":52,"column":null}},"23":{"start":{"line":53,"column":19},"end":{"line":53,"column":null}},"24":{"start":{"line":54,"column":29},"end":{"line":54,"column":null}},"25":{"start":{"line":56,"column":25},"end":{"line":70,"column":null}},"26":{"start":{"line":58,"column":6},"end":{"line":58,"column":null}},"27":{"start":{"line":60,"column":6},"end":{"line":63,"column":null}},"28":{"start":{"line":61,"column":8},"end":{"line":61,"column":null}},"29":{"start":{"line":62,"column":8},"end":{"line":62,"column":null}},"30":{"start":{"line":65,"column":6},"end":{"line":67,"column":null}},"31":{"start":{"line":66,"column":8},"end":{"line":66,"column":null}},"32":{"start":{"line":72,"column":21},"end":{"line":82,"column":null}},"33":{"start":{"line":74,"column":6},"end":{"line":79,"column":null}},"34":{"start":{"line":84,"column":28},"end":{"line":90,"column":null}},"35":{"start":{"line":86,"column":6},"end":{"line":86,"column":null}},"36":{"start":{"line":87,"column":6},"end":{"line":87,"column":null}},"37":{"start":{"line":92,"column":27},"end":{"line":96,"column":null}},"38":{"start":{"line":93,"column":4},"end":{"line":95,"column":null}},"39":{"start":{"line":94,"column":6},"end":{"line":94,"column":null}},"40":{"start":{"line":98,"column":64},"end":{"line":106,"column":null}},"41":{"start":{"line":108,"column":66},"end":{"line":119,"column":null}},"42":{"start":{"line":122,"column":4},"end":{"line":141,"column":null}},"43":{"start":{"line":135,"column":8},"end":{"line":135,"column":null}},"44":{"start":{"line":145,"column":4},"end":{"line":179,"column":null}},"45":{"start":{"line":165,"column":8},"end":{"line":165,"column":null}},"46":{"start":{"line":166,"column":8},"end":{"line":169,"column":null}},"47":{"start":{"line":167,"column":10},"end":{"line":167,"column":null}},"48":{"start":{"line":168,"column":10},"end":{"line":168,"column":null}},"49":{"start":{"line":172,"column":8},"end":{"line":172,"column":null}},"50":{"start":{"line":173,"column":8},"end":{"line":173,"column":null}},"51":{"start":{"line":174,"column":8},"end":{"line":174,"column":null}},"52":{"start":{"line":177,"column":8},"end":{"line":177,"column":null}},"53":{"start":{"line":182,"column":2},"end":{"line":217,"column":null}},"54":{"start":{"line":183,"column":4},"end":{"line":215,"column":null}},"55":{"start":{"line":187,"column":12},"end":{"line":190,"column":null}},"56":{"start":{"line":188,"column":14},"end":{"line":188,"column":null}},"57":{"start":{"line":189,"column":14},"end":{"line":189,"column":null}},"58":{"start":{"line":192,"column":12},"end":{"line":192,"column":null}},"59":{"start":{"line":193,"column":12},"end":{"line":193,"column":null}},"60":{"start":{"line":194,"column":12},"end":{"line":196,"column":null}},"61":{"start":{"line":195,"column":14},"end":{"line":195,"column":null}},"62":{"start":{"line":197,"column":12},"end":{"line":197,"column":null}},"63":{"start":{"line":219,"column":2},"end":{"line":233,"column":null}},"64":{"start":{"line":1,"column":7},"end":{"line":1,"column":38}},"65":{"start":{"line":1,"column":46},"end":{"line":1,"column":null}},"66":{"start":{"line":1,"column":62},"end":{"line":1,"column":null}},"67":{"start":{"line":34,"column":23},"end":{"line":34,"column":null}},"68":{"start":{"line":35,"column":26},"end":{"line":35,"column":null}}},"fnMap":{"0":{"name":"CountrySelector","decl":{"start":{"line":18,"column":91},"end":{"line":18,"column":null}},"loc":{"start":{"line":21,"column":2},"end":{"line":235,"column":1}},"line":21},"1":{"name":"(anonymous_1)","decl":{"start":{"line":23,"column":24},"end":{"line":23,"column":null}},"loc":{"start":{"line":24,"column":36},"end":{"line":24,"column":null}},"line":24},"2":{"name":"(anonymous_2)","decl":{"start":{"line":39,"column":25},"end":{"line":39,"column":39}},"loc":{"start":{"line":39,"column":39},"end":{"line":39,"column":73}},"line":39},"3":{"name":"(anonymous_3)","decl":{"start":{"line":41,"column":28},"end":{"line":41,"column":42}},"loc":{"start":{"line":41,"column":42},"end":{"line":44,"column":5}},"line":41},"4":{"name":"(anonymous_4)","decl":{"start":{"line":43,"column":26},"end":{"line":43,"column":34}},"loc":{"start":{"line":43,"column":53},"end":{"line":43,"column":79}},"line":43},"5":{"name":"(anonymous_5)","decl":{"start":{"line":56,"column":25},"end":{"line":56,"column":null}},"loc":{"start":{"line":57,"column":40},"end":{"line":68,"column":null}},"line":57},"6":{"name":"(anonymous_6)","decl":{"start":{"line":72,"column":21},"end":{"line":72,"column":null}},"loc":{"start":{"line":73,"column":39},"end":{"line":80,"column":null}},"line":73},"7":{"name":"(anonymous_7)","decl":{"start":{"line":84,"column":28},"end":{"line":84,"column":null}},"loc":{"start":{"line":85,"column":39},"end":{"line":88,"column":null}},"line":85},"8":{"name":"(anonymous_8)","decl":{"start":{"line":92,"column":27},"end":{"line":92,"column":45}},"loc":{"start":{"line":92,"column":45},"end":{"line":96,"column":5}},"line":92},"9":{"name":"(anonymous_9)","decl":{"start":{"line":134,"column":6},"end":{"line":134,"column":21}},"loc":{"start":{"line":134,"column":21},"end":{"line":136,"column":null}},"line":134},"10":{"name":"(anonymous_10)","decl":{"start":{"line":164,"column":6},"end":{"line":164,"column":22}},"loc":{"start":{"line":164,"column":28},"end":{"line":170,"column":null}},"line":164},"11":{"name":"(anonymous_11)","decl":{"start":{"line":166,"column":15},"end":{"line":166,"column":43}},"loc":{"start":{"line":166,"column":43},"end":{"line":169,"column":9}},"line":166},"12":{"name":"(anonymous_12)","decl":{"start":{"line":171,"column":6},"end":{"line":171,"column":17}},"loc":{"start":{"line":171,"column":31},"end":{"line":175,"column":null}},"line":171},"13":{"name":"(anonymous_13)","decl":{"start":{"line":176,"column":6},"end":{"line":176,"column":27}},"loc":{"start":{"line":176,"column":27},"end":{"line":178,"column":null}},"line":176},"14":{"name":"(anonymous_14)","decl":{"start":{"line":186,"column":10},"end":{"line":186,"column":25}},"loc":{"start":{"line":186,"column":25},"end":{"line":198,"column":null}},"line":186},"15":{"name":"(anonymous_15)","decl":{"start":{"line":194,"column":12},"end":{"line":194,"column":28}},"loc":{"start":{"line":194,"column":28},"end":{"line":196,"column":13}},"line":194}},"branchMap":{"0":{"loc":{"start":{"line":24,"column":36},"end":{"line":24,"column":null}},"type":"binary-expr","locations":[{"start":{"line":24,"column":36},"end":{"line":24,"column":68}},{"start":{"line":24,"column":68},"end":{"line":24,"column":null}}],"line":24},"1":{"loc":{"start":{"line":24,"column":75},"end":{"line":24,"column":111}},"type":"binary-expr","locations":[{"start":{"line":24,"column":75},"end":{"line":24,"column":101}},{"start":{"line":24,"column":101},"end":{"line":24,"column":111}}],"line":24},"2":{"loc":{"start":{"line":34,"column":23},"end":{"line":34,"column":75}},"type":"binary-expr","locations":[{"start":{"line":34,"column":23},"end":{"line":34,"column":56}},{"start":{"line":34,"column":56},"end":{"line":34,"column":75}}],"line":34},"3":{"loc":{"start":{"line":35,"column":26},"end":{"line":35,"column":48}},"type":"binary-expr","locations":[{"start":{"line":35,"column":26},"end":{"line":35,"column":42}},{"start":{"line":35,"column":42},"end":{"line":35,"column":48}}],"line":35},"4":{"loc":{"start":{"line":36,"column":23},"end":{"line":36,"column":null}},"type":"cond-expr","locations":[{"start":{"line":36,"column":39},"end":{"line":36,"column":116}},{"start":{"line":36,"column":116},"end":{"line":36,"column":null}}],"line":36},"5":{"loc":{"start":{"line":36,"column":39},"end":{"line":36,"column":116}},"type":"cond-expr","locations":[{"start":{"line":36,"column":49},"end":{"line":36,"column":91}},{"start":{"line":36,"column":91},"end":{"line":36,"column":116}}],"line":36},"6":{"loc":{"start":{"line":36,"column":91},"end":{"line":36,"column":116}},"type":"cond-expr","locations":[{"start":{"line":36,"column":105},"end":{"line":36,"column":110}},{"start":{"line":36,"column":110},"end":{"line":36,"column":116}}],"line":36},"7":{"loc":{"start":{"line":37,"column":26},"end":{"line":37,"column":null}},"type":"cond-expr","locations":[{"start":{"line":37,"column":41},"end":{"line":37,"column":46}},{"start":{"line":37,"column":46},"end":{"line":37,"column":null}}],"line":37},"8":{"loc":{"start":{"line":47,"column":33},"end":{"line":47,"column":null}},"type":"cond-expr","locations":[{"start":{"line":47,"column":48},"end":{"line":47,"column":82}},{"start":{"line":47,"column":82},"end":{"line":47,"column":null}}],"line":47},"9":{"loc":{"start":{"line":48,"column":23},"end":{"line":52,"column":null}},"type":"cond-expr","locations":[{"start":{"line":49,"column":6},"end":{"line":49,"column":null}},{"start":{"line":50,"column":6},"end":{"line":52,"column":null}}],"line":48},"10":{"loc":{"start":{"line":50,"column":6},"end":{"line":52,"column":null}},"type":"cond-expr","locations":[{"start":{"line":51,"column":8},"end":{"line":51,"column":null}},{"start":{"line":52,"column":8},"end":{"line":52,"column":null}}],"line":50},"11":{"loc":{"start":{"line":50,"column":6},"end":{"line":50,"column":null}},"type":"binary-expr","locations":[{"start":{"line":50,"column":6},"end":{"line":50,"column":22}},{"start":{"line":50,"column":22},"end":{"line":50,"column":null}}],"line":50},"12":{"loc":{"start":{"line":54,"column":29},"end":{"line":54,"column":null}},"type":"binary-expr","locations":[{"start":{"line":54,"column":29},"end":{"line":54,"column":48}},{"start":{"line":54,"column":48},"end":{"line":54,"column":null}}],"line":54},"13":{"loc":{"start":{"line":60,"column":6},"end":{"line":63,"column":null}},"type":"if","locations":[{"start":{"line":60,"column":6},"end":{"line":63,"column":null}},{"start":{},"end":{}}],"line":60},"14":{"loc":{"start":{"line":65,"column":6},"end":{"line":67,"column":null}},"type":"if","locations":[{"start":{"line":65,"column":6},"end":{"line":67,"column":null}},{"start":{},"end":{}}],"line":65},"15":{"loc":{"start":{"line":77,"column":17},"end":{"line":77,"column":null}},"type":"binary-expr","locations":[{"start":{"line":77,"column":17},"end":{"line":77,"column":30}},{"start":{"line":77,"column":30},"end":{"line":77,"column":null}}],"line":77},"16":{"loc":{"start":{"line":93,"column":4},"end":{"line":95,"column":null}},"type":"if","locations":[{"start":{"line":93,"column":4},"end":{"line":95,"column":null}},{"start":{},"end":{}}],"line":93},"17":{"loc":{"start":{"line":182,"column":2},"end":{"line":217,"column":null}},"type":"if","locations":[{"start":{"line":182,"column":2},"end":{"line":217,"column":null}},{"start":{},"end":{}}],"line":182},"18":{"loc":{"start":{"line":187,"column":12},"end":{"line":190,"column":null}},"type":"if","locations":[{"start":{"line":187,"column":12},"end":{"line":190,"column":null}},{"start":{},"end":{}}],"line":187},"19":{"loc":{"start":{"line":202,"column":9},"end":{"line":215,"column":null}},"type":"binary-expr","locations":[{"start":{"line":202,"column":9},"end":{"line":202,"column":null}},{"start":{"line":203,"column":10},"end":{"line":215,"column":null}}],"line":202},"20":{"loc":{"start":{"line":208,"column":14},"end":{"line":208,"column":null}},"type":"cond-expr","locations":[{"start":{"line":208,"column":38},"end":{"line":208,"column":66}},{"start":{"line":208,"column":66},"end":{"line":208,"column":null}}],"line":208}},"s":{"0":3,"1":74,"2":74,"3":3755,"4":74,"5":74,"6":74,"7":74,"8":74,"9":74,"10":74,"11":74,"12":74,"13":74,"14":74,"15":17,"16":74,"17":28,"18":28,"19":5628,"20":74,"21":74,"22":74,"23":74,"24":74,"25":74,"26":33,"27":33,"28":0,"29":0,"30":33,"31":0,"32":74,"33":2,"34":74,"35":2,"36":2,"37":74,"38":5,"39":5,"40":74,"41":74,"42":74,"43":1,"44":74,"45":13,"46":13,"47":13,"48":13,"49":1,"50":1,"51":1,"52":1,"53":74,"54":21,"55":5,"56":0,"57":0,"58":5,"59":5,"60":5,"61":5,"62":5,"63":53,"64":1,"65":1,"66":1,"67":8,"68":8},"f":{"0":74,"1":3755,"2":17,"3":28,"4":5628,"5":33,"6":2,"7":2,"8":5,"9":1,"10":13,"11":13,"12":1,"13":1,"14":5,"15":5},"b":{"0":[3755,840],"1":[840,0],"2":[74,74],"3":[74,56],"4":[56,18],"5":[21,35],"6":[0,35],"7":[56,18],"8":[42,32],"9":[42,32],"10":[0,32],"11":[32,0],"12":[74,74],"13":[0,33],"14":[0,33],"15":[2,1],"16":[5,0],"17":[21,53],"18":[0,5],"19":[21,11],"20":[0,11]},"meta":{"lastBranch":21,"lastFunction":16,"lastStatement":64,"seen":{"s:18:24:235:Infinity":0,"f:18:91:18:Infinity":0,"s:22:15:22:Infinity":1,"s:23:24:26:Infinity":2,"f:23:24:23:Infinity":1,"s:24:36:24:Infinity":3,"b:24:36:24:68:24:68:24:Infinity":0,"b:24:75:24:101:24:101:24:111":1,"s:27:30:27:Infinity":4,"s:28:30:28:Infinity":5,"s:29:23:29:Infinity":6,"s:30:21:30:Infinity":7,"s:31:25:31:Infinity":8,"s:32:26:32:Infinity":9,"s:34:23:34:75":10,"b:34:23:34:56:34:56:34:75":2,"s:35:26:35:48":11,"b:35:26:35:42:35:42:35:48":3,"s:36:23:36:Infinity":12,"b:36:39:36:116:36:116:36:Infinity":4,"b:36:49:36:91:36:91:36:116":5,"b:36:105:36:110:36:110:36:116":6,"s:37:26:37:Infinity":13,"b:37:41:37:46:37:46:37:Infinity":7,"s:39:25:39:Infinity":14,"f:39:25:39:39":2,"s:39:39:39:73":15,"s:41:28:44:Infinity":16,"f:41:28:41:42":3,"s:42:18:42:Infinity":17,"s:43:4:43:Infinity":18,"f:43:26:43:34":4,"s:43:53:43:79":19,"s:46:23:46:Infinity":20,"s:47:33:47:Infinity":21,"b:47:48:47:82:47:82:47:Infinity":8,"s:48:23:52:Infinity":22,"b:49:6:49:Infinity:50:6:52:Infinity":9,"b:51:8:51:Infinity:52:8:52:Infinity":10,"b:50:6:50:22:50:22:50:Infinity":11,"s:53:19:53:Infinity":23,"s:54:29:54:Infinity":24,"b:54:29:54:48:54:48:54:Infinity":12,"s:56:25:70:Infinity":25,"f:56:25:56:Infinity":5,"s:58:6:58:Infinity":26,"b:60:6:63:Infinity:undefined:undefined:undefined:undefined":13,"s:60:6:63:Infinity":27,"s:61:8:61:Infinity":28,"s:62:8:62:Infinity":29,"b:65:6:67:Infinity:undefined:undefined:undefined:undefined":14,"s:65:6:67:Infinity":30,"s:66:8:66:Infinity":31,"s:72:21:82:Infinity":32,"f:72:21:72:Infinity":6,"s:74:6:79:Infinity":33,"b:77:17:77:30:77:30:77:Infinity":15,"s:84:28:90:Infinity":34,"f:84:28:84:Infinity":7,"s:86:6:86:Infinity":35,"s:87:6:87:Infinity":36,"s:92:27:96:Infinity":37,"f:92:27:92:45":8,"b:93:4:95:Infinity:undefined:undefined:undefined:undefined":16,"s:93:4:95:Infinity":38,"s:94:6:94:Infinity":39,"s:98:64:106:Infinity":40,"s:108:66:119:Infinity":41,"s:122:4:141:Infinity":42,"f:134:6:134:21":9,"s:135:8:135:Infinity":43,"s:145:4:179:Infinity":44,"f:164:6:164:22":10,"s:165:8:165:Infinity":45,"s:166:8:169:Infinity":46,"f:166:15:166:43":11,"s:167:10:167:Infinity":47,"s:168:10:168:Infinity":48,"f:171:6:171:17":12,"s:172:8:172:Infinity":49,"s:173:8:173:Infinity":50,"s:174:8:174:Infinity":51,"f:176:6:176:27":13,"s:177:8:177:Infinity":52,"b:182:2:217:Infinity:undefined:undefined:undefined:undefined":17,"s:182:2:217:Infinity":53,"s:183:4:215:Infinity":54,"f:186:10:186:25":14,"b:187:12:190:Infinity:undefined:undefined:undefined:undefined":18,"s:187:12:190:Infinity":55,"s:188:14:188:Infinity":56,"s:189:14:189:Infinity":57,"s:192:12:192:Infinity":58,"s:193:12:193:Infinity":59,"s:194:12:196:Infinity":60,"f:194:12:194:28":15,"s:195:14:195:Infinity":61,"s:197:12:197:Infinity":62,"b:202:9:202:Infinity:203:10:215:Infinity":19,"b:208:38:208:66:208:66:208:Infinity":20,"s:219:2:233:Infinity":63},"fnNames":{}}}
,"/home/julian/development/ui/src/components/CountrySelector/CountrySelectorPanel.tsx": {"path":"/home/julian/development/ui/src/components/CountrySelector/CountrySelectorPanel.tsx","statementMap":{"0":{"start":{"line":40,"column":2},"end":{"line":103,"column":null}},"1":{"start":{"line":51,"column":14},"end":{"line":51,"column":null}},"2":{"start":{"line":55,"column":14},"end":{"line":55,"column":null}},"3":{"start":{"line":58,"column":14},"end":{"line":58,"column":null}},"4":{"start":{"line":67,"column":16},"end":{"line":67,"column":null}},"5":{"start":{"line":68,"column":16},"end":{"line":68,"column":null}},"6":{"start":{"line":82,"column":16},"end":{"line":97,"column":null}},"7":{"start":{"line":88,"column":20},"end":{"line":88,"column":null}},"8":{"start":{"line":1,"column":9},"end":{"line":1,"column":null}},"9":{"start":{"line":1,"column":33},"end":{"line":1,"column":null}}},"fnMap":{"0":{"name":"CountrySelectorPanel","decl":{"start":{"line":26,"column":9},"end":{"line":26,"column":30}},"loc":{"start":{"line":39,"column":10},"end":{"line":105,"column":null}},"line":39},"1":{"name":"(anonymous_1)","decl":{"start":{"line":50,"column":12},"end":{"line":50,"column":23}},"loc":{"start":{"line":50,"column":29},"end":{"line":52,"column":null}},"line":50},"2":{"name":"(anonymous_2)","decl":{"start":{"line":54,"column":12},"end":{"line":54,"column":24}},"loc":{"start":{"line":54,"column":30},"end":{"line":56,"column":null}},"line":54},"3":{"name":"(anonymous_3)","decl":{"start":{"line":57,"column":12},"end":{"line":57,"column":26}},"loc":{"start":{"line":57,"column":32},"end":{"line":59,"column":null}},"line":57},"4":{"name":"(anonymous_4)","decl":{"start":{"line":66,"column":14},"end":{"line":66,"column":24}},"loc":{"start":{"line":66,"column":30},"end":{"line":69,"column":null}},"line":66},"5":{"name":"(anonymous_5)","decl":{"start":{"line":81,"column":33},"end":{"line":81,"column":38}},"loc":{"start":{"line":82,"column":16},"end":{"line":97,"column":null}},"line":82},"6":{"name":"(anonymous_6)","decl":{"start":{"line":87,"column":18},"end":{"line":87,"column":34}},"loc":{"start":{"line":87,"column":34},"end":{"line":89,"column":null}},"line":87}},"branchMap":{"0":{"loc":{"start":{"line":61,"column":11},"end":{"line":74,"column":null}},"type":"binary-expr","locations":[{"start":{"line":61,"column":11},"end":{"line":61,"column":null}},{"start":{"line":62,"column":12},"end":{"line":74,"column":null}}],"line":61},"1":{"loc":{"start":{"line":84,"column":23},"end":{"line":84,"column":null}},"type":"cond-expr","locations":[{"start":{"line":84,"column":55},"end":{"line":84,"column":73}},{"start":{"line":84,"column":73},"end":{"line":84,"column":null}}],"line":84},"2":{"loc":{"start":{"line":94,"column":65},"end":{"line":94,"column":124}},"type":"cond-expr","locations":[{"start":{"line":94,"column":97},"end":{"line":94,"column":113}},{"start":{"line":94,"column":113},"end":{"line":94,"column":124}}],"line":94}},"s":{"0":30,"1":10,"2":10,"3":3,"4":1,"5":1,"6":4028,"7":1,"8":1,"9":1},"f":{"0":30,"1":10,"2":10,"3":3,"4":1,"5":4028,"6":1},"b":{"0":[30,12],"1":[11,4017],"2":[11,4017]},"meta":{"lastBranch":3,"lastFunction":7,"lastStatement":8,"seen":{"f:26:9:26:30":0,"s:40:2:103:Infinity":0,"f:50:12:50:23":1,"s:51:14:51:Infinity":1,"f:54:12:54:24":2,"s:55:14:55:Infinity":2,"f:57:12:57:26":3,"s:58:14:58:Infinity":3,"b:61:11:61:Infinity:62:12:74:Infinity":0,"f:66:14:66:24":4,"s:67:16:67:Infinity":4,"s:68:16:68:Infinity":5,"f:81:33:81:38":5,"s:82:16:97:Infinity":6,"b:84:55:84:73:84:73:84:Infinity":1,"f:87:18:87:34":6,"s:88:20:88:Infinity":7,"b:94:97:94:113:94:113:94:124":2},"fnNames":{}}}
,"/home/julian/development/ui/src/components/CountrySelector/CountrySelectorTrigger.tsx": {"path":"/home/julian/development/ui/src/components/CountrySelector/CountrySelectorTrigger.tsx","statementMap":{"0":{"start":{"line":19,"column":31},"end":{"line":95,"column":null}},"1":{"start":{"line":23,"column":2},"end":{"line":93,"column":null}},"2":{"start":{"line":79,"column":12},"end":{"line":79,"column":null}},"3":{"start":{"line":80,"column":12},"end":{"line":80,"column":null}},"4":{"start":{"line":83,"column":12},"end":{"line":87,"column":null}},"5":{"start":{"line":84,"column":14},"end":{"line":84,"column":null}},"6":{"start":{"line":85,"column":14},"end":{"line":85,"column":null}},"7":{"start":{"line":86,"column":14},"end":{"line":86,"column":null}},"8":{"start":{"line":1,"column":9},"end":{"line":1,"column":44}},"9":{"start":{"line":1,"column":44},"end":{"line":1,"column":null}}},"fnMap":{"0":{"name":"CountrySelectorTrigger","decl":{"start":{"line":19,"column":83},"end":{"line":19,"column":null}},"loc":{"start":{"line":22,"column":2},"end":{"line":95,"column":1}},"line":22},"1":{"name":"(anonymous_1)","decl":{"start":{"line":78,"column":10},"end":{"line":78,"column":20}},"loc":{"start":{"line":78,"column":26},"end":{"line":81,"column":null}},"line":78},"2":{"name":"(anonymous_2)","decl":{"start":{"line":82,"column":10},"end":{"line":82,"column":22}},"loc":{"start":{"line":82,"column":28},"end":{"line":88,"column":null}},"line":82}},"branchMap":{"0":{"loc":{"start":{"line":24,"column":70},"end":{"line":24,"column":137}},"type":"cond-expr","locations":[{"start":{"line":24,"column":81},"end":{"line":24,"column":111}},{"start":{"line":24,"column":111},"end":{"line":24,"column":137}}],"line":24},"1":{"loc":{"start":{"line":46,"column":14},"end":{"line":46,"column":null}},"type":"cond-expr","locations":[{"start":{"line":46,"column":25},"end":{"line":46,"column":63}},{"start":{"line":46,"column":63},"end":{"line":46,"column":null}}],"line":46},"2":{"loc":{"start":{"line":50,"column":13},"end":{"line":55,"column":null}},"type":"binary-expr","locat
[...]
:{"line":67,"column":70}},{"start":{"line":67,"column":70},"end":{"line":67,"column":null}}],"line":67},"6":{"loc":{"start":{"line":68,"column":20},"end":{"line":68,"column":null}},"type":"binary-expr","locations":[{"start":{"line":68,"column":20},"end":{"line":68,"column":78}},{"start":{"line":68,"column":78},"end":{"line":68,"column":null}}],"line":68},"7":{"loc":{"start":{"line":69,"column":15},"end":{"line":69,"column":null}},"type":"binary-expr","locations":[{"start":{"line":69,"column":15},"end":{"line":69,"column":68}},{"start":{"line":69,"column":68},"end":{"line":69,"column":null}}],"line":69},"8":{"loc":{"start":{"line":76,"column":2},"end":{"line":78,"column":null}},"type":"if","locations":[{"start":{"line":76,"column":2},"end":{"line":78,"column":null}},{"start":{},"end":{}}],"line":76},"9":{"loc":{"start":{"line":76,"column":6},"end":{"line":76,"column":45}},"type":"binary-expr","locations":[{"start":{"line":76,"column":6},"end":{"line":76,"column":18}},{"start":{"line":76,"column":18},"end":{"line":76,"column":45}}],"line":76},"10":{"loc":{"start":{"line":82,"column":2},"end":{"line":101,"column":null}},"type":"switch","locations":[{"start":{"line":83,"column":4},"end":{"line":84,"column":null}},{"start":{"line":85,"column":4},"end":{"line":86,"column":null}},{"start":{"line":87,"column":4},"end":{"line":88,"column":null}},{"start":{"line":89,"column":4},"end":{"line":90,"column":null}},{"start":{"line":91,"column":4},"end":{"line":92,"column":null}},{"start":{"line":93,"column":4},"end":{"line":94,"column":null}},{"start":{"line":95,"column":4},"end":{"line":96,"column":null}},{"start":{"line":97,"column":4},"end":{"line":98,"column":null}},{"start":{"line":99,"column":4},"end":{"line":100,"column":null}}],"line":82},"11":{"loc":{"start":{"line":121,"column":49},"end":{"line":121,"column":75}},"type":"default-arg","locations":[{"start":{"line":121,"column":59},"end":{"line":121,"column":75}}],"line":121},"12":{"loc":{"start":{"line":125,"column":9},"end":{"line":125,"column":null}},"type":"cond-expr","locations":[{"start":{"line":125,"column":19},"end":{"line":125,"column":53}},{"start":{"line":125,"column":53},"end":{"line":125,"column":null}}],"line":125},"13":{"loc":{"start":{"line":128,"column":42},"end":{"line":128,"column":66}},"type":"default-arg","locations":[{"start":{"line":128,"column":52},"end":{"line":128,"column":66}}],"line":128},"14":{"loc":{"start":{"line":131,"column":17},"end":{"line":131,"column":null}},"type":"cond-expr","locations":[{"start":{"line":131,"column":17},"end":{"line":131,"column":48}},{"start":{"line":131,"column":48},"end":{"line":131,"column":null}}],"line":131},"15":{"loc":{"start":{"line":142,"column":2},"end":{"line":144,"column":null}},"type":"if","locations":[{"start":{"line":142,"column":2},"end":{"line":144,"column":null}},{"start":{},"end":{}}],"line":142},"16":{"loc":{"start":{"line":146,"column":2},"end":{"line":148,"column":null}},"type":"if","locations":[{"start":{"line":146,"column":2},"end":{"line":148,"column":null}},{"start":{},"end":{}}],"line":146},"17":{"loc":{"start":{"line":150,"column":2},"end":{"line":152,"column":null}},"type":"if","locations":[{"start":{"line":150,"column":2},"end":{"line":152,"column":null}},{"start":{},"end":{}}],"line":150},"18":{"loc":{"start":{"line":154,"column":2},"end":{"line":156,"column":null}},"type":"if","locations":[{"start":{"line":154,"column":2},"end":{"line":156,"column":null}},{"start":{},"end":{}}],"line":154},"19":{"loc":{"start":{"line":158,"column":2},"end":{"line":160,"column":null}},"type":"if","locations":[{"start":{"line":158,"column":2},"end":{"line":160,"column":null}},{"start":{},"end":{}}],"line":158},"20":{"loc":{"start":{"line":162,"column":2},"end":{"line":164,"column":null}},"type":"if","locations":[{"start":{"line":162,"column":2},"end":{"line":164,"column":null}},{"start":{},"end":{}}],"line":162},"21":{"loc":{"start":{"line":166,"column":15},"end":{"line":166,"column":null}},"type":"cond-expr","locations":[{"start":{"line":166,"column":30},"end":{"line":166,"column":57}},{"start":{"line":166,"column":57},"end":{"line":166,"column":null}}],"line":166},"22":{"loc":{"start":{"line":167,"column":13},"end":{"line":167,"column":null}},"type":"cond-expr","locations":[{"start":{"line":167,"column":26},"end":{"line":167,"column":51}},{"start":{"line":167,"column":51},"end":{"line":167,"column":null}}],"line":167},"23":{"loc":{"start":{"line":170,"column":2},"end":{"line":172,"column":null}},"type":"if","locations":[{"start":{"line":170,"column":2},"end":{"line":172,"column":null}},{"start":{},"end":{}}],"line":170},"24":{"loc":{"start":{"line":170,"column":6},"end":{"line":170,"column":18}},"type":"binary-expr","locations":[{"start":{"line":170,"column":6},"end":{"line":170,"column":14}},{"start":{"line":170,"column":14},"end":{"line":170,"column":18}}],"line":170},"25":{"loc":{"start":{"line":171,"column":11},"end":{"line":171,"column":null}},"type":"binary-expr","locations":[{"start":{"line":171,"column":11},"end":{"line":171,"column":30}},{"start":{"line":171,"column":30},"end":{"line":171,"column":null}}],"line":171},"26":{"loc":{"start":{"line":174,"column":2},"end":{"line":176,"column":null}},"type":"if","locations":[{"start":{"line":174,"column":2},"end":{"line":176,"column":null}},{"start":{},"end":{}}],"line":174},"27":{"loc":{"start":{"line":178,"column":2},"end":{"line":180,"column":null}},"type":"if","locations":[{"start":{"line":178,"column":2},"end":{"line":180,"column":null}},{"start":{},"end":{}}],"line":178},"28":{"loc":{"start":{"line":186,"column":2},"end":{"line":188,"column":null}},"type":"if","locations":[{"start":{"line":186,"column":2},"end":{"line":188,"column":null}},{"start":{},"end":{}}],"line":186},"29":{"loc":{"start":{"line":190,"column":22},"end":{"line":190,"column":null}},"type":"cond-expr","locations":[{"start":{"line":190,"column":48},"end":{"line":190,"column":59}},{"start":{"line":190,"column":59},"end":{"line":190,"column":null}}],"line":190}},"s":{"0":9,"1":6705,"2":6705,"3":6705,"4":6679,"5":26,"6":26,"7":26,"8":4,"9":169,"10":2174,"11":2174,"12":2174,"13":2,"14":2,"15":2,"16":8486,"17":0,"18":8486,"19":3268,"20":3268,"21":3268,"22":3268,"23":3268,"24":9804,"25":3268,"26":3268,"27":3268,"28":3268,"29":3268,"30":16340,"31":3268,"32":3268,"33":3268,"34":3136,"35":132,"36":132,"37":0,"38":0,"39":0,"40":132,"41":0,"42":0,"43":0,"44":0,"45":0,"46":0,"47":0,"48":48,"49":80,"50":7,"51":34,"52":34,"53":34,"54":238,"55":34,"56":45,"57":45,"58":45,"59":45,"60":45,"61":1890,"62":0,"63":0,"64":0,"65":0,"66":0,"67":0,"68":0,"69":0,"70":0,"71":0,"72":0,"73":0,"74":0,"75":0,"76":0,"77":0,"78":0,"79":0,"80":0,"81":0,"82":0,"83":0,"84":0,"85":0,"86":3192,"87":3192,"88":0,"89":3192,"90":0},"f":{"0":6705,"1":4,"2":169,"3":2174,"4":2,"5":8486,"6":3268,"7":9804,"8":3268,"9":3268,"10":16340,"11":3268,"12":0,"13":48,"14":80,"15":7,"16":34,"17":238,"18":45,"19":1890,"20":0,"21":0,"22":0,"23":3192,"24":0},"b":{"0":[6679,26],"1":[0,8486],"2":[8486,8486],"3":[8486,7478,4574],"4":[3268,0],"5":[3268,0],"6":[3268,0],"7":[3268,0],"8":[3136,132],"9":[3268,132],"10":[0,0,0,132,0,0,0,0,0],"11":[34],"12":[34,0],"13":[45],"14":[45,0],"15":[0,0],"16":[0,0],"17":[0,0],"18":[0,0],"19":[0,0],"20":[0,0],"21":[0,0],"22":[0,0],"23":[0,0],"24":[0,0],"25":[0,0],"26":[0,0],"27":[0,0],"28":[3192,0],"29":[0,0]},"meta":{"lastBranch":30,"lastFunction":25,"lastStatement":91,"seen":{"s:10:23:10:Infinity":0,"f:12:9:12:22":0,"s:13:14:13:Infinity":1,"s:14:20:14:Infinity":2,"b:16:2:18:Infinity:undefined:undefined:undefined:undefined":0,"s:16:2:18:Infinity":3,"s:17:4:17:Infinity":4,"s:20:24:20:Infinity":5,"s:21:2:21:Infinity":6,"s:22:2:22:Infinity":7,"f:25:16:25:27":1,"s:26:2:26:Infinity":8,"f:29:16:29:29":2,"s:30:2:30:Infinity":9,"f:33:16:33:24":3,"s:34:19:34:Infinity":10,"s:35:2:35:Infinity":11,"s:36:2:36:Infinity":12,"f:39:16:39:41":4,"s:40:19:40:Infinity":13,"s:41:20:41:Infinity":14,"s:42:2:42:Infinity":15,"f:45:16:45:26":5,"b:46:2:48:Infinity:undefined:undefined:undefined:undefined":1,"s:46:2:48:Infinity":16,"b:46:6:46:15:46:15:46:23":2,"s:47:4:47:Infinity":17,"s:50:2:50:Infinity":18,"b:50:9:50:55:50:55:50:95:50:95:50:Infinity":3,"f:53:9:53:22":6,"s:54:25:58:Infinity":19,"s:59:24:63:Infinity":20,"s:64:16:64:Infinity":21,"s:65:20:65:Infinity":22,"s:66:14:66:Infinity":23,"b:66:14:66:66:66:66:66:Infinity":4,"f:66:20:66:26":7,"s:66:35:66:54":24,"s:67:16:67:Infinity":25,"b:67:16:67:70:67:70:67:Infinity":5,"f:67:22:67:28":8,"s:67:37:67:58":26,"s:68:20:68:Infinity":27,"b:68:20:68:78:68:78:68:Infinity":6,"f:68:30:68:36":9,"s:68:45:68:66":28,"s:69:15:69:Infinity":29,"b:69:15:69:68:69:68:69:Infinity":7,"f:69:21:69:27":10,"s:69:36:69:56":30,"s:70:2:70:Infinity":31,"f:73:16:73:35":11,"s:74:42:74:Infinity":32,"b:76:2:78:Infinity:undefined:undefined:undefined:undefined":8,"s:76:2:78:Infinity":33,"b:76:6:76:18:76:18:76:45":9,"s:77:4:77:Infinity":34,"s:80:23:80:Infinity":35,"b:83:4:84:Infinity:85:4:86:Infinity:87:4:88:Infinity:89:4:90:Infinity:91:4:92:Infinity:93:4:94:Infinity:95:4:96:Infinity:97:4:98:Infinity:99:4:100:Infinity":10,"s:82:2:101:Infinity":36,"s:84:6:84:Infinity":37,"s:86:6:86:Infinity":38,"s:88:6:88:Infinity":39,"s:90:6:90:Infinity":40,"s:92:6:92:Infinity":41,"s:94:6:94:Infinity":42,"s:96:6:96:Infinity":43,"s:98:6:98:Infinity":44,"s:100:6:100:Infinity":45,"f:104:16:104:39":12,"s:105:15:105:Infinity":46,"s:106:2:106:Infinity":47,"f:109:16:109:32":13,"s:110:2:110:Infinity":48,"f:113:16:113:32":14,"s:114:2:114:Infinity":49,"f:117:16:117:34":15,"s:118:2:118:Infinity":50,"f:121:16:121:33":16,"b:121:59:121:75":11,"s:122:20:122:Infinity":51,"s:123:17:123:Infinity":52,"s:124:17:124:Infinity":53,"f:124:40:124:44":17,"s:124:57:124:97":54,"s:125:2:125:Infinity":55,"b:125:19:125:53:125:53:125:Infinity":12,"f:128:16:128:29":18,"b:128:52:128:66":13,"s:129:23:129:Infinity":56,"s:130:19:130:Infinity":57,"s:131:17:131:Infinity":58,"b:131:17:131:48:131:48:131:Infinity":14,"s:132:20:132:Infinity":59,"s:134:2:134:Infinity":60,"f:134:33:134:37":19,"s:134:50:134:75":61,"f:137:9:137:16":20,"s:138:2:138:Infinity":62,"f:141:9:141:23":21,"b:142:2:144:Infinity:undefined:undefined:undefined:undefined":15,"s:142:2:144:Infinity":63,"s:143:4:143:Infinity":64,"b:146:2:148:Infinity:undefined:undefined:undefined:undefined":16,"s:146:2:148:Infinity":65,"s:147:4:147:Infinity":66,"f:147:19:147:25":22,"s:147:39:147:65":67,"b:150:2:152:Infinity:undefined:undefined:undefined:undefined":17,"s:150:2:152:Infinity":68,"s:151:4:151:Infinity":69,"b:154:2:156:Infinity:undefined:undefined:undefined:undefined":18,"s:154:2:156:Infinity":70,"s:155:4:155:Infinity":71,"b:158:2:160:Infinity:undefined:undefined:undefined:undefined":19,"s:158:2:160:Infinity":72,"s:159:4:159:Infinity":73,"b:162:2:164:Infinity:undefined:undefined:undefined:undefined":20,"s:162:2:164:Infinity":74,"s:163:4:163:Infinity":75,"s:166:15:166:Infinity":76,"b:166:30:166:57:166:57:166:Infinity":21,"s:167:13:167:Infinity":77,"b:167:26:167:51:167:51:167:Infinity":22,"s:168:18:168:Infinity":78,"b:170:2:172:Infinity:undefined:undefined:undefined:undefined":23,"s:170:2:172:Infinity":79,"b:170:6:170:14:170:14:170:18":24,"s:171:4:171:Infinity":80,"b:171:11:171:30:171:30:171:Infinity":25,"b:174:2:176:Infinity:undefined:undefined:undefined:undefined":26,"s:174:2:176:Infinity":81,"s:175:4:175:Infinity":82,"b:178:2:180:Infinity:undefined:undefined:undefined:undefined":27,"s:178:2:180:Infinity":83,"s:179:4:179:Infinity":84,"s:182:2:182:Infinity":85,"f:185:16:185:35":23,"b:186:2:188:Infinity:undefined:undefined:undefined:undefined":28,"s:186:2:188:Infinity":86,"s:187:4:187:Infinity":87,"s:190:22:190:Infinity":88,"b:190:48:190:59:190:59:190:Infinity":29,"s:191:2:191:Infinity":89,"f:191:21:191:27":24,"s:191:39:191:67":90},"fnNames":{}}}
,"/home/julian/development/ui/src/utils/flagEmoji.ts": {"path":"/home/julian/development/ui/src/utils/flagEmoji.ts","statementMap":{"0":{"start":{"line":7,"column":34},"end":{"line":7,"column":null}},"1":{"start":{"line":9,"column":20},"end":{"line":9,"column":null}},"2":{"start":{"line":13,"column":17},"end":{"line":13,"column":null}},"3":{"start":{"line":15,"column":2},"end":{"line":17,"column":null}},"4":{"start":{"line":16,"column":4},"end":{"line":16,"column":null}},"5":{"start":{"line":19,"column":2},"end":{"line":19,"column":null}},"6":{"start":{"line":19,"column":62},"end":{"line":19,"column":108}},"7":{"start":{"line":24,"column":2},"end":{"line":24,"column":null}},"8":{"start":{"line":33,"column":65},"end":{"line":44,"column":null}},"9":{"start":{"line":48,"column":15},"end":{"line":48,"column":null}},"10":{"start":{"line":49,"column":17},"end":{"line":49,"column":null}},"11":{"start":{"line":51,"column":2},"end":{"line":51,"column":null}}},"fnMap":{"0":{"name":"toFlagEmoji","decl":{"start":{"line":12,"column":16},"end":{"line":12,"column":28}},"loc":{"start":{"line":12,"column":87},"end":{"line":20,"column":null}},"line":12},"1":{"name":"(anonymous_1)","decl":{"start":{"line":19,"column":44},"end":{"line":19,"column":53}},"loc":{"start":{"line":19,"column":62},"end":{"line":19,"column":108}},"line":19},"2":{"name":"getLocaleFlagEmoji","decl":{"start":{"line":23,"column":16},"end":{"line":23,"column":35}},"loc":{"start":{"line":23,"column":90},"end":{"line":25,"column":null}},"line":23},"3":{"name":"getCurrencyFlagEmoji","decl":{"start":{"line":47,"column":16},"end":{"line":47,"column":37}},"loc":{"start":{"line":47,"column":79},"end":{"line":52,"column":null}},"line":47}},"branchMap":{"0":{"loc":{"start":{"line":13,"column":17},"end":{"line":13,"column":null}},"type":"binary-expr","locations":[{"start":{"line":13,"column":17},"end":{"line":13,"column":46}},{"start":{"line":13,"column":46},"end":{"line":13,"column":null}}],"line":13},"1":{"loc":{"start":{"line":15,"column":2},"end":{"line":17,"column":null}},"type":"if","locations":[{"start":{"line":15,"column":2},"end":{"line":17,"column":null}},{"start":{},"end":{}}],"line":15},"2":{"loc":{"start":{"line":49,"column":17},"end":{"line":49,"column":null}},"type":"cond-expr","locations":[{"start":{"line":49,"column":53},"end":{"line":49,"column":87}},{"start":{"line":49,"column":87},"end":{"line":49,"column":null}}],"line":49},"3":{"loc":{"start":{"line":51,"column":9},"end":{"line":51,"column":null}},"type":"cond-expr","locations":[{"start":{"line":51,"column":18},"end":{"line":51,"column":40}},{"start":{"line":51,"column":40},"end":{"line":51,"column":null}}],"line":51}},"s":{"0":4,"1":4,"2":489,"3":489,"4":0,"5":489,"6":978,"7":0,"8":4,"9":516,"10":516,"11":516},"f":{"0":489,"1":978,"2":0,"3":516},"b":{"0":[489,0],"1":[0,489],"2":[30,486],"3":[489,27]},"meta":{"lastBranch":4,"lastFunction":4,"lastStatement":12,"seen":{"s:7:34:7:Infinity":0,"s:9:20:9:Infinity":1,"f:12:16:12:28":0,"s:13:17:13:Infinity":2,"b:13:17:13:46:13:46:13:Infinity":0,"b:15:2:17:Infinity:undefined:undefined:undefined:undefined":1,"s:15:2:17:Infinity":3,"s:16:4:16:Infinity":4,"s:19:2:19:Infinity":5,"f:19:44:19:53":1,"s:19:62:19:108":6,"f:23:16:23:35":2,"s:24:2:24:Infinity":7,"s:33:65:44:Infinity":8,"f:47:16:47:37":3,"s:48:15:48:Infinity":9,"s:49:17:49:Infinity":10,"b:49:53:49:87:49:87:49:Infinity":2,"s:51:2:51:Infinity":11,"b:51:18:51:40:51:40:51:Infinity":3},"fnNames":{}}}
,"/home/julian/development/ui/src/utils/platform.ts": {"path":"/home/julian/development/ui/src/utils/platform.ts","statementMap":{"0":{"start":{"line":1,"column":6},"end":{"line":1,"column":null}},"1":{"start":{"line":1,"column":24},"end":{"line":1,"column":null}},"2":{"start":{"line":4,"column":2},"end":{"line":6,"column":null}},"3":{"start":{"line":5,"column":4},"end":{"line":5,"column":null}},"4":{"start":{"line":8,"column":2},"end":{"line":8,"column":null}},"5":{"start":{"line":12,"column":2},"end":{"line":14,"column":null}},"6":{"start":{"line":13,"column":4},"end":{"line":13,"column":null}},"7":{"start":{"line":16,"column":13},"end":{"line":16,"column":null}},"8":{"start":{"line":17,"column":31},"end":{"line":17,"column":null}},"9":{"start":{"line":19,"column":2},"end":{"line":19,"column":null}},"10":{"start":{"line":23,"column":2},"end":{"line":25,"column":null}},"11":{"start":{"line":24,"column":4},"end":{"line":24,"column":null}},"12":{"start":{"line":27,"column":30},"end":{"line":27,"column":null}},"13":{"start":{"line":29,"column":2},"end":{"line":29,"column":null}}},"fnMap":{"0":{"name":"(anonymous_0)","decl":{"start":{"line":1,"column":6},"end":{"line":1,"column":24}},"loc":{"start":{"line":1,"column":24},"end":{"line":1,"column":null}},"line":1},"1":{"name":"isAndroid","decl":{"start":{"line":3,"column":16},"end":{"line":3,"column":37}},"loc":{"start":{"line":3,"column":37},"end":{"line":9,"column":null}},"line":3},"2":{"name":"isIOS","decl":{"start":{"line":11,"column":16},"end":{"line":11,"column":33}},"loc":{"start":{"line":11,"column":33},"end":{"line":20,"column":null}},"line":11},"3":{"name":"isInStandaloneMode","decl":{"start":{"line":22,"column":16},"end":{"line":22,"column":46}},"loc":{"start":{"line":22,"column":46},"end":{"line":30,"column":null}},"line":22}},"branchMap":{"0":{"loc":{"start":{"line":1,"column":24},"end":{"line":1,"column":null}},"type":"binary-expr","locations":[{"start":{"line":1,"column":24},"end":{"line":1,"column":57}},{"start":{"line":1,"column":57},"end":{"line":1,"column":null}}],"line":1},"1":{"loc":{"start":{"line":4,"column":2},"end":{"line":6,"column":null}},"type":"if","locations":[{"start":{"line":4,"column":2},"end":{"line":6,"column":null}},{"start":{},"end":{}}],"line":4},"2":{"loc":{"start":{"line":12,"column":2},"end":{"line":14,"column":null}},"type":"if","locations":[{"start":{"line":12,"column":2},"end":{"line":14,"column":null}},{"start":{},"end":{}}],"line":12},"3":{"loc":{"start":{"line":16,"column":13},"end":{"line":16,"column":null}},"type":"binary-expr","locations":[{"start":{"line":16,"column":13},"end":{"line":16,"column":36}},{"start":{"line":16,"column":36},"end":{"line":16,"column":null}}],"line":16},"4":{"loc":{"start":{"line":17,"column":31},"end":{"line":17,"column":null}},"type":"binary-expr","locations":[{"start":{"line":17,"column":31},"end":{"line":17,"column":59}},{"start":{"line":17,"column":59},"end":{"line":17,"column":null}}],"line":17},"5":{"loc":{"start":{"line":19,"column":9},"end":{"line":19,"column":null}},"type":"binary-expr","locations":[{"start":{"line":19,"column":9},"end":{"line":19,"column":40}},{"start":{"line":19,"column":40},"end":{"line":19,"column":null}}],"line":19},"6":{"loc":{"start":{"line":23,"column":2},"end":{"line":25,"column":null}},"type":"if","locations":[{"start":{"line":23,"column":2},"end":{"line":25,"column":null}},{"start":{},"end":{}}],"line":23},"7":{"loc":{"start":{"line":29,"column":9},"end":{"line":29,"column":null}},"type":"binary-expr","locations":[{"start":{"line":29,"column":9},"end":{"line":29,"column":79}},{"start":{"line":29,"column":79},"end":{"line":29,"column":null}}],"line":29}},"s":{"0":3,"1":221,"2":35,"3":0,"4":35,"5":112,"6":0,"7":112,"8":112,"9":112,"10":74,"11":0,"12":74,"13":74},"f":{"0":221,"1":35,"2":112,"3":74},"b":{"0":[221,221],"1":[0,35],"2":[0,112],"3":[112,0],"4":[112,0],"5":[112,70],"6":[0,74],"7":[74,18]},"meta":{"lastBranch":8,"lastFunction":4,"lastStatement":14,"seen":{"s:1:6:1:Infinity":0,"f:1:6:1:24":0,"s:1:24:1:Infinity":1,"b:1:24:1:57:1:57:1:Infinity":0,"f:3:16:3:37":1,"b:4:2:6:Infinity:undefined:undefined:undefined:undefined":1,"s:4:2:6:Infinity":2,"s:5:4:5:Infinity":3,"s:8:2:8:Infinity":4,"f:11:16:11:33":2,"b:12:2:14:Infinity:undefined:undefined:undefined:undefined":2,"s:12:2:14:Infinity":5,"s:13:4:13:Infinity":6,"s:16:13:16:Infinity":7,"b:16:13:16:36:16:36:16:Infinity":3,"s:17:31:17:Infinity":8,"b:17:31:17:59:17:59:17:Infinity":4,"s:19:2:19:Infinity":9,"b:19:9:19:40:19:40:19:Infinity":5,"f:22:16:22:46":3,"b:23:2:25:Infinity:undefined:undefined:undefined:undefined":6,"s:23:2:25:Infinity":10,"s:24:4:24:Infinity":11,"s:27:30:27:Infinity":12,"s:29:2:29:Infinity":13,"b:29:9:29:79:29:79:29:Infinity":7},"fnNames":{}}}
}
