{"/home/julian/development/ui/.storybook/preview.ts": {"path":"/home/julian/development/ui/.storybook/preview.ts","statementMap":{"0":{"start":{"line":2,"column":7},"end":{"line":2,"column":null}},"1":{"start":{"line":14,"column":4},"end":{"line":22,"column":24}},"2":{"start":{"line":15,"column":18},"end":{"line":15,"column":43}},"3":{"start":{"line":16,"column":4},"end":{"line":16,"column":null}},"4":{"start":{"line":17,"column":5},"end":{"line":17,"column":null}},"5":{"start":{"line":19,"column":2},"end":{"line":19,"column":62}},"6":{"start":{"line":20,"column":0},"end":{"line":20,"column":null}},"7":{"start":{"line":23,"column":2},"end":{"line":23,"column":null}},"8":{"start":{"line":26,"column":3},"end":{"line":30,"column":15}},"9":{"start":{"line":33,"column":19},"end":{"line":63,"column":null}}},"fnMap":{"0":{"name":"ThemeWrapper","decl":{"start":{"line":9,"column":9},"end":{"line":9,"column":22}},"loc":{"start":{"line":13,"column":4},"end":{"line":24,"column":11}},"line":13},"1":{"name":"(anonymous_1)","decl":{"start":{"line":14,"column":13},"end":{"line":14,"column":29}},"loc":{"start":{"line":14,"column":13},"end":{"line":22,"column":9}},"line":14},"2":{"name":"ThemeDecorator","decl":{"start":{"line":25,"column":11},"end":{"line":25,"column":27}},"loc":{"start":{"line":25,"column":36},"end":{"line":32,"column":12}},"line":25}},"branchMap":{"0":{"loc":{"start":{"line":29,"column":6},"end":{"line":29,"column":null}},"type":"binary-expr","locations":[{"start":{"line":29,"column":6},"end":{"line":29,"column":null}},{"start":{"line":29,"column":25},"end":{"line":29,"column":null}}],"line":29}},"s":{"0":56,"1":123,"2":123,"3":123,"4":123,"5":123,"6":123,"7":123,"8":123,"9":56},"f":{"0":123,"1":123,"2":123},"b":{"0":[123,0]},"meta":{"lastBranch":1,"lastFunction":3,"lastStatement":10,"seen":{"s:2:7:2:Infinity":0,"f:9:9:9:22":0,"s:14:4:22:24":1,"f:14:13:14:29":1,"s:15:18:15:43":2,"s:16:4:16:Infinity":3,"s:17:5:17:Infinity":4,"s:19:2:19:62":5,"s:20:0:20:Infinity":6,"s:23:2:23:Infinity":7,"f:25:11:25:27":2,"s:26:3:30:15":8,"b:29:6:29:Infinity:29:25:29:Infinity":0,"s:33:19:63:Infinity":9},"fnNames":{}}}
,"/home/julian/development/ui/src/index.css": {"path":"/home/julian/development/ui/src/index.css","statementMap":{},"fnMap":{},"branchMap":{},"s":{},"f":{},"b":{},"meta":{"lastBranch":0,"lastFunction":0,"lastStatement":0,"seen":{},"fnNames":{}}}
,"/home/julian/development/ui/src/components/AnonymousUserIcon.tsx": {"path":"/home/julian/development/ui/src/components/AnonymousUserIcon.tsx","statementMap":{"0":{"start":{"line":1,"column":9},"end":{"line":1,"column":null}},"1":{"start":{"line":9,"column":2},"end":{"line":22,"column":null}}},"fnMap":{"0":{"name":"AnonymousUserIcon","decl":{"start":{"line":8,"column":16},"end":{"line":8,"column":34}},"loc":{"start":{"line":8,"column":97},"end":{"line":24,"column":null}},"line":8}},"branchMap":{"0":{"loc":{"start":{"line":8,"column":36},"end":{"line":8,"column":60}},"type":"default-arg","locations":[{"start":{"line":8,"column":42},"end":{"line":8,"column":60}}],"line":8}},"s":{"0":1,"1":4},"f":{"0":4},"b":{"0":[4]},"meta":{"lastBranch":1,"lastFunction":1,"lastStatement":2,"seen":{"s:1:9:1:Infinity":0,"f:8:16:8:34":0,"b:8:42:8:60":0,"s:9:2:22:Infinity":1},"fnNames":{}}}
,"/home/julian/development/ui/src/components/LegalNotice.tsx": {"path":"/home/julian/development/ui/src/components/LegalNotice.tsx","statementMap":{"0":{"start":{"line":1,"column":25},"end":{"line":1,"column":null}},"1":{"start":{"line":1,"column":44},"end":{"line":1,"column":null}},"2":{"start":{"line":36,"column":35},"end":{"line":56,"column":null}},"3":{"start":{"line":59,"column":17},"end":{"line":59,"column":null}},"4":{"start":{"line":60,"column":2},"end":{"line":84,"column":null}},"5":{"start":{"line":63,"column":8},"end":{"line":82,"column":null}},"6":{"start":{"line":73,"column":12},"end":{"line":80,"column":null}},"7":{"start":{"line":89,"column":2},"end":{"line":89,"column":null}},"8":{"start":{"line":93,"column":2},"end":{"line":98,"column":null}},"9":{"start":{"line":102,"column":16},"end":{"line":102,"column":null}},"10":{"start":{"line":103,"column":2},"end":{"line":103,"column":null}},"11":{"start":{"line":103,"column":21},"end":{"line":103,"column":null}},"12":{"start":{"line":105,"column":26},"end":{"line":105,"column":null}},"13":{"start":{"line":106,"column":20},"end":{"line":106,"column":null}},"14":{"start":{"line":108,"column":2},"end":{"line":116,"column":null}},"15":{"start":{"line":109,"column":21},"end":{"line":109,"column":null}},"16":{"start":{"line":110,"column":4},"end":{"line":115,"column":null}},"17":{"start":{"line":111,"column":6},"end":{"line":111,"column":null}},"18":{"start":{"line":112,"column":6},"end":{"line":112,"column":null}},"19":{"start":{"line":114,"column":6},"end":{"line":114,"column":null}},"20":{"start":{"line":118,"column":2},"end":{"line":118,"column":null}},"21":{"start":{"line":119,"column":2},"end":{"line":119,"column":null}},"22":{"start":{"line":123,"column":21},"end":{"line":123,"column":null}},"23":{"start":{"line":124,"column":26},"end":{"line":124,"column":null}},"24":{"start":{"line":126,"column":2},"end":{"line":135,"column":null}},"25":{"start":{"line":127,"column":29},"end":{"line":127,"column":null}},"26":{"start":{"line":128,"column":4},"end":{"line":131,"column":null}},"27":{"start":{"line":129,"column":6},"end":{"line":129,"column":null}},"28":{"start":{"line":130,"column":6},"end":{"line":130,"column":null}},"29":{"start":{"line":133,"column":4},"end":{"line":133,"column":null}},"30":{"start":{"line":134,"column":4},"end":{"line":134,"column":null}},"31":{"start":{"line":137,"column":2},"end":{"line":139,"column":null}},"32":{"start":{"line":138,"column":4},"end":{"line":138,"column":null}},"33":{"start":{"line":141,"column":20},"end":{"line":141,"column":null}},"34":{"start":{"line":142,"column":21},"end":{"line":142,"column":null}},"35":{"start":{"line":143,"column":18},"end":{"line":143,"column":null}},"36":{"start":{"line":144,"column":20},"end":{"line":144,"column":null}},"37":{"start":{"line":145,"column":23},"end":{"line":145,"column":null}},"38":{"start":{"line":146,"column":21},"end":{"line":146,"column":null}},"39":{"start":{"line":147,"column":26},"end":{"line":147,"column":null}},"40":{"start":{"line":148,"column":28},"end":{"line":148,"column":null}},"41":{"start":{"line":150,"column":2},"end":{"line":152,"column":null}},"42":{"start":{"line":150,"column":19},"end":{"line":150,"column":22}},"43":{"start":{"line":151,"column":4},"end":{"line":151,"column":null}},"44":{"start":{"line":154,"column":28},"end":{"line":154,"column":null}},"45":{"start":{"line":155,"column":8},"end":{"line":158,"column":null}},"46":{"start":{"line":156,"column":4},"end":{"line":156,"column":null}},"47":{"start":{"line":157,"column":4},"end":{"line":157,"column":null}},"48":{"start":{"line":160,"column":17},"end":{"line":160,"column":null}},"49":{"start":{"line":161,"column":22},"end":{"line":161,"column":null}},"50":{"start":{"line":162,"column":28},"end":{"line":162,"column":null}},"51":{"start":{"line":164,"column":21},"end":{"line":178,"column":null}},"52":{"start":{"line":165,"column":21},"end":{"line":165,"column":null}},"53":{"start":{"line":166,"column":19},"end":{"line":166,"column":null}},"54":{"start":{"line":168,"column":4},"end":{"line":168,"column":null}},"55":{"start":{"line":169,"column":4},"end":{"line":173,"column":null}},"56":{"start":{"line":170,"column":6},"end":{"line":170,"column":null}},"57":{"start":{"line":171,"column":6},"end":{"line":171,"column":null}},"58":{"start":{"line":172,"column":6},"end":{"line":172,"column":null}},"59":{"start":{"line":174,"column":4},"end":{"line":174,"column":null}},"60":{"start":{"line":176,"column":19},"end":{"line":176,"column":null}},"61":{"start":{"line":177,"column":4},"end":{"line":177,"column":null}},"62":{"start":{"line":180,"column":22},"end":{"line":180,"column":null}},"63":{"start":{"line":182,"column":2},"end":{"line":187,"column":null}},"64":{"start":{"line":183,"column":19},"end":{"line":185,"column":null}},"65":{"start":{"line":186,"column":4},"end":{"line":186,"column":null}},"66":{"start":{"line":189,"column":24},"end":{"line":189,"column":null}},"67":{"start":{"line":189,"column":80},"end":{"line":189,"column":91}},"68":{"start":{"line":190,"column":20},"end":{"line":190,"column":null}},"69":{"start":{"line":192,"column":12},"end":{"line":192,"column":null}},"70":{"start":{"line":193,"column":18},"end":{"line":193,"column":null}},"71":{"start":{"line":195,"column":2},"end":{"line":198,"column":null}},"72":{"start":{"line":196,"column":4},"end":{"line":196,"column":null}},"73":{"start":{"line":197,"column":4},"end":{"line":197,"column":null}},"74":{"start":{"line":200,"column":21},"end":{"line":200,"column":null}},"75":{"start":{"line":201,"column":2},"end":{"line":201,"column":null}},"76":{"start":{"line":202,"column":2},"end":{"line":202,"column":null}},"77":{"start":{"line":203,"column":2},"end":{"line":205,"column":null}},"78":{"start":{"line":204,"column":4},"end":{"line":204,"column":null}},"79":{"start":{"line":206,"column":2},"end":{"line":206,"column":null}},"80":{"start":{"line":208,"column":2},"end":{"line":208,"column":null}},"81":{"start":{"line":222,"column":17},"end":{"line":225,"column":null}},"82":{"start":{"line":222,"column":65},"end":{"line":225,"column":3}},"83":{"start":{"line":224,"column":48},"end":{"line":224,"column":123}},"84":{"start":{"line":227,"column":2},"end":{"line":229,"column":null}},"85":{"start":{"line":228,"column":4},"end":{"line":228,"column":null}},"86":{"start":{"line":230,"column":2},"end":{"line":232,"column":null}},"87":{"start":{"line":231,"column":4},"end":{"line":231,"column":null}},"88":{"start":{"line":234,"column":2},"end":{"line":234,"column":null}},"89":{"start":{"line":248,"column":17},"end":{"line":248,"column":null}},"90":{"start":{"line":249,"column":26},"end":{"line":249,"column":null}},"91":{"start":{"line":250,"column":28},"end":{"line":268,"column":null}},"92":{"start":{"line":251,"column":4},"end":{"line":251,"column":null}},"93":{"start":{"line":251,"column":39},"end":{"line":251,"column":null}},"94":{"start":{"line":253,"column":18},"end":{"line":253,"column":null}},"95":{"start":{"line":254,"column":17},"end":{"line":254,"column":null}},"96":{"start":{"line":255,"column":21},"end":{"line":255,"column":null}},"97":{"start":{"line":256,"column":20},"end":{"line":256,"column":null}},"98":{"start":{"line":257,"column":16},"end":{"line":257,"column":null}},"99":{"start":{"line":258,"column":17},"end":{"line":258,"column":null}},"100":{"start":{"line":260,"column":4},"end":{"line":260,"column":null}},"101":{"start":{"line":261,"column":4},"end":{"line":261,"column":null}},"102":{"start":{"line":262,"column":4},"end":{"line":262,"column":null}},"103":{"start":{"line":263,"column":4},"end":{"line":263,"column":null}},"104":{"start":{"line":264,"column":4},"end":{"line":264,"column":null}},"105":{"start":{"line":265,"column":4},"end":{"line":267,"column":null}},"106":{"start":{"line":266,"column":6},"end":{"line":266,"column":null}},"107":{"start":{"line":270,"column":2},"end":{"line":348,"column":null}},"108":{"start":{"line":271,"column":4},"end":{"line":280,"column":null}},"109":{"start":{"line":283,"column":4},"end":{"line":346,"column":null}},"110":{"start":{"line":368,"column":20},"end":{"line":368,"column":null}},"111":{"start":{"line":369,"column":17},"end":{"line":369,"column":null}},"112":{"start":{"line":371,"column":2},"end":{"line":389,"column":null}}},"fnMap":{"0":{"name":"LegalNoticeContent","decl":{"start":{"line":58,"column":9},"end":{"line":58,"column":28}},"loc":{"start":{"line":58,"column":81},"end":{"line":86,"column":null}},"line":58},"1":{"name":"(anonymous_1)","decl":{"start":{"line":62,"column":34},"end":{"line":62,"column":39}},"loc":{"start":{"line":63,"column":8},"end":{"line":82,"column":null}},"line":63},"2":{"name":"(anonymous_2)","decl":{"start":{"line":72,"column":33},"end":{"line":72,"column":38}},"loc":{"start":{"line":73,"column":12},"end":{"line":80,"column":null}},"line":73},"3":{"name":"escapePdfText","decl":{"start":{"line":88,"column":9},"end":{"line":88,"column":23}},"loc":{"start":{"line":88,"column":38},"end":{"line":90,"column":null}},"line":88},"4":{"name":"normalizePdfText","decl":{"start":{"line":92,"column":9},"end":{"line":92,"column":26}},"loc":{"start":{"line":92,"column":41},"end":{"line":99,"column":null}},"line":92},"5":{"name":"wrapPdfParagraph","decl":{"start":{"line":101,"column":9},"end":{"line":101,"column":26}},"loc":{"start":{"line":101,"column":67},"end":{"line":120,"column":null}},"line":101},"6":{"name":"createPdfBlob","decl":{"start":{"line":122,"column":9},"end":{"line":122,"column":23}},"loc":{"start":{"line":122,"column":73},"end":{"line":209,"column":null}},"line":122},"7":{"name":"(anonymous_7)","decl":{"start":{"line":155,"column":8},"end":{"line":155,"column":21}},"loc":{"start":{"line":155,"column":41},"end":{"line":158,"column":null}},"line":155},"8":{"name":"(anonymous_8)","decl":{"start":{"line":164,"column":27},"end":{"line":164,"column":32}},"loc":{"start":{"line":164,"column":46},"end":{"line":178,"column":3}},"line":164},"9":{"name":"(anonymous_9)","decl":{"start":{"line":182,"column":13},"end":{"line":182,"column":22}},"loc":{"start":{"line":182,"column":36},"end":{"line":187,"column":3}},"line":182},"10":{"name":"(anonymous_10)","decl":{"start":{"line":189,"column":68},"end":{"line":189,"column":73}},"loc":{"start":{"line":189,"column":80},"end":{"line":189,"column":91}},"line":189},"11":{"name":"(anonymous_11)","decl":{"start":{"line":195,"column":10},"end":{"line":195,"column":19}},"loc":{"start":{"line":195,"column":37},"end":{"line":198,"column":3}},"line":195},"12":{"name":"buildDefaultPdfText","decl":{"start":{"line":211,"column":9},"end":{"line":211,"column":29}},"loc":{"start":{"line":221,"column":3},"end":{"line":235,"column":null}},"line":221},"13":{"name":"(anonymous_13)","decl":{"start":{"line":222,"column":44},"end":{"line":222,"column":53}},"loc":{"start":{"line":222,"column":65},"end":{"line":225,"column":3}},"line":222},"14":{"name":"(anonymous_14)","decl":{"start":{"line":224,"column":29},"end":{"line":224,"column":34}},"loc":{"start":{"line":224,"column":48},"end":{"line":224,"column":123}},"line":224},"15":{"name":"LegalNotice","decl":{"start":{"line":237,"column":16},"end":{"line":237,"column":28}},"loc":{"start":{"line":247,"column":21},"end":{"line":349,"column":null}},"line":247},"16":{"name":"(anonymous_16)","decl":{"start":{"line":250,"column":28},"end":{"line":250,"column":46}},"loc":{"start":{"line":250,"column":46},"end":{"line":268,"column":5}},"line":250},"17":{"name":"(anonymous_17)","decl":{"start":{"line":265,"column":11},"end":{"line":265,"column":28}},"loc":{"start":{"line":265,"column":28},"end":{"line":267,"column":7}},"line":265},"18":{"name":"LegalNoticePage","decl":{"start":{"line":351,"column":9},"end":{"line":351,"column":25}},"loc":{"start":{"line":367,"column":3},"end":{"line":391,"column":null}},"line":367}},"branchMap":{"0":{"loc":{"start":{"line":64,"column":81},"end":{"line":64,"column":107}},"type":"binary-expr","locations":[{"start":{"line":64,"column":81},"end":{"line":64,"column":101}},{"start":{"line":64,"column":101},"end":{"line":64,"column":107}}],"line":64},"1":{"loc":{"start":{"line":73,"column":49},"end":{"line":73,"column":82}},"type":"binary-expr","locations":[{"start":{"line":73,"column":49},"end":{"line":73,"column":71}},{"start":{"line":73,"column":71},"end":{"line":73,"column":82}}],"line":73},"2":{"loc":{"start":{"line":101,"column":45},"end":{"line":101,"column":67}},"type":"default-arg","locations":[{"start":{"line":101,"column":63},"end":{"line":101,"column":67}}],"line":101},"3":{"loc":{"start":{"line":103,"column":2},"end":{"line":103,"column":null}},"type":"if","locations":[{"start":{"line":103,"column":2},"end":{"line":103,"column":null}},{"start":{},"end":{}}],"line":103},"4":{"loc":{"start":{"line":110,"column":4},"end":{"line":115,"column":null}},"type":"if","locations":[{"start":{"line":110,"column":4},"end":{"line":115,"column":null}},{"start":{"line":113,"column":11},"end":{"line":115,"column":null}}],"line":110},"5":{"loc":{"start":{"line":128,"column":4},"end":{"line":131,"column":null}},"type":"if","locations":[{"start":{"line":128,"column":4},"end":{"line":131,"column":null}},{"start":{},"end":{}}],"line":128},"6":{"loc":{"start":{"line":137,"column":2},"end":{"line":139,"column":null}},"type":"if","locations":[{"start":{"line":137,"column":2},"end":{"line":139,"column":null}},{"start":{},"end":{}}],"line":137},"7":{"loc":{"start":{"line":227,"column":2},"end":{"line":229,"column":null}},"type":"if","locations":[{"start":{"line":227,"column":2},"end":{"line":229,"column":null}},{"start":{},"end":{}}],"line":227},"8":{"loc":{"start":{"line":230,"column":2},"end":{"line":232,"column":null}},"type":"if","locations":[{"start":{"line":230,"column":2},"end":{"line":232,"column":null}},{"start":{},"end":{}}],"line":230},"9":{"loc":{"start":{"line":238,"column":2},"end":{"line":238,"column":null}},"type":"default-arg","locations":[{"start":{"line":238,"column":9},"end":{"line":238,"column":null}}],"line":238},"10":{"loc":{"start":{"line":240,"column":2},"end":{"line":240,"column":null}},"type":"default-arg","locations":[{"start":{"line":240,"column":20},"end":{"line":240,"column":null}}],"line":240},"11":{"loc":{"start":{"line":249,"column":26},"end":{"line":249,"column":null}},"type":"binary-expr","locations":[{"start":{"line":249,"column":26},"end":{"line":249,"column":37}},{"start":{"line":249,"column":37},"end":{"line":249,"column":null}}],"line":249},"12":{"loc":{"start":{"line":251,"column":4},"end":{"line":251,"column":null}},"type":"if","locations":[{"start":{"line":251,"column":4},"end":{"line":251,"column":null}},{"start":{},"end":{}}],"line":251},"13":{"loc":{"start":{"line":253,"column":18},"end":{"line":253,"column":null}},"type":"binary-expr","locations":[{"start":{"line":253,"column":18},"end":{"line":253,"column":41}},{"start":{"line":253,"column":41},"end":{"line":253,"column":null}}],"line":253},"14":{"loc":{"start":{"line":254,"column":17},"end":{"line":254,"column":null}},"type":"binary-expr","locations":[{"start":{"line":254,"column":17},"end":{"line":254,"column":38}},{"start":{"line":254,"column":38},"end":{"line":254,"column":null}}],"line":254},"15":{"loc":{"start":{"line":255,"column":21},"end":{"line":255,"column":null}},"type":"binary-expr","locations":[{"start":{"line":255,"column":21},"end":{"line":255,"column":46}},{"start":{"line":255,"column":46},"end":{"line":255,"column":null}}],"line":255},"16":{"loc":{"start":{"line":270,"column":2},"end":{"line":348,"column":null}},"type":"if","locations":[{"start":{"line":270,"column":2},"end":{"line":348,"column":null}},{"start":{"line":282,"column":9},"end":{"line":348,"column":null}}],"line":270},"17":{"loc":{"start":{"line":287,"column":13},"end":{"line":287,"column":null}},"type":"binary-expr","locations":[{"start":{"line":287,"column":13},"end":{"line":287,"column":32}},{"start":{"line":287,"column":32},"end":{"line":287,"column":null}}],"line":287},"18":{"loc":{"start":{"line":292,"column":13},"end":{"line":298,"column":null}},"type":"binary-expr","locations":[{"start":{"line":292,"column":13},"end":{"line":292,"column":null}},{"start":{"line":293,"column":14},"end":{"line":298,"column":null}}],"line":292},"19":{"loc":{"start":{"line":311,"column":15},"end":{"line":311,"column":null}},"type":"binary-expr","locations":[{"start":{"line":311,"column":15},"end":{"line":311,"column":38}},{"start":{"line":311,"column":38},"end":{"line":311,"column":null}}],"line":311},"20":{"loc":{"start":{"line":331,"column":15},"end":{"line":336,"column":null}},"type":"cond-expr","locations":[{"start":{"line":332,"column":16},"end":{"line":336,"column":null}},{"start":{"line":336,"column":18},"end":{"line":336,"column":null}}],"line":331},"21":{"loc":{"start":{"line":331,"column":15},"end":{"line":331,"column":null}},"type":"binary-expr","locations":[{"start":{"line":331,"column":15},"end":{"line":331,"column":34}},{"start":{"line":331,"column":34},"end":{"line":331,"column":null}}],"line":331},"22":{"loc":{"start":{"line":333,"column":19},"end":{"line":333,"column":null}},"type":"cond-expr","locations":[{"start":{"line":333,"column":36},"end":{"line":333,"column":null}},{"start":{"line":333,"column":62},"end":{"line":333,"column":null}}],"line":333},"23":{"loc":{"start":{"line":334,"column":19},"end":{"line":334,"column":null}},"type":"cond-expr","locations":[{"start":{"line":334,"column":33},"end":{"line":334,"column":null}},{"start":{"line":334,"column":56},"end":{"line":334,"column":null}}],"line":334},"24":{"loc":{"start":{"line":353,"column":2},"end":{"line":353,"column":null}},"type":"default-arg","locations":[{"start":{"line":353,"column":20},"end":{"line":353,"column":null}}],"line":353},"25":{"loc":{"start":{"line":368,"column":20},"end":{"line":368,"column":null}},"type":"cond-expr","locations":[{"start":{"line":368,"column":38},"end":{"line":368,"column":46}},{"start":{"line":368,"column":46},"end":{"line":368,"column":null}}],"line":368},"26":{"loc":{"start":{"line":373,"column":7},"end":{"line":377,"column":null}},"type":"cond-expr","locations":[{"start":{"line":374,"column":8},"end":{"line":377,"column":null}},{"start":{"line":377,"column":10},"end":{"line":377,"column":null}}],"line":373},"27":{"loc":{"start":{"line":375,"column":11},"end":{"line":375,"column":null}},"type":"binary-expr","locations":[{"start":{"line":375,"column":11},"end":{"line":375,"column":32}},{"start":{"line":375,"column":32},"end":{"line":375,"column":null}}],"line":375},"28":{"loc":{"start":{"line":381,"column":11},"end":{"line":386,"column":null}},"type":"cond-expr","locations":[{"start":{"line":382,"column":12},"end":{"line":386,"column":null}},{"start":{"line":386,"column":14},"end":{"line":386,"column":null}}],"line":381},"29":{"loc":{"start":{"line":381,"column":11},"end":{"line":381,"column":null}},"type":"binary-expr","locations":[{"start":{"line":381,"column":11},"end":{"line":381,"column":30}},{"start":{"line":381,"column":30},"end":{"line":381,"column":null}}],"line":381},"30":{"loc":{"start":{"line":383,"column":15},"end":{"line":383,"column":null}},"type":"cond-expr","locations":[{"start":{"line":383,"column":32},"end":{"line":383,"column":null}},{"start":{"line":383,"column":58},"end":{"line":383,"column":null}}],"line":383},"31":{"loc":{"start":{"line":384,"column":15},"end":{"line":384,"column":null}},"type":"cond-expr","locations":[{"start":{"line":384,"column":29},"end":{"line":384,"column":null}},{"start":{"line":384,"column":52},"end":{"line":384,"column":null}}],"line":384}},"s":{"0":1,"1":1,"2":1,"3":1,"4":1,"5":2,"6":9,"7":0,"8":0,"9":0,"10":0,"11":0,"12":0,"13":0,"14":0,"15":0,"16":0,"17":0,"18":0,"19":0,"20":0,"21":0,"22":0,"23":0,"24":0,"25":0,"26":0,"27":0,"28":0,"29":0,"30":0,"31":0,"32":0,"33":0,"34":0,"35":0,"36":0,"37":0,"38":0,"39":0,"40":0,"41":0,"42":0,"43":0,"44":0,"45":0,"46":0,"47":0,"48":0,"49":0,"50":0,"51":0,"52":0,"53":0,"54":0,"55":0,"56":0,"57":0,"58":0,"59":0,"60":0,"61":0,"62":0,"63":0,"64":0,"65":0,"66":0,"67":0,"68":0,"69":0,"70":0,"71":0,"72":0,"73":0,"74":0,"75":0,"76":0,"77":0,"78":0,"79":0,"80":0,"81":0,"82":0,"83":0,"84":0,"85":0,"86":0,"87":0,"88":0,"89":5,"90":5,"91":5,"92":0,"93":0,"94":0,"95":0,"96":0,"97":0,"98":0,"99":0,"100":0,"101":0,"102":0,"103":0,"104":0,"105":0,"106":0,"107":5,"108":2,"109":3,"110":2,"111":2,"112":2},"f":{"0":1,"1":2,"2":9,"3":0,"4":0,"5":0,"6":0,"7":0,"8":0,"9":0,"10":0,"11":0,"12":0,"13":0,"14":0,"15":5,"16":0,"17":0,"18":2},"b":{"0":[2,1],"1":[9,7],"2":[0],"3":[0,0],"4":[0,0],"5":[0,0],"6":[0,0],"7":[0,0],"8":[0,0],"9":[5],"10":[5],"11":[5,1],"12":[0,0],"13":[0,0],"14":[0,0],"15":[0,0],"16":[2,3],"17":[3,1],"18":[3,1],"19":[3,1],"20":[1,2],"21":[3,2],"22":[1,0],"23":[1,0],"24":[2],"25":[1,1],"26":[1,1],"27":[1,1],"28":[1,1],"29":[2,1],"30":[1,0],"31":[1,0]},"meta":{"lastBranch":32,"lastFunction":19,"lastStatement":113,"seen":{"s:1:25:1:Infinity":0,"s:1:44:1:Infinity":1,"s:36:35:56:Infinity":2,"f:58:9:58:28":0,"s:59:17:59:Infinity":3,"s:60:2:84:Infinity":4,"f:62:34:62:39":1,"s:63:8:82:Infinity":5,"b:64:81:64:101:64:101:64:107":0,"f:72:33:72:38":2,"s:73:12:80:Infinity":6,"b:73:49:73:71:73:71:73:82":1,"f:88:9:88:23":3,"s:89:2:89:Infinity":7,"f:92:9:92:26":4,"s:93:2:98:Infinity":8,"f:101:9:101:26":5,"b:101:63:101:67":2,"s:102:16:102:Infinity":9,"b:103:2:103:Infinity:undefined:undefined:undefined:undefined":3,"s:103:2:103:Infinity":10,"s:103:21:103:Infinity":11,"s:105:26:105:Infinity":12,"s:106:20:106:Infinity":13,"s:108:2:116:Infinity":14,"s:109:21:109:Infinity":15,"b:110:4:115:Infinity:113:11:115:Infinity":4,"s:110:4:115:Infinity":16,"s:111:6:111:Infinity":17,"s:112:6:112:Infinity":18,"s:114:6:114:Infinity":19,"s:118:2:118:Infinity":20,"s:119:2:119:Infinity":21,"f:122:9:122:23":6,"s:123:21:123:Infinity":22,"s:124:26:124:Infinity":23,"s:126:2:135:Infinity":24,"s:127:29:127:Infinity":25,"b:128:4:131:Infinity:undefined:undefined:undefined:undefined":5,"s:128:4:131:Infinity":26,"s:129:6:129:Infinity":27,"s:130:6:130:Infinity":28,"s:133:4:133:Infinity":29,"s:134:4:134:Infinity":30,"b:137:2:139:Infinity:undefined:undefined:undefined:undefined":6,"s:137:2:139:Infinity":31,"s:138:4:138:Infinity":32,"s:141:20:141:Infinity":33,"s:142:21:142:Infinity":34,"s:143:18:143:Infinity":35,"s:144:20:144:Infinity":36,"s:145:23:145:Infinity":37,"s:146:21:146:Infinity":38,"s:147:26:147:Infinity":39,"s:148:28:148:Infinity":40,"s:150:2:152:Infinity":41,"s:150:19:150:22":42,"s:151:4:151:Infinity":43,"s:154:28:154:Infinity":44,"s:155:8:158:Infinity":45,"f:155:8:155:21":7,"s:156:4:156:Infinity":46,"s:157:4:157:Infinity":47,"s:160:17:160:Infinity":48,"s:161:22:161:Infinity":49,"s:162:28:162:Infinity":50,"s:164:21:178:Infinity":51,"f:164:27:164:32":8,"s:165:21:165:Infinity":52,"s:166:19:166:Infinity":53,"s:168:4:168:Infinity":54,"s:169:4:173:Infinity":55,"s:170:6:170:Infinity":56,"s:171:6:171:Infinity":57,"s:172:6:172:Infinity":58,"s:174:4:174:Infinity":59,"s:176:19:176:Infinity":60,"s:177:4:177:Infinity":61,"s:180:22:180:Infinity":62,"s:182:2:187:Infinity":63,"f:182:13:182:22":9,"s:183:19:185:Infinity":64,"s:186:4:186:Infinity":65,"s:189:24:189:Infinity":66,"f:189:68:189:73":10,"s:189:80:189:91":67,"s:190:20:190:Infinity":68,"s:192:12:192:Infinity":69,"s:193:18:193:Infinity":70,"s:195:2:198:Infinity":71,"f:195:10:195:19":11,"s:196:4:196:Infinity":72,"s:197:4:197:Infinity":73,"s:200:21:200:Infinity":74,"s:201:2:201:Infinity":75,"s:202:2:202:Infinity":76,"s:203:2:205:Infinity":77,"s:204:4:204:Infinity":78,"s:206:2:206:Infinity":79,"s:208:2:208:Infinity":80,"f:211:9:211:29":12,"s:222:17:225:Infinity":81,"f:222:44:222:53":13,"s:222:65:225:3":82,"f:224:29:224:34":14,"s:224:48:224:123":83,"b:227:2:229:Infinity:undefined:undefined:undefined:undefined":7,"s:227:2:229:Infinity":84,"s:228:4:228:Infinity":85,"b:230:2:232:Infinity:undefined:undefined:undefined:undefined":8,"s:230:2:232:Infinity":86,"s:231:4:231:Infinity":87,"s:234:2:234:Infinity":88,"f:237:16:237:28":15,"b:238:9:238:Infinity":9,"b:240:20:240:Infinity":10,"s:248:17:248:Infinity":89,"s:249:26:249:Infinity":90,"b:249:26:249:37:249:37:249:Infinity":11,"s:250:28:268:Infinity":91,"f:250:28:250:46":16,"b:251:4:251:Infinity:undefined:undefined:undefined:undefined":12,"s:251:4:251:Infinity":92,"s:251:39:251:Infinity":93,"s:253:18:253:Infinity":94,"b:253:18:253:41:253:41:253:Infinity":13,"s:254:17:254:Infinity":95,"b:254:17:254:38:254:38:254:Infinity":14,"s:255:21:255:Infinity":96,"b:255:21:255:46:255:46:255:Infinity":15,"s:256:20:256:Infinity":97,"s:257:16:257:Infinity":98,"s:258:17:258:Infinity":99,"s:260:4:260:Infinity":100,"s:261:4:261:Infinity":101,"s:262:4:262:Infinity":102,"s:263:4:263:Infinity":103,"s:264:4:264:Infinity":104,"s:265:4:267:Infinity":105,"f:265:11:265:28":17,"s:266:6:266:Infinity":106,"b:270:2:348:Infinity:282:9:348:Infinity":16,"s:270:2:348:Infinity":107,"s:271:4:280:Infinity":108,"s:283:4:346:Infinity":109,"b:287:13:287:32:287:32:287:Infinity":17,"b:292:13:292:Infinity:293:14:298:Infinity":18,"b:311:15:311:38:311:38:311:Infinity":19,"b:332:16:336:Infinity:336:18:336:Infinity":20,"b:331:15:331:34:331:34:331:Infinity":21,"b:333:36:333:Infinity:333:62:333:Infinity":22,"b:334:33:334:Infinity:334:56:334:Infinity":23,"f:351:9:351:25":18,"b:353:20:353:Infinity":24,"s:368:20:368:Infinity":110,"b:368:38:368:46:368:46:368:Infinity":25,"s:369:17:369:Infinity":111,"s:371:2:389:Infinity":112,"b:374:8:377:Infinity:377:10:377:Infinity":26,"b:375:11:375:32:375:32:375:Infinity":27,"b:382:12:386:Infinity:386:14:386:Infinity":28,"b:381:11:381:30:381:30:381:Infinity":29,"b:383:32:383:Infinity:383:58:383:Infinity":30,"b:384:29:384:Infinity:384:52:384:Infinity":31},"fnNames":{}}}
,"/home/julian/development/ui/src/components/NodeIdDisplay.tsx": {"path":"/home/julian/development/ui/src/components/NodeIdDisplay.tsx","statementMap":{"0":{"start":{"line":1,"column":9},"end":{"line":1,"column":null}},"1":{"start":{"line":22,"column":2},"end":{"line":32,"column":null}}},"fnMap":{"0":{"name":"NodeIdDisplay","decl":{"start":{"line":14,"column":16},"end":{"line":14,"column":30}},"loc":{"start":{"line":21,"column":23},"end":{"line":34,"column":null}},"line":21}},"branchMap":{"0":{"loc":{"start":{"line":16,"column":2},"end":{"line":16,"column":null}},"type":"default-arg","locations":[{"start":{"line":16,"column":14},"end":{"line":16,"column":null}}],"line":16},"1":{"loc":{"start":{"line":20,"column":2},"end":{"line":20,"column":null}},"type":"default-arg","locations":[{"start":{"line":20,"column":19},"end":{"line":20,"column":null}}],"line":20},"2":{"loc":{"start":{"line":31,"column":7},"end":{"line":32,"column":null}},"type":"binary-expr","locations":[{"start":{"line":31,"column":7},"end":{"line":31,"column":26}},{"start":{"line":31,"column":26},"end":{"line":32,"column":null}}],"line":31}},"s":{"0":1,"1":3},"f":{"0":3},"b":{"0":[3],"1":[3],"2":[3,2]},"meta":{"lastBranch":3,"lastFunction":1,"lastStatement":2,"seen":{"s:1:9:1:Infinity":0,"f:14:16:14:30":0,"b:16:14:16:Infinity":0,"b:20:19:20:Infinity":1,"s:22:2:32:Infinity":1,"b:31:7:31:26:31:26:32:Infinity":2},"fnNames":{}}}
,"/home/julian/development/ui/src/components/Attachment/Attachment.tsx": {"path":"/home/julian/development/ui/src/components/Attachment/Attachment.tsx","statementMap":{"0":{"start":{"line":1,"column":9},"end":{"line":1,"column":59}},"1":{"start":{"line":1,"column":59},"end":{"line":1,"column":null}},"2":{"start":{"line":27,"column":34},"end":{"line":27,"column":null}},"3":{"start":{"line":28,"column":24},"end":{"line":28,"column":null}},"4":{"start":{"line":29,"column":36},"end":{"line":29,"column":null}},"5":{"start":{"line":30,"column":28},"end":{"line":30,"column":null}},"6":{"start":{"line":31,"column":29},"end":{"line":31,"column":null}},"7":{"start":{"line":32,"column":29},"end":{"line":32,"column":null}},"8":{"start":{"line":34,"column":2},"end":{"line":36,"column":null}},"9":{"start":{"line":35,"column":4},"end":{"line":35,"column":null}},"10":{"start":{"line":37,"column":2},"end":{"line":39,"column":null}},"11":{"start":{"line":38,"column":4},"end":{"line":38,"column":null}},"12":{"start":{"line":41,"column":2},"end":{"line":69,"column":null}},"13":{"start":{"line":42,"column":4},"end":{"line":42,"column":null}},"14":{"start":{"line":44,"column":25},"end":{"line":65,"column":null}},"15":{"start":{"line":45,"column":6},"end":{"line":64,"column":null}},"16":{"start":{"line":48,"column":8},"end":{"line":52,"column":null}},"17":{"start":{"line":49,"column":10},"end":{"line":49,"column":null}},"18":{"start":{"line":51,"column":10},"end":{"line":51,"column":null}},"19":{"start":{"line":54,"column":21},"end":{"line":56,"column":null}},"20":{"start":{"line":58,"column":8},"end":{"line":58,"column":null}},"21":{"start":{"line":59,"column":8},"end":{"line":59,"column":null}},"22":{"start":{"line":61,"column":8},"end":{"line":61,"column":null}},"23":{"start":{"line":63,"column":8},"end":{"line":63,"column":null}},"24":{"start":{"line":67,"column":4},"end":{"line":67,"column":null}},"25":{"start":{"line":71,"column":2},"end":{"line":77,"column":null}},"26":{"start":{"line":72,"column":4},"end":{"line":76,"column":null}},"27":{"start":{"line":73,"column":6},"end":{"line":75,"column":null}},"28":{"start":{"line":74,"column":8},"end":{"line":74,"column":null}},"29":{"start":{"line":79,"column":8},"end":{"line":91,"column":null}},"30":{"start":{"line":80,"column":4},"end":{"line":80,"column":null}},"31":{"start":{"line":80,"column":14},"end":{"line":80,"column":null}},"32":{"start":{"line":82,"column":4},"end":{"line":82,"column":null}},"33":{"start":{"line":83,"column":4},"end":{"line":83,"column":null}},"34":{"start":{"line":84,"column":4},"end":{"line":84,"column":null}},"35":{"start":{"line":86,"column":4},"end":{"line":90,"column":null}},"36":{"start":{"line":87,"column":6},"end":{"line":87,"column":null}},"37":{"start":{"line":88,"column":6},"end":{"line":88,"column":null}},"38":{"start":{"line":89,"column":6},"end":{"line":89,"column":null}},"39":{"start":{"line":93,"column":2},"end":{"line":118,"column":null}}},"fnMap":{"0":{"name":"Attachment","decl":{"start":{"line":26,"column":16},"end":{"line":26,"column":27}},"loc":{"start":{"line":26,"column":126},"end":{"line":120,"column":null}},"line":26},"1":{"name":"(anonymous_1)","decl":{"start":{"line":34,"column":2},"end":{"line":34,"column":18}},"loc":{"start":{"line":34,"column":18},"end":{"line":36,"column":5}},"line":34},"2":{"name":"(anonymous_2)","decl":{"start":{"line":37,"column":2},"end":{"line":37,"column":18}},"loc":{"start":{"line":37,"column":18},"end":{"line":39,"column":5}},"line":37},"3":{"name":"(anonymous_3)","decl":{"start":{"line":41,"column":2},"end":{"line":41,"column":18}},"loc":{"start":{"line":41,"column":18},"end":{"line":69,"column":5}},"line":41},"4":{"name":"(anonymous_4)","decl":{"start":{"line":44,"column":25},"end":{"line":44,"column":37}},"loc":{"start":{"line":44,"column":37},"end":{"line":65,"column":null}},"line":44},"5":{"name":"(anonymous_5)","decl":{"start":{"line":71,"column":2},"end":{"line":71,"column":18}},"loc":{"start":{"line":71,"column":18},"end":{"line":77,"column":5}},"line":71},"6":{"name":"(anonymous_6)","decl":{"start":{"line":72,"column":4},"end":{"line":72,"column":17}},"loc":{"start":{"line":72,"column":17},"end":{"line":76,"column":null}},"line":72},"7":{"name":"(anonymous_7)","decl":{"start":{"line":79,"column":8},"end":{"line":79,"column":25}},"loc":{"start":{"line":79,"column":25},"end":{"line":91,"column":null}},"line":79},"8":{"name":"(anonymous_8)","decl":{"start":{"line":86,"column":39},"end":{"line":86,"column":56}},"loc":{"start":{"line":86,"column":56},"end":{"line":90,"column":7}},"line":86}},"branchMap":{"0":{"loc":{"start":{"line":48,"column":8},"end":{"line":52,"column":null}},"type":"if","locations":[{"start":{"line":48,"column":8},"end":{"line":52,"column":null}},{"start":{"line":50,"column":15},"end":{"line":52,"column":null}}],"line":48},"1":{"loc":{"start":{"line":48,"column":12},"end":{"line":48,"column":40}},"type":"binary-expr","locations":[{"start":{"line":48,"column":12},"end":{"line":48,"column":18}},{"start":{"line":48,"column":18},"end":{"line":48,"column":40}}],"line":48},"2":{"loc":{"start":{"line":55,"column":16},"end":{"line":55,"column":null}},"type":"binary-expr","locations":[{"start":{"line":55,"column":16},"end":{"line":55,"column":41}},{"start":{"line":55,"column":41},"end":{"line":55,"column":null}}],"line":55},"3":{"loc":{"start":{"line":73,"column":6},"end":{"line":75,"column":null}},"type":"if","locations":[{"start":{"line":73,"column":6},"end":{"line":75,"column":null}},{"start":{},"end":{}}],"line":73},"4":{"loc":{"start":{"line":80,"column":4},"end":{"line":80,"column":null}},"type":"if","locations":[{"start":{"line":80,"column":4},"end":{"line":80,"column":null}},{"start":{},"end":{}}],"line":80},"5":{"loc":{"start":{"line":110,"column":18},"end":{"line":110,"column":null}},"type":"binary-expr","locations":[{"start":{"line":110,"column":18},"end":{"line":110,"column":26}},{"start":{"line":110,"column":26},"end":{"line":110,"column":39}},{"start":{"line":110,"column":39},"end":{"line":110,"column":null}}],"line":110},"6":{"loc":{"start":{"line":112,"column":9},"end":{"line":115,"column":null}},"type":"cond-expr","locations":[{"start":{"line":113,"column":10},"end":{"line":115,"column":11}},{"start":{"line":115,"column":10},"end":{"line":115,"column":null}}],"line":112}},"s":{"0":1,"1":1,"2":12,"3":12,"4":12,"5":12,"6":12,"7":12,"8":12,"9":6,"10":12,"11":6,"12":12,"13":6,"14":6,"15":6,"16":6,"17":1,"18":5,"19":6,"20":6,"21":6,"22":0,"23":6,"24":6,"25":12,"26":6,"27":3,"28":0,"29":12,"30":0,"31":0,"32":0,"33":0,"34":0,"35":0,"36":0,"37":0,"38":0,"39":12},"f":{"0":12,"1":6,"2":6,"3":6,"4":6,"5":6,"6":3,"7":0,"8":0},"b":{"0":[1,5],"1":[6,1],"2":[6,0],"3":[0,3],"4":[0,0],"5":[12,6,6],"6":[0,12]},"meta":{"lastBranch":7,"lastFunction":9,"lastStatement":40,"seen":{"s:1:9:1:59":0,"s:1:59:1:Infinity":1,"f:26:16:26:27":0,"s:27:34:27:Infinity":2,"s:28:24:28:Infinity":3,"s:29:36:29:Infinity":4,"s:30:28:30:Infinity":5,"s:31:29:31:Infinity":6,"s:32:29:32:Infinity":7,"s:34:2:36:Infinity":8,"f:34:2:34:18":1,"s:35:4:35:Infinity":9,"s:37:2:39:Infinity":10,"f:37:2:37:18":2,"s:38:4:38:Infinity":11,"s:41:2:69:Infinity":12,"f:41:2:41:18":3,"s:42:4:42:Infinity":13,"s:44:25:65:Infinity":14,"f:44:25:44:37":4,"s:45:6:64:Infinity":15,"b:48:8:52:Infinity:50:15:52:Infinity":0,"s:48:8:52:Infinity":16,"b:48:12:48:18:48:18:48:40":1,"s:49:10:49:Infinity":17,"s:51:10:51:Infinity":18,"s:54:21:56:Infinity":19,"b:55:16:55:41:55:41:55:Infinity":2,"s:58:8:58:Infinity":20,"s:59:8:59:Infinity":21,"s:61:8:61:Infinity":22,"s:63:8:63:Infinity":23,"s:67:4:67:Infinity":24,"s:71:2:77:Infinity":25,"f:71:2:71:18":5,"s:72:4:76:Infinity":26,"f:72:4:72:17":6,"b:73:6:75:Infinity:undefined:undefined:undefined:undefined":3,"s:73:6:75:Infinity":27,"s:74:8:74:Infinity":28,"s:79:8:91:Infinity":29,"f:79:8:79:25":7,"b:80:4:80:Infinity:undefined:undefined:undefined:undefined":4,"s:80:4:80:Infinity":30,"s:80:14:80:Infinity":31,"s:82:4:82:Infinity":32,"s:83:4:83:Infinity":33,"s:84:4:84:Infinity":34,"s:86:4:90:Infinity":35,"f:86:39:86:56":8,"s:87:6:87:Infinity":36,"s:88:6:88:Infinity":37,"s:89:6:89:Infinity":38,"s:93:2:118:Infinity":39,"b:110:18:110:26:110:26:110:39:110:39:110:Infinity":5,"b:113:10:115:11:115:10:115:Infinity":6},"fnNames":{}}}
,"/home/julian/development/ui/src/components/CopyToClipboard/CopyToClipboardButton.tsx": {"path":"/home/julian/development/ui/src/components/CopyToClipboard/CopyToClipboardButton.tsx","statementMap":{"0":{"start":{"line":12,"column":2},"end":{"line":15,"column":null}},"1":{"start":{"line":13,"column":4},"end":{"line":13,"column":null}},"2":{"start":{"line":14,"column":4},"end":{"line":14,"column":null}},"3":{"start":{"line":17,"column":2},"end":{"line":17,"column":null}},"4":{"start":{"line":43,"column":8},"end":{"line":43,"column":null}},"5":{"start":{"line":44,"column":17},"end":{"line":44,"column":null}},"6":{"start":{"line":45,"column":8},"end":{"line":45,"column":null}},"7":{"start":{"line":47,"column":4},"end":{"line":53,"column":null}},"8":{"start":{"line":55,"column":2},"end":{"line":61,"column":null}},"9":{"start":{"line":56,"column":4},"end":{"line":60,"column":null}},"10":{"start":{"line":57,"column":6},"end":{"line":59,"column":null}},"11":{"start":{"line":58,"column":8},"end":{"line":58,"column":null}},"12":{"start":{"line":63,"column":2},"end":{"line":138,"column":null}},"13":{"start":{"line":76,"column":8},"end":{"line":76,"column":null}},"14":{"start":{"line":77,"column":8},"end":{"line":79,"column":null}},"15":{"start":{"line":78,"column":10},"end":{"line":78,"column":null}},"16":{"start":{"line":81,"column":8},"end":{"line":133,"column":null}},"17":{"start":{"line":83,"column":12},"end":{"line":83,"column":null}},"18":{"start":{"line":85,"column":12},"end":{"line":94,"column":null}},"19":{"start":{"line":86,"column":14},"end":{"line":86,"column":null}},"20":{"start":{"line":87,"column":14},"end":{"line":89,"column":null}},"21":{"start":{"line":88,"column":16},"end":{"line":88,"column":null}},"22":{"start":{"line":90,"column":14},"end":{"line":93,"column":null}},"23":{"start":{"line":91,"column":16},"end":{"line":91,"column":null}},"24":{"start":{"line":92,"column":16},"end":{"line":92,"column":null}},"25":{"start":{"line":96,"column":12},"end":{"line":112,"column":null}},"26":{"start":{"line":115,"column":12},"end":{"line":132,"column":null}},"27":{"start":{"line":1,"column":9},"end":{"line":1,"column":null}},"28":{"start":{"line":1,"column":36},"end":{"line":1,"column":null}},"29":{"start":{"line":43,"column":17},"end":{"line":43,"column":null}},"30":{"start":{"line":44,"column":30},"end":{"line":44,"column":null}},"31":{"start":{"line":45,"column":26},"end":{"line":45,"column":null}}},"fnMap":{"0":{"name":"copyToClipboard","decl":{"start":{"line":11,"column":15},"end":{"line":11,"column":31}},"loc":{"start":{"line":11,"column":46},"end":{"line":18,"column":null}},"line":11},"1":{"name":"CopyToClipboardButton","decl":{"start":{"line":29,"column":16},"end":{"line":29,"column":38}},"loc":{"start":{"line":42,"column":31},"end":{"line":140,"column":null}},"line":42},"2":{"name":"(anonymous_2)","decl":{"start":{"line":55,"column":2},"end":{"line":55,"column":18}},"loc":{"start":{"line":55,"column":18},"end":{"line":61,"column":5}},"line":55},"3":{"name":"(anonymous_3)","decl":{"start":{"line":56,"column":4},"end":{"line":56,"column":17}},"loc":{"start":{"line":56,"column":17},"end":{"line":60,"column":null}},"line":56},"4":{"name":"(anonymous_4)","decl":{"start":{"line":75,"column":6},"end":{"line":75,"column":16}},"loc":{"start":{"line":75,"column":26},"end":{"line":134,"column":null}},"line":75},"5":{"name":"(anonymous_5)","decl":{"start":{"line":82,"column":11},"end":{"line":82,"column":22}},"loc":{"start":{"line":82,"column":22},"end":{"line":113,"column":11}},"line":82},"6":{"name":"(anonymous_6)","decl":{"start":{"line":90,"column":47},"end":{"line":90,"column":64}},"loc":{"start":{"line":90,"column":64},"end":{"line":93,"column":17}},"line":90},"7":{"name":"(anonymous_7)","decl":{"start":{"line":114,"column":11},"end":{"line":114,"column":23}},"loc":{"start":{"line":114,"column":23},"end":{"line":133,"column":11}},"line":114}},"branchMap":{"0":{"loc":{"start":{"line":12,"column":2},"end":{"line":15,"column":null}},"type":"if","locations":[{"start":{"line":12,"column":2},"end":{"line":15,"column":null}},{"start":{},"end":{}}],"line":12},"1":{"loc":{"start":{"line":12,"column":6},"end":{"line":12,"column":74}},"type":"binary-expr","locations":[{"start":{"line":12,"column":6},"end":{"line":12,"column":42}},{"start":{"line":12,"column":42},"end":{"line":12,"column":74}}],"line":12},"2":{"loc":{"start":{"line":33,"column":2},"end":{"line":33,"column":null}},"type":"default-arg","locations":[{"start":{"line":33,"column":18},"end":{"line":33,"column":null}}],"line":33},"3":{"loc":{"start":{"line":36,"column":2},"end":{"line":36,"column":null}},"type":"default-arg","locations":[{"start":{"line":36,"column":12},"end":{"line":36,"column":null}}],"line":36},"4":{"loc":{"start":{"line":37,"column":2},"end":{"line":37,"column":null}},"type":"default-arg","locations":[{"start":{"line":37,"column":9},"end":{"line":37,"column":null}}],"line":37},"5":{"loc":{"start":{"line":38,"column":2},"end":{"line":38,"column":null}},"type":"default-arg","locations":[{"start":{"line":38,"column":9},"end":{"line":38,"column":null}}],"line":38},"6":{"loc":{"start":{"line":47,"column":4},"end":{"line":53,"column":null}},"type":"binary-expr","locations":[{"start":{"line":47,"column":4},"end":{"line":47,"column":null}},{"start":{"line":48,"column":4},"end":{"line":53,"column":null}}],"line":47},"7":{"loc":{"start":{"line":57,"column":6},"end":{"line":59,"column":null}},"type":"if","locations":[{"start":{"line":57,"column":6},"end":{"line":59,"column":null}},{"start":{},"end":{}}],"line":57},"8":{"loc":{"start":{"line":77,"column":8},"end":{"line":79,"column":null}},"type":"if","locations":[{"start":{"line":77,"column":8},"end":{"line":79,"column":null}},{"start":{},"end":{}}],"line":77},"9":{"loc":{"start":{"line":85,"column":12},"end":{"line":94,"column":null}},"type":"if","locations":[{"start":{"line":85,"column":12},"end":{"line":94,"column":null}},{"start":{},"end":{}}],"line":85},"10":{"loc":{"start":{"line":87,"column":14},"end":{"line":89,"column":null}},"type":"if","locations":[{"start":{"line":87,"column":14},"end":{"line":89,"column":null}},{"start":{},"end":{}}],"line":87},"11":{"loc":{"start":{"line":137,"column":21},"end":{"line":137,"column":69}},"type":"cond-expr","locations":[{"start":{"line":137,"column":47},"end":{"line":137,"column":59}},{"start":{"line":137,"column":59},"end":{"line":137,"column":69}}],"line":137},"12":{"loc":{"start":{"line":137,"column":21},"end":{"line":137,"column":47}},"type":"binary-expr","locations":[{"start":{"line":137,"column":21},"end":{"line":137,"column":31}},{"start":{"line":137,"column":31},"end":{"line":137,"column":47}}],"line":137},"13":{"loc":{"start":{"line":137,"column":100},"end":{"line":137,"column":130}},"type":"cond-expr","locations":[{"start":{"line":137,"column":116},"end":{"line":137,"column":123}},{"start":{"line":137,"column":123},"end":{"line":137,"column":130}}],"line":137}},"s":{"0":5,"1":5,"2":4,"3":0,"4":8,"5":8,"6":8,"7":19,"8":19,"9":18,"10":15,"11":1,"12":19,"13":6,"14":6,"15":1,"16":5,"17":4,"18":4,"19":1,"20":1,"21":0,"22":1,"23":0,"24":0,"25":4,"26":1,"27":6,"28":6,"29":19,"30":19,"31":19},"f":{"0":5,"1":19,"2":18,"3":15,"4":6,"5":4,"6":0,"7":1},"b":{"0":[5,0],"1":[5,5],"2":[19],"3":[19],"4":[19],"5":[19],"6":[19,16],"7":[1,14],"8":[1,5],"9":[1,3],"10":[0,1],"11":[1,18],"12":[19,1],"13":[0,19]},"meta":{"lastBranch":14,"lastFunction":8,"lastStatement":27,"seen":{"f:11:15:11:31":0,"b:12:2:15:Infinity:undefined:undefined:undefined:undefined":0,"s:12:2:15:Infinity":0,"b:12:6:12:42:12:42:12:74":1,"s:13:4:13:Infinity":1,"s:14:4:14:Infinity":2,"s:17:2:17:Infinity":3,"f:29:16:29:38":1,"b:33:18:33:Infinity":2,"b:36:12:36:Infinity":3,"b:37:9:37:Infinity":4,"b:38:9:38:Infinity":5,"s:43:8:43:Infinity":4,"s:44:17:44:Infinity":5,"s:45:8:45:Infinity":6,"s:47:4:53:Infinity":7,"b:47:4:47:Infinity:48:4:53:Infinity":6,"s:55:2:61:Infinity":8,"f:55:2:55:18":2,"s:56:4:60:Infinity":9,"f:56:4:56:17":3,"b:57:6:59:Infinity:undefined:undefined:undefined:undefined":7,"s:57:6:59:Infinity":10,"s:58:8:58:Infinity":11,"s:63:2:138:Infinity":12,"f:75:6:75:16":4,"s:76:8:76:Infinity":13,"b:77:8:79:Infinity:undefined:undefined:undefined:undefined":8,"s:77:8:79:Infinity":14,"s:78:10:78:Infinity":15,"s:81:8:133:Infinity":16,"f:82:11:82:22":5,"s:83:12:83:Infinity":17,"b:85:12:94:Infinity:undefined:undefined:undefined:undefined":9,"s:85:12:94:Infinity":18,"s:86:14:86:Infinity":19,"b:87:14:89:Infinity:undefined:undefined:undefined:undefined":10,"s:87:14:89:Infinity":20,"s:88:16:88:Infinity":21,"s:90:14:93:Infinity":22,"f:90:47:90:64":6,"s:91:16:91:Infinity":23,"s:92:16:92:Infinity":24,"s:96:12:112:Infinity":25,"f:114:11:114:23":7,"s:115:12:132:Infinity":26,"b:137:47:137:59:137:59:137:69":11,"b:137:21:137:31:137:31:137:47":12,"b:137:116:137:123:137:123:137:130":13},"fnNames":{}}}
,"/home/julian/development/ui/src/components/CountrySelector/CountrySelector.tsx": {"path":"/home/julian/development/ui/src/components/CountrySelector/CountrySelector.tsx","statementMap":{"0":{"start":{"line":18,"column":24},"end":{"line":235,"column":null}},"1":{"start":{"line":22,"column":15},"end":{"line":22,"column":null}},"2":{"start":{"line":23,"column":8},"end":{"line":26,"column":null}},"3":{"start":{"line":24,"column":36},"end":{"line":24,"column":null}},"4":{"start":{"line":27,"column":17},"end":{"line":27,"column":null}},"5":{"start":{"line":28,"column":17},"end":{"line":28,"column":null}},"6":{"start":{"line":29,"column":8},"end":{"line":29,"column":null}},"7":{"start":{"line":30,"column":8},"end":{"line":30,"column":null}},"8":{"start":{"line":31,"column":8},"end":{"line":31,"column":null}},"9":{"start":{"line":32,"column":8},"end":{"line":32,"column":null}},"10":{"start":{"line":34,"column":23},"end":{"line":34,"column":null}},"11":{"start":{"line":35,"column":26},"end":{"line":35,"column":null}},"12":{"start":{"line":36,"column":23},"end":{"line":36,"column":null}},"13":{"start":{"line":37,"column":26},"end":{"line":37,"column":null}},"14":{"start":{"line":39,"column":8},"end":{"line":39,"column":null}},"15":{"start":{"line":39,"column":25},"end":{"line":39,"column":73}},"16":{"start":{"line":41,"column":8},"end":{"line":44,"column":null}},"17":{"start":{"line":42,"column":18},"end":{"line":42,"column":null}},"18":{"start":{"line":43,"column":4},"end":{"line":43,"column":null}},"19":{"start":{"line":43,"column":53},"end":{"line":43,"column":79}},"20":{"start":{"line":46,"column":23},"end":{"line":46,"column":null}},"21":{"start":{"line":47,"column":33},"end":{"line":47,"column":null}},"22":{"start":{"line":48,"column":23},"end":{"line":52,"column":null}},"23":{"start":{"line":53,"column":19},"end":{"line":53,"column":null}},"24":{"start":{"line":54,"column":29},"end":{"line":54,"column":null}},"25":{"start":{"line":56,"column":8},"end":{"line":70,"column":null}},"26":{"start":{"line":58,"column":6},"end":{"line":58,"column":null}},"27":{"start":{"line":60,"column":6},"end":{"line":63,"column":null}},"28":{"start":{"line":61,"column":8},"end":{"line":61,"column":null}},"29":{"start":{"line":62,"column":8},"end":{"line":62,"column":null}},"30":{"start":{"line":65,"column":6},"end":{"line":67,"column":null}},"31":{"start":{"line":66,"column":8},"end":{"line":66,"column":null}},"32":{"start":{"line":72,"column":8},"end":{"line":82,"column":null}},"33":{"start":{"line":74,"column":6},"end":{"line":79,"column":null}},"34":{"start":{"line":84,"column":8},"end":{"line":90,"column":null}},"35":{"start":{"line":86,"column":6},"end":{"line":86,"column":null}},"36":{"start":{"line":87,"column":6},"end":{"line":87,"column":null}},"37":{"start":{"line":92,"column":8},"end":{"line":96,"column":null}},"38":{"start":{"line":93,"column":4},"end":{"line":95,"column":null}},"39":{"start":{"line":94,"column":6},"end":{"line":94,"column":null}},"40":{"start":{"line":98,"column":39},"end":{"line":106,"column":null}},"41":{"start":{"line":108,"column":44},"end":{"line":119,"column":null}},"42":{"start":{"line":122,"column":4},"end":{"line":141,"column":null}},"43":{"start":{"line":135,"column":8},"end":{"line":135,"column":null}},"44":{"start":{"line":145,"column":4},"end":{"line":179,"column":null}},"45":{"start":{"line":165,"column":8},"end":{"line":165,"column":null}},"46":{"start":{"line":166,"column":8},"end":{"line":169,"column":null}},"47":{"start":{"line":167,"column":10},"end":{"line":167,"column":null}},"48":{"start":{"line":168,"column":10},"end":{"line":168,"column":null}},"49":{"start":{"line":172,"column":8},"end":{"line":172,"column":null}},"50":{"start":{"line":173,"column":8},"end":{"line":173,"column":null}},"51":{"start":{"line":174,"column":8},"end":{"line":174,"column":null}},"52":{"start":{"line":177,"column":8},"end":{"line":177,"column":null}},"53":{"start":{"line":182,"column":2},"end":{"line":217,"column":null}},"54":{"start":{"line":183,"column":4},"end":{"line":215,"column":null}},"55":{"start":{"line":187,"column":12},"end":{"line":190,"column":null}},"56":{"start":{"line":188,"column":14},"end":{"line":188,"column":null}},"57":{"start":{"line":189,"column":14},"end":{"line":189,"column":null}},"58":{"start":{"line":192,"column":12},"end":{"line":192,"column":null}},"59":{"start":{"line":193,"column":12},"end":{"line":193,"column":null}},"60":{"start":{"line":194,"column":12},"end":{"line":196,"column":null}},"61":{"start":{"line":195,"column":14},"end":{"line":195,"column":null}},"62":{"start":{"line":197,"column":12},"end":{"line":197,"column":null}},"63":{"start":{"line":219,"column":2},"end":{"line":233,"column":null}},"64":{"start":{"line":1,"column":7},"end":{"line":1,"column":38}},"65":{"start":{"line":1,"column":46},"end":{"line":1,"column":null}},"66":{"start":{"line":1,"column":62},"end":{"line":1,"column":null}},"67":{"start":{"line":23,"column":24},"end":{"line":26,"column":null}},"68":{"start":{"line":27,"column":30},"end":{"line":27,"column":null}},"69":{"start":{"line":28,"column":30},"end":{"line":28,"column":null}},"70":{"start":{"line":29,"column":23},"end":{"line":29,"column":null}},"71":{"start":{"line":30,"column":21},"end":{"line":30,"column":null}},"72":{"start":{"line":31,"column":25},"end":{"line":31,"column":null}},"73":{"start":{"line":32,"column":26},"end":{"line":32,"column":null}},"74":{"start":{"line":39,"column":25},"end":{"line":39,"column":null}},"75":{"start":{"line":39,"column":39},"end":{"line":39,"column":73}},"76":{"start":{"line":41,"column":28},"end":{"line":44,"column":null}},"77":{"start":{"line":56,"column":25},"end":{"line":70,"column":null}},"78":{"start":{"line":72,"column":21},"end":{"line":82,"column":null}},"79":{"start":{"line":84,"column":28},"end":{"line":90,"column":null}},"80":{"start":{"line":92,"column":27},"end":{"line":96,"column":null}},"81":{"start":{"line":98,"column":64},"end":{"line":106,"column":null}},"82":{"start":{"line":108,"column":66},"end":{"line":119,"column":null}}},"fnMap":{"0":{"name":"CountrySelector","decl":{"start":{"line":18,"column":91},"end":{"line":18,"column":null}},"loc":{"start":{"line":21,"column":2},"end":{"line":235,"column":1}},"line":21},"1":{"name":"(anonymous_1)","decl":{"start":{"line":23,"column":24},"end":{"line":23,"column":null}},"loc":{"start":{"line":24,"column":36},"end":{"line":24,"column":null}},"line":24},"2":{"name":"(anonymous_2)","decl":{"start":{"line":39,"column":25},"end":{"line":39,"column":39}},"loc":{"start":{"line":39,"column":25},"end":{"line":39,"column":73}},"line":39},"3":{"name":"(anonymous_3)","decl":{"start":{"line":41,"column":28},"end":{"line":41,"column":42}},"loc":{"start":{"line":41,"column":42},"end":{"line":44,"column":5}},"line":41},"4":{"name":"(anonymous_4)","decl":{"start":{"line":43,"column":26},"end":{"line":43,"column":34}},"loc":{"start":{"line":43,"column":53},"end":{"line":43,"column":79}},"line":43},"5":{"name":"(anonymous_5)","decl":{"start":{"line":56,"column":25},"end":{"line":56,"column":null}},"loc":{"start":{"line":57,"column":40},"end":{"line":68,"column":null}},"line":57},"6":{"name":"(anonymous_6)","decl":{"start":{"line":72,"column":21},"end":{"line":72,"column":null}},"loc":{"start":{"line":73,"column":39},"end":{"line":80,"column":null}},"line":73},"7":{"name":"(anonymous_7)","decl":{"start":{"line":84,"column":28},"end":{"line":84,"column":null}},"loc":{"start":{"line":85,"column":39},"end":{"line":88,"column":null}},"line":85},"8":{"name":"(anonymous_8)","decl":{"start":{"line":92,"column":27},"end":{"line":92,"column":45}},"loc":{"start":{"line":92,"column":45},"end":{"line":96,"column":5}},"line":92},"9":{"name":"(anonymous_9)","decl":{"start":{"line":134,"column":6},"end":{"line":134,"column":21}},"loc":{"start":{"line":134,"column":21},"end":{"line":136,"column":null}},"line":134},"10":{"name":"(anonymous_10)","decl":{"start":{"line":164,"column":6},"end":{"line":164,"column":22}},"loc":{"start":{"line":164,"column":28},"end":{"line":170,"column":null}},"line":164},"11":{"name":"(anonymous_11)","decl":{"start":{"line":166,"column":15},"end":{"line":166,"column":43}},"loc":{"start":{"line":166,"column":43},"end":{"line":169,"column":9}},"line":166},"12":{"name":"(anonymous_12)","decl":{"start":{"line":171,"column":6},"end":{"line":171,"column":17}},"loc":{"start":{"line":171,"column":31},"end":{"line":175,"column":null}},"line":171},"13":{"name":"(anonymous_13)","decl":{"start":{"line":176,"column":6},"end":{"line":176,"column":27}},"loc":{"start":{"line":176,"column":27},"end":{"line":178,"column":null}},"line":176},"14":{"name":"(anonymous_14)","decl":{"start":{"line":186,"column":10},"end":{"line":186,"column":25}},"loc":{"start":{"line":186,"column":25},"end":{"line":198,"column":null}},"line":186},"15":{"name":"(anonymous_15)","decl":{"start":{"line":194,"column":12},"end":{"line":194,"column":28}},"loc":{"start":{"line":194,"column":28},"end":{"line":196,"column":13}},"line":194},"16":{"name":"(anonymous_2)","decl":{"start":{"line":39,"column":25},"end":{"line":39,"column":39}},"loc":{"start":{"line":39,"column":39},"end":{"line":39,"column":73}},"line":39}},"branchMap":{"0":{"loc":{"start":{"line":24,"column":36},"end":{"line":24,"column":null}},"type":"binary-expr","locations":[{"start":{"line":24,"column":36},"end":{"line":24,"column":68}},{"start":{"line":24,"column":68},"end":{"line":24,"column":null}}],"line":24},"1":{"loc":{"start":{"line":24,"column":75},"end":{"line":24,"column":111}},"type":"binary-expr","locations":[{"start":{"line":24,"column":75},"end":{"line":24,"column":101}},{"start":{"line":24,"column":101},"end":{"line":24,"column":111}}],"line":24},"2":{"loc":{"start":{"line":34,"column":23},"end":{"line":34,"column":null}},"type":"binary-expr","locations":[{"start":{"line":34,"column":23},"end":{"line":34,"column":56}},{"start":{"line":34,"column":41},"end":{"line":34,"column":null}}],"line":34},"3":{"loc":{"start":{"line":35,"column":26},"end":{"line":35,"column":null}},"type":"binary-expr","locations":[{"start":{"line":35,"column":26},"end":{"line":35,"column":42}},{"start":{"line":35,"column":26},"end":{"line":35,"column":null}}],"line":35},"4":{"loc":{"start":{"line":36,"column":23},"end":{"line":36,"column":null}},"type":"cond-expr","locations":[{"start":{"line":36,"column":23},"end":{"line":36,"column":116}},{"start":{"line":36,"column":116},"end":{"line":36,"column":null}}],"line":36},"5":{"loc":{"start":{"line":36,"column":23},"end":{"line":36,"column":116}},"type":"cond-expr","locations":[{"start":{"line":36,"column":49},"end":{"line":36,"column":91}},{"start":{"line":36,"column":49},"end":{"line":36,"column":116}}],"line":36},"6":{"loc":{"start":{"line":36,"column":49},"end":{"line":36,"column":116}},"type":"cond-expr","locations":[{"start":{"line":36,"column":105},"end":{"line":36,"column":110}},{"start":{"line":36,"column":110},"end":{"line":36,"column":116}}],"line":36},"7":{"loc":{"start":{"line":37,"column":26},"end":{"line":37,"column":null}},"type":"cond-expr","locations":[{"start":{"line":37,"column":41},"end":{"line":37,"column":46}},{"start":{"line":37,"column":46},"end":{"line":37,"column":null}}],"line":37},"8":{"loc":{"start":{"line":47,"column":33},"end":{"line":47,"column":null}},"type":"cond-expr","locations":[{"start":{"line":47,"column":33},"end":{"line":47,"column":82}},{"start":{"line":47,"column":82},"end":{"line":47,"column":null}}],"line":47},"9":{"loc":{"start":{"line":48,"column":23},"end":{"line":52,"column":null}},"type":"cond-expr","locations":[{"start":{"line":49,"column":6},"end":{"line":49,"column":null}},{"start":{"line":50,"column":6},"end":{"line":52,"column":null}}],"line":48},"10":{"loc":{"start":{"line":50,"column":6},"end":{"line":52,"column":null}},"type":"cond-expr","locations":[{"start":{"line":51,"column":8},"end":{"line":51,"column":null}},{"start":{"line":52,"column":8},"end":{"line":52,"column":null}}],"line":50},"11":{"loc":{"start":{"line":50,"column":6},"end":{"line":50,"column":null}},"type":"binary-expr","locations":[{"start":{"line":50,"column":6},"end":{"line":50,"column":22}},{"start":{"line":50,"column":22},"end":{"line":50,"column":null}}],"line":50},"12":{"loc":{"start":{"line":54,"column":29},"end":{"line":54,"column":null}},"type":"binary-expr","locations":[{"start":{"line":54,"column":29},"end":{"line":54,"column":48}},{"start":{"line":54,"column":48},"end":{"line":54,"column":null}}],"line":54},"13":{"loc":{"start":{"line":60,"column":6},"end":{"line":63,"column":null}},"type":"if","locations":[{"start":{"line":60,"column":6},"end":{"line":63,"column":null}},{"start":{},"end":{}}],"line":60},"14":{"loc":{"start":{"line":65,"column":6},"end":{"line":67,"column":null}},"type":"if","locations":[{"start":{"line":65,"column":6},"end":{"line":67,"column":null}},{"start":{},"end":{}}],"line":65},"15":{"loc":{"start":{"line":77,"column":17},"end":{"line":77,"column":null}},"type":"binary-expr","locations":[{"start":{"line":77,"column":17},"end":{"line":77,"column":30}},{"start":{"line":77,"column":30},"end":{"line":77,"column":null}}],"line":77},"16":{"loc":{"start":{"line":93,"column":4},"end":{"line":95,"column":null}},"type":"if","locations":[{"start":{"line":93,"column":4},"end":{"line":95,"column":null}},{"start":{},"end":{}}],"line":93},"17":{"loc":{"start":{"line":182,"column":2},"end":{"line":217,"column":null}},"type":"if","locations":[{"start":{"line":182,"column":2},"end":{"line":217,"column":null}},{"start":{},"end":{}}],"line":182},"18":{"loc":{"start":{"line":187,"column":12},"end":{"line":190,"column":null}},"type":"if","locations":[{"start":{"line":187,"column":12},"end":{"line":190,"column":null}},{"start":{},"end":{}}],"line":187},"19":{"loc":{"start":{"line":202,"column":9},"end":{"line":215,"column":null}},"type":"binary-expr","locations":[{"start":{"line":202,"column":9},"end":{"line":202,"column":null}},{"start":{"line":203,"column":10},"end":{"line":215,"column":null}}],"line":202},"20":{"loc":{"start":{"line":208,"column":14},"end":{"line":208,"column":null}},"type":"cond-expr","locations":[{"start":{"line":208,"column":38},"end":{"line":208,"column":66}},{"start":{"line":208,"column":66},"end":{"line":208,"column":null}}],"line":208},"21":{"loc":{"start":{"line":36,"column":23},"end":{"line":36,"column":null}},"type":"cond-expr","locations":[{"start":{"line":36,"column":39},"end":{"line":36,"column":116}},{"start":{"line":36,"column":116},"end":{"line":36,"column":null}}],"line":36},"22":{"loc":{"start":{"line":47,"column":33},"end":{"line":47,"column":null}},"type":"cond-expr","locations":[{"start":{"line":47,"column":48},"end":{"line":47,"column":82}},{"start":{"line":47,"column":82},"end":{"line":47,"column":null}}],"line":47}},"s":{"0":3,"1":73,"2":68,"3":3750,"4":68,"5":68,"6":68,"7":68,"8":68,"9":68,"10":73,"11":73,"12":73,"13":73,"14":68,"15":20,"16":68,"17":28,"18":28,"19":5628,"20":73,"21":73,"22":73,"23":73,"24":73,"25":68,"26":33,"27":33,"28":0,"29":0,"30":33,"31":0,"32":68,"33":2,"34":68,"35":2,"36":2,"37":68,"38":5,"39":5,"40":68,"41":68,"42":73,"43":1,"44":73,"45":13,"46":13,"47":13,"48":13,"49":1,"50":1,"51":1,"52":1,"53":73,"54":20,"55":5,"56":0,"57":0,"58":5,"59":5,"60":5,"61":5,"62":5,"63":53,"64":1,"65":1,"66":1,"67":73,"68":73,"69":73,"70":73,"71":73,"72":73,"73":73,"74":73,"75":17,"76":73,"77":73,"78":73,"79":73,"80":73,"81":73,"82":73},"f":{"0":73,"1":3750,"2":20,"3":28,"4":5628,"5":33,"6":2,"7":2,"8":5,"9":1,"10":13,"11":13,"12":1,"13":1,"14":5,"15":5,"16":17},"b":{"0":[3750,840],"1":[840,0],"2":[73,73],"3":[73,55],"4":[55,18],"5":[20,35],"6":[0,35],"7":[55,18],"8":[41,32],"9":[41,32],"10":[0,32],"11":[32,0],"12":[73,73],"13":[0,33],"14":[0,33],"15":[2,1],"16":[5,0],"17":[20,53],"18":[0,5],"19":[20,10],"20":[0,10],"21":[55,18],"22":[41,32]},"meta":{"lastBranch":21,"lastFunction":16,"lastStatement":64,"seen":{"s:18:24:235:Infinity":0,"f:18:91:18:Infinity":0,"s:22:15:22:Infinity":1,"s:23:8:26:Infinity":2,"f:23:24:23:Infinity":1,"s:24:36:24:Infinity":3,"b:24:36:24:68:24:68:24:Infinity":0,"b:24:75:24:101:24:101:24:111":1,"s:27:17:27:Infinity":4,"s:28:17:28:Infinity":5,"s:29:8:29:Infinity":6,"s:30:8:30:Infinity":7,"s:31:8:31:Infinity":8,"s:32:8:32:Infinity":9,"s:34:23:34:Infinity":10,"b:34:23:34:56:34:41:34:Infinity":2,"s:35:26:35:Infinity":11,"b:35:26:35:42:35:26:35:Infinity":3,"s:36:23:36:Infinity":12,"b:36:23:36:116:36:116:36:Infinity":4,"b:36:49:36:91:36:49:36:116":5,"b:36:105:36:110:36:110:36:116":6,"s:37:26:37:Infinity":13,"b:37:41:37:46:37:46:37:Infinity":7,"s:39:8:39:Infinity":14,"f:39:25:39:39":2,"s:39:25:39:73":15,"s:41:8:44:Infinity":16,"f:41:28:41:42":3,"s:42:18:42:Infinity":17,"s:43:4:43:Infinity":18,"f:43:26:43:34":4,"s:43:53:43:79":19,"s:46:23:46:Infinity":20,"s:47:33:47:Infinity":21,"b:47:33:47:82:47:82:47:Infinity":8,"s:48:23:52:Infinity":22,"b:49:6:49:Infinity:50:6:52:Infinity":9,"b:51:8:51:Infinity:52:8:52:Infinity":10,"b:50:6:50:22:50:22:50:Infinity":11,"s:53:19:53:Infinity":23,"s:54:29:54:Infinity":24,"b:54:29:54:48:54:48:54:Infinity":12,"s:56:8:70:Infinity":25,"f:56:25:56:Infinity":5,"s:58:6:58:Infinity":26,"b:60:6:63:Infinity:undefined:undefined:undefined:undefined":13,"s:60:6:63:Infinity":27,"s:61:8:61:Infinity":28,"s:62:8:62:Infinity":29,"b:65:6:67:Infinity:undefined:undefined:undefined:undefined":14,"s:65:6:67:Infinity":30,"s:66:8:66:Infinity":31,"s:72:8:82:Infinity":32,"f:72:21:72:Infinity":6,"s:74:6:79:Infinity":33,"b:77:17:77:30:77:30:77:Infinity":15,"s:84:8:90:Infinity":34,"f:84:28:84:Infinity":7,"s:86:6:86:Infinity":35,"s:87:6:87:Infinity":36,"s:92:8:96:Infinity":37,"f:92:27:92:45":8,"b:93:4:95:Infinity:undefined:undefined:undefined:undefined":16,"s:93:4:95:Infinity":38,"s:94:6:94:Infinity":39,"s:98:39:106:Infinity":40,"s:108:44:119:Infinity":41,"s:122:4:141:Infinity":42,"f:134:6:134:21":9,"s:135:8:135:Infinity":43,"s:145:4:179:Infinity":44,"f:164:6:164:22":10,"s:165:8:165:Infinity":45,"s:166:8:169:Infinity":46,"f:166:15:166:43":11,"s:167:10:167:Infinity":47,"s:168:10:168:Infinity":48,"f:171:6:171:17":12,"s:172:8:172:Infinity":49,"s:173:8:173:Infinity":50,"s:174:8:174:Infinity":51,"f:176:6:176:27":13,"s:177:8:177:Infinity":52,"b:182:2:217:Infinity:undefined:undefined:undefined:undefined":17,"s:182:2:217:Infinity":53,"s:183:4:215:Infinity":54,"f:186:10:186:25":14,"b:187:12:190:Infinity:undefined:undefined:undefined:undefined":18,"s:187:12:190:Infinity":55,"s:188:14:188:Infinity":56,"s:189:14:189:Infinity":57,"s:192:12:192:Infinity":58,"s:193:12:193:Infinity":59,"s:194:12:196:Infinity":60,"f:194:12:194:28":15,"s:195:14:195:Infinity":61,"s:197:12:197:Infinity":62,"b:202:9:202:Infinity:203:10:215:Infinity":19,"b:208:38:208:66:208:66:208:Infinity":20,"s:219:2:233:Infinity":63},"fnNames":{}}}
,"/home/julian/development/ui/src/components/CountrySelector/CountrySelectorPanel.tsx": {"path":"/home/julian/development/ui/src/components/CountrySelector/CountrySelectorPanel.tsx","statementMap":{"0":{"start":{"line":40,"column":2},"end":{"line":103,"column":null}},"1":{"start":{"line":51,"column":14},"end":{"line":51,"column":null}},"2":{"start":{"line":55,"column":14},"end":{"line":55,"column":null}},"3":{"start":{"line":58,"column":14},"end":{"line":58,"column":null}},"4":{"start":{"line":67,"column":16},"end":{"line":67,"column":null}},"5":{"start":{"line":68,"column":16},"end":{"line":68,"column":null}},"6":{"start":{"line":82,"column":16},"end":{"line":97,"column":null}},"7":{"start":{"line":88,"column":20},"end":{"line":88,"column":null}},"8":{"start":{"line":1,"column":9},"end":{"line":1,"column":null}},"9":{"start":{"line":1,"column":33},"end":{"line":1,"column":null}}},"fnMap":{"0":{"name":"CountrySelectorPanel","decl":{"start":{"line":26,"column":9},"end":{"line":26,"column":30}},"loc":{"start":{"line":39,"column":10},"end":{"line":105,"column":null}},"line":39},"1":{"name":"(anonymous_1)","decl":{"start":{"line":50,"column":12},"end":{"line":50,"column":23}},"loc":{"start":{"line":50,"column":29},"end":{"line":52,"column":null}},"line":50},"2":{"name":"(anonymous_2)","decl":{"start":{"line":54,"column":12},"end":{"line":54,"column":24}},"loc":{"start":{"line":54,"column":30},"end":{"line":56,"column":null}},"line":54},"3":{"name":"(anonymous_3)","decl":{"start":{"line":57,"column":12},"end":{"line":57,"column":26}},"loc":{"start":{"line":57,"column":32},"end":{"line":59,"column":null}},"line":57},"4":{"name":"(anonymous_4)","decl":{"start":{"line":66,"column":14},"end":{"line":66,"column":24}},"loc":{"start":{"line":66,"column":30},"end":{"line":69,"column":null}},"line":66},"5":{"name":"(anonymous_5)","decl":{"start":{"line":81,"column":33},"end":{"line":81,"column":38}},"loc":{"start":{"line":82,"column":16},"end":{"line":97,"column":null}},"line":82},"6":{"name":"(anonymous_6)","decl":{"start":{"line":87,"column":18},"end":{"line":87,"column":34}},"loc":{"start":{"line":87,"column":34},"end":{"line":89,"column":null}},"line":87}},"branchMap":{"0":{"loc":{"start":{"line":61,"column":11},"end":{"line":74,"column":null}},"type":"binary-expr","locations":[{"start":{"line":61,"column":11},"end":{"line":61,"column":null}},{"start":{"line":62,"column":12},"end":{"line":74,"column":null}}],"line":61},"1":{"loc":{"start":{"line":84,"column":23},"end":{"line":84,"column":null}},"type":"cond-expr","locations":[{"start":{"line":84,"column":55},"end":{"line":84,"column":73}},{"start":{"line":84,"column":73},"end":{"line":84,"column":null}}],"line":84},"2":{"loc":{"start":{"line":94,"column":65},"end":{"line":94,"column":124}},"type":"cond-expr","locations":[{"start":{"line":94,"column":97},"end":{"line":94,"column":113}},{"start":{"line":94,"column":113},"end":{"line":94,"column":124}}],"line":94}},"s":{"0":30,"1":10,"2":10,"3":3,"4":1,"5":1,"6":4028,"7":1,"8":1,"9":1},"f":{"0":30,"1":10,"2":10,"3":3,"4":1,"5":4028,"6":1},"b":{"0":[30,12],"1":[11,4017],"2":[11,4017]},"meta":{"lastBranch":3,"lastFunction":7,"lastStatement":8,"seen":{"f:26:9:26:30":0,"s:40:2:103:Infinity":0,"f:50:12:50:23":1,"s:51:14:51:Infinity":1,"f:54:12:54:24":2,"s:55:14:55:Infinity":2,"f:57:12:57:26":3,"s:58:14:58:Infinity":3,"b:61:11:61:Infinity:62:12:74:Infinity":0,"f:66:14:66:24":4,"s:67:16:67:Infinity":4,"s:68:16:68:Infinity":5,"f:81:33:81:38":5,"s:82:16:97:Infinity":6,"b:84:55:84:73:84:73:84:Infinity":1,"f:87:18:87:34":6,"s:88:20:88:Infinity":7,"b:94:97:94:113:94:113:94:124":2},"fnNames":{}}}
,"/home/julian/development/ui/src/components/CountrySelector/CountrySelectorTrigger.tsx": {"path":"/home/julian/development/ui/src/components/CountrySelector/CountrySelectorTrigger.tsx","statementMap":{"0":{"start":{"line":19,"column":31},"end":{"line":95,"column":null}},"1":{"start":{"line":23,"column":2},"end":{"line":93,"column":null}},"2":{"start":{"line":79,"column":12},"end":{"line":79,"column":null}},"3":{"start":{"line":80,"column":12},"end":{"line":80,"column":null}},"4":{"start":{"line":83,"column":12},"end":{"line":87,"column":null}},"5":{"start":{"line":84,"column":14},"end":{"line":84,"column":null}},"6":{"start":{"line":85,"column":14},"end":{"line":85,"column":null}},"7":{"start":{"line":86,"column":14},"end":{"line":86,"column":null}},"8":{"start":{"line":1,"column":9},"end":{"line":1,"column":44}},"9":{"start":{"line":1,"column":44},"end":{"line":1,"column":null}}},"fnMap":{"0":{"name":"CountrySelectorTrigger","decl":{"start":{"line":19,"column":83},"end":{"line":19,"column":null}},"loc":{"start":{"line":22,"column":2},"end":{"line":95,"column":1}},"line":22},"1":{"name":"(anonymous_1)","decl":{"start":{"line":78,"column":10},"end":{"line":78,"column":20}},"loc":{"start":{"line":78,"column":26},"end":{"line":81,"column":null}},"line":78},"2":{"name":"(anonymous_2)","decl":{"start":{"line":82,"column":10},"end":{"line":82,"column":22}},"loc":{"start":{"line":82,"column":28},"end":{"line":88,"column":null}},"line":82}},"branchMap":{"0":{"loc":{"start":{"line":24,"column":70},"end":{"line":24,"column":137}},"type":"cond-expr","locations":[{"start":{"line":24,"column":81},"end":{"line":24,"column":111}},{"start":{"line":24,"column":111},"end":{"line":24,"column":137}}],"line":24},"1":{"loc":{"start":{"line":46,"column":14},"end":{"line":46,"column":null}},"type":"cond-expr","locations":[{"start":{"line":46,"column":25},"end":{"line":46,"column":63}},{"start":{"line":46,"column":63},"end":{"line":46,"column":null}}],"line":46},"2":{"loc":{"start":{"line":50,"column":13},"end":{"line":55,"column":null}},"type":"binary-expr","locations":[{"start":{"line":50,"column":13},"end":{"line":50,"column":null}},{"start":{"line":51,"column":14},"end":{"line":55,"column":null}}],"line":50},"3":{"loc":{"start":{"line":51,"column":42},"end":{"line":51,"column":90}},"type":"cond-expr","locations":[{"start":{"line":51,"column":53},"end":{"line":51,"column":71}},{"start":{"line":51,"column":71},"end":{"line":51,"column":90}}],"line":51},"4":{"loc":{"start":{"line":56,"column":11},"end":{"line":57,"column":null}},"type":"binary-expr","locations":[{"start":{"line":56,"column":11},"end":{"line":56,"column":23}},{"start":{"line":56,"column":23},"end":{"line":57,"column":null}}],"line":56},"5":{"loc":{"start":{"line":60,"column":11},"end":{"line":65,"column":null}},"type":"binary-expr","locations":[{"start":{"line":60,"column":11},"end":{"line":60,"column":null}},{"start":{"line":61,"column":12},"end":{"line":65,"column":null}}],"line":60},"6":{"loc":{"start":{"line":65,"column":11},"end":{"line":70,"column":null}},"type":"cond-expr","locations":[{"start":{"line":66,"column":12},"end":{"line":68,"column":13}},{"start":{"line":68,"column":12},"end":{"line":70,"column":null}}],"line":65},"7":{"loc":{"start":{"line":73,"column":7},"end":{"line":93,"column":null}},"type":"binary-expr","locations":[{"start":{"line":73,"column":7},"end":{"line":73,"column":null}},{"start":{"line":74,"column":8},"end":{"line":93,"column":null}}],"line":73},"8":{"loc":{"start":{"line":83,"column":12},"end":{"line":87,"column":null}},"type":"if","locations":[{"start":{"line":83,"column":12},"end":{"line":87,"column":null}},{"start":{},"end":{}}],"line":83},"9":{"loc":{"start":{"line":83,"column":16},"end":{"line":83,"column":52}},"type":"binary-expr","locations":[{"start":{"line":83,"column":16},"end":{"line":83,"column":37}},{"start":{"line":83,"column":37},"end":{"line":83,"column":52}}],"line":83}},"s":{"0":3,"1":83,"2":1,"3":1,"4":0,"5":0,"6":0,"7":0,"8":1,"9":1},"f":{"0":83,"1":1,"2":0},"b":{"0":[0,83],"1":[47,36],"2":[83,5],"3":[2,3],"4":[83,47],"5":[83,47],"6":[44,39],"7":[83,47],"8":[0,0],"9":[0,0]},"meta":{"lastBranch":10,"lastFunction":3,"lastStatement":8,"seen":{"s:19:31:95:Infinity":0,"f:19:83:19:Infinity":0,"s:23:2:93:Infinity":1,"b:24:81:24:111:24:111:24:137":0,"b:46:25:46:63:46:63:46:Infinity":1,"b:50:13:50:Infinity:51:14:55:Infinity":2,"b:51:53:51:71:51:71:51:90":3,"b:56:11:56:23:56:23:57:Infinity":4,"b:60:11:60:Infinity:61:12:65:Infinity":5,"b:66:12:68:13:68:12:70:Infinity":6,"b:73:7:73:Infinity:74:8:93:Infinity":7,"f:78:10:78:20":1,"s:79:12:79:Infinity":2,"s:80:12:80:Infinity":3,"f:82:10:82:22":2,"b:83:12:87:Infinity:undefined:undefined:undefined:undefined":8,"s:83:12:87:Infinity":4,"b:83:16:83:37:83:37:83:52":9,"s:84:14:84:Infinity":5,"s:85:14:85:Infinity":6,"s:86:14:86:Infinity":7},"fnNames":{}}}
,"/home/julian/development/ui/src/components/CountrySelector/constants.ts": {"path":"/home/julian/development/ui/src/components/CountrySelector/constants.ts","statementMap":{"0":{"start":{"line":8,"column":2},"end":{"line":18,"column":null}},"1":{"start":{"line":9,"column":24},"end":{"line":9,"column":null}},"2":{"start":{"line":10,"column":10},"end":{"line":10,"column":null}},"3":{"start":{"line":11,"column":17},"end":{"line":11,"column":null}},"4":{"start":{"line":13,"column":4},"end":{"line":17,"column":null}},"5":{"start":{"line":21,"column":59},"end":{"line":21,"column":null}},"6":{"start":{"line":22,"column":53},"end":{"line":22,"column":null}},"7":{"start":{"line":10,"column":20},"end":{"line":10,"column":null}}},"fnMap":{"0":{"name":"getCountryOptions","decl":{"start":{"line":7,"column":16},"end":{"line":7,"column":34}},"loc":{"start":{"line":7,"column":106},"end":{"line":19,"column":null}},"line":7},"1":{"name":"(anonymous_1)","decl":{"start":{"line":8,"column":51},"end":{"line":8,"column":56}},"loc":{"start":{"line":8,"column":65},"end":{"line":18,"column":3}},"line":8}},"branchMap":{"0":{"loc":{"start":{"line":11,"column":17},"end":{"line":11,"column":null}},"type":"cond-expr","locations":[{"start":{"line":11,"column":27},"end":{"line":11,"column":52}},{"start":{"line":11,"column":52},"end":{"line":11,"column":null}}],"line":11}},"s":{"0":17,"1":3417,"2":2817,"3":3417,"4":3417,"5":3,"6":3,"7":3417},"f":{"0":17,"1":3417},"b":{"0":[3417,0]},"meta":{"lastBranch":1,"lastFunction":2,"lastStatement":7,"seen":{"f:7:16:7:34":0,"s:8:2:18:Infinity":0,"f:8:51:8:56":1,"s:9:24:9:Infinity":1,"s:10:10:10:Infinity":2,"s:11:17:11:Infinity":3,"b:11:27:11:52:11:52:11:Infinity":0,"s:13:4:17:Infinity":4,"s:21:59:21:Infinity":5,"s:22:53:22:Infinity":6},"fnNames":{}}}
,"/home/julian/development/ui/src/components/CountrySelector/useCountrySelectorPosition.ts": {"path":"/home/julian/development/ui/src/components/CountrySelector/useCountrySelectorPosition.ts","statementMap":{"0":{"start":{"line":31,"column":23},"end":{"line":31,"column":null}},"1":{"start":{"line":32,"column":22},"end":{"line":32,"column":null}},"2":{"start":{"line":33,"column":27},"end":{"line":33,"column":null}},"3":{"start":{"line":34,"column":8},"end":{"line":34,"column":null}},"4":{"start":{"line":35,"column":8},"end":{"line":35,"column":null}},"5":{"start":{"line":37,"column":8},"end":{"line":75,"column":null}},"6":{"start":{"line":39,"column":22},"end":{"line":39,"column":null}},"7":{"start":{"line":40,"column":6},"end":{"line":40,"column":null}},"8":{"start":{"line":40,"column":20},"end":{"line":40,"column":null}},"9":{"start":{"line":42,"column":19},"end":{"line":42,"column":null}},"10":{"start":{"line":43,"column":23},"end":{"line":43,"column":null}},"11":{"start":{"line":44,"column":26},"end":{"line":44,"column":null}},"12":{"start":{"line":45,"column":29},"end":{"line":45,"column":null}},"13":{"start":{"line":46,"column":28},"end":{"line":46,"column":null}},"14":{"start":{"line":47,"column":29},"end":{"line":47,"column":null}},"15":{"start":{"line":48,"column":26},"end":{"line":48,"column":null}},"16":{"start":{"line":49,"column":22},"end":{"line":49,"column":null}},"17":{"start":{"line":50,"column":12},"end":{"line":50,"column":null}},"18":{"start":{"line":52,"column":25},"end":{"line":52,"column":null}},"19":{"start":{"line":53,"column":25},"end":{"line":53,"column":null}},"20":{"start":{"line":55,"column":32},"end":{"line":55,"column":null}},"21":{"start":{"line":56,"column":19},"end":{"line":56,"column":null}},"22":{"start":{"line":57,"column":24},"end":{"line":57,"column":null}},"23":{"start":{"line":58,"column":28},"end":{"line":58,"column":null}},"24":{"start":{"line":60,"column":6},"end":{"line":64,"column":null}},"25":{"start":{"line":61,"column":8},"end":{"line":61,"column":null}},"26":{"start":{"line":62,"column":8},"end":{"line":62,"column":null}},"27":{"start":{"line":63,"column":8},"end":{"line":63,"column":null}},"28":{"start":{"line":66,"column":6},"end":{"line":71,"column":null}},"29":{"start":{"line":67,"column":8},"end":{"line":67,"column":null}},"30":{"start":{"line":67,"column":30},"end":{"line":67,"column":null}},"31":{"start":{"line":68,"column":29},"end":{"line":68,"column":null}},"32":{"start":{"line":69,"column":31},"end":{"line":69,"column":null}},"33":{"start":{"line":70,"column":8},"end":{"line":70,"column":null}},"34":{"start":{"line":72,"column":6},"end":{"line":72,"column":null}},"35":{"start":{"line":72,"column":40},"end":{"line":72,"column":105}},"36":{"start":{"line":77,"column":2},"end":{"line":93,"column":null}},"37":{"start":{"line":78,"column":4},"end":{"line":81,"column":null}},"38":{"start":{"line":79,"column":6},"end":{"line":79,"column":null}},"39":{"start":{"line":80,"column":6},"end":{"line":80,"column":null}},"40":{"start":{"line":83,"column":4},"end":{"line":92,"column":null}},"41":{"start":{"line":84,"column":22},"end":{"line":86,"column":null}},"42":{"start":{"line":85,"column":8},"end":{"line":85,"column":null}},"43":{"start":{"line":87,"column":6},"end":{"line":87,"column":null}},"44":{"start":{"line":89,"column":6},"end":{"line":91,"column":null}},"45":{"start":{"line":90,"column":8},"end":{"line":90
[...]
}},"61":{"start":{"line":129,"column":2},"end":{"line":131,"column":null}},"62":{"start":{"line":130,"column":4},"end":{"line":130,"column":null}},"63":{"start":{"line":133,"column":2},"end":{"line":135,"column":null}},"64":{"start":{"line":134,"column":4},"end":{"line":134,"column":null}},"65":{"start":{"line":137,"column":2},"end":{"line":137,"column":null}},"66":{"start":{"line":141,"column":2},"end":{"line":143,"column":null}},"67":{"start":{"line":142,"column":4},"end":{"line":142,"column":null}},"68":{"start":{"line":145,"column":22},"end":{"line":145,"column":null}},"69":{"start":{"line":146,"column":2},"end":{"line":146,"column":null}},"70":{"start":{"line":146,"column":39},"end":{"line":146,"column":67}}},"fnMap":{"0":{"name":"getFormatter","decl":{"start":{"line":10,"column":9},"end":{"line":10,"column":22}},"loc":{"start":{"line":10,"column":75},"end":{"line":21,"column":null}},"line":10},"1":{"name":"startOfDay","decl":{"start":{"line":23,"column":16},"end":{"line":23,"column":27}},"loc":{"start":{"line":23,"column":45},"end":{"line":25,"column":null}},"line":23},"2":{"name":"startOfMonth","decl":{"start":{"line":27,"column":16},"end":{"line":27,"column":29}},"loc":{"start":{"line":27,"column":47},"end":{"line":29,"column":null}},"line":27},"3":{"name":"addDays","decl":{"start":{"line":31,"column":16},"end":{"line":31,"column":24}},"loc":{"start":{"line":31,"column":58},"end":{"line":35,"column":null}},"line":31},"4":{"name":"differenceInCalendarDays","decl":{"start":{"line":37,"column":16},"end":{"line":37,"column":41}},"loc":{"start":{"line":37,"column":74},"end":{"line":41,"column":null}},"line":37},"5":{"name":"isSameDay","decl":{"start":{"line":43,"column":16},"end":{"line":43,"column":26}},"loc":{"start":{"line":43,"column":62},"end":{"line":49,"column":null}},"line":43},"6":{"name":"formatIsoDateShort","decl":{"start":{"line":51,"column":16},"end":{"line":51,"column":35}},"loc":{"start":{"line":51,"column":71},"end":{"line":62,"column":null}},"line":51},"7":{"name":"(anonymous_7)","decl":{"start":{"line":58,"column":20},"end":{"line":58,"column":26}},"loc":{"start":{"line":58,"column":35},"end":{"line":58,"column":54}},"line":58},"8":{"name":"(anonymous_8)","decl":{"start":{"line":59,"column":22},"end":{"line":59,"column":28}},"loc":{"start":{"line":59,"column":37},"end":{"line":59,"column":58}},"line":59},"9":{"name":"(anonymous_9)","decl":{"start":{"line":60,"column":21},"end":{"line":60,"column":27}},"loc":{"start":{"line":60,"column":36},"end":{"line":60,"column":56}},"line":60},"10":{"name":"formatMonthLong","decl":{"start":{"line":64,"column":16},"end":{"line":64,"column":32}},"loc":{"start":{"line":64,"column":68},"end":{"line":66,"column":null}},"line":64},"11":{"name":"formatMonthYear","decl":{"start":{"line":68,"column":16},"end":{"line":68,"column":32}},"loc":{"start":{"line":68,"column":68},"end":{"line":70,"column":null}},"line":68},"12":{"name":"formatYearNumeric","decl":{"start":{"line":72,"column":16},"end":{"line":72,"column":34}},"loc":{"start":{"line":72,"column":70},"end":{"line":74,"column":null}},"line":72},"13":{"name":"getWeekdayLabels","decl":{"start":{"line":76,"column":16},"end":{"line":76,"column":33}},"loc":{"start":{"line":76,"column":75},"end":{"line":81,"column":null}},"line":76},"14":{"name":"(anonymous_14)","decl":{"start":{"line":79,"column":40},"end":{"line":79,"column":44}},"loc":{"start":{"line":79,"column":57},"end":{"line":79,"column":97}},"line":79},"15":{"name":"getMonthDays","decl":{"start":{"line":83,"column":16},"end":{"line":83,"column":29}},"loc":{"start":{"line":83,"column":66},"end":{"line":90,"column":null}},"line":83},"16":{"name":"(anonymous_16)","decl":{"start":{"line":89,"column":33},"end":{"line":89,"column":37}},"loc":{"start":{"line":89,"column":50},"end":{"line":89,"column":75}},"line":89},"17":{"name":"isDate","decl":{"start":{"line":92,"column":9},"end":{"line":92,"column":16}},"loc":{"start":{"line":92,"column":47},"end":{"line":94,"column":null}},"line":92},"18":{"name":"matchesSingle","decl":{"start":{"line":96,"column":9},"end":{"line":96,"column":23}},"loc":{"start":{"line":96,"column":62},"end":{"line":138,"column":null}},"line":96},"19":{"name":"(anonymous_19)","decl":{"start":{"line":102,"column":19},"end":{"line":102,"column":25}},"loc":{"start":{"line":102,"column":39},"end":{"line":102,"column":65}},"line":102},"20":{"name":"dateMatchModifiers","decl":{"start":{"line":140,"column":16},"end":{"line":140,"column":35}},"loc":{"start":{"line":140,"column":88},"end":{"line":147,"column":null}},"line":140},"21":{"name":"(anonymous_21)","decl":{"start":{"line":146,"column":21},"end":{"line":146,"column":27}},"loc":{"start":{"line":146,"column":39},"end":{"line":146,"column":67}},"line":146}},"branchMap":{"0":{"loc":{"start":{"line":14,"column":2},"end":{"line":16,"column":null}},"type":"if","locations":[{"start":{"line":14,"column":2},"end":{"line":16,"column":null}},{"start":{},"end":{}}],"line":14},"1":{"loc":{"start":{"line":44,"column":2},"end":{"line":46,"column":null}},"type":"if","locations":[{"start":{"line":44,"column":2},"end":{"line":46,"column":null}},{"start":{},"end":{}}],"line":44},"2":{"loc":{"start":{"line":44,"column":6},"end":{"line":44,"column":23}},"type":"binary-expr","locations":[{"start":{"line":44,"column":6},"end":{"line":44,"column":15}},{"start":{"line":44,"column":15},"end":{"line":44,"column":23}}],"line":44},"3":{"loc":{"start":{"line":48,"column":9},"end":{"line":48,"column":null}},"type":"binary-expr","locations":[{"start":{"line":48,"column":9},"end":{"line":48,"column":55}},{"start":{"line":48,"column":55},"end":{"line":48,"column":95}},{"start":{"line":48,"column":95},"end":{"line":48,"column":null}}],"line":48},"4":{"loc":{"start":{"line":58,"column":14},"end":{"line":58,"column":null}},"type":"binary-expr","locations":[{"start":{"line":58,"column":14},"end":{"line":58,"column":66}},{"start":{"line":58,"column":66},"end":{"line":58,"column":null}}],"line":58},"5":{"loc":{"start":{"line":59,"column":16},"end":{"line":59,"column":null}},"type":"binary-expr","locations":[{"start":{"line":59,"column":16},"end":{"line":59,"column":70}},{"start":{"line":59,"column":70},"end":{"line":59,"column":null}}],"line":59},"6":{"loc":{"start":{"line":60,"column":15},"end":{"line":60,"column":null}},"type":"binary-expr","locations":[{"start":{"line":60,"column":15},"end":{"line":60,"column":68}},{"start":{"line":60,"column":68},"end":{"line":60,"column":null}}],"line":60},"7":{"loc":{"start":{"line":76,"column":49},"end":{"line":76,"column":75}},"type":"default-arg","locations":[{"start":{"line":76,"column":59},"end":{"line":76,"column":75}}],"line":76},"8":{"loc":{"start":{"line":80,"column":9},"end":{"line":80,"column":null}},"type":"cond-expr","locations":[{"start":{"line":80,"column":19},"end":{"line":80,"column":53}},{"start":{"line":80,"column":53},"end":{"line":80,"column":null}}],"line":80},"9":{"loc":{"start":{"line":83,"column":42},"end":{"line":83,"column":66}},"type":"default-arg","locations":[{"start":{"line":83,"column":52},"end":{"line":83,"column":66}}],"line":83},"10":{"loc":{"start":{"line":86,"column":17},"end":{"line":86,"column":null}},"type":"cond-expr","locations":[{"start":{"line":86,"column":17},"end":{"line":86,"column":48}},{"start":{"line":86,"column":48},"end":{"line":86,"column":null}}],"line":86},"11":{"loc":{"start":{"line":97,"column":2},"end":{"line":99,"column":null}},"type":"if","locations":[{"start":{"line":97,"column":2},"end":{"line":99,"column":null}},{"start":{},"end":{}}],"line":97},"12":{"loc":{"start":{"line":101,"column":2},"end":{"line":103,"column":null}},"type":"if","locations":[{"start":{"line":101,"column":2},"end":{"line":103,"column":null}},{"start":{},"end":{}}],"line":101},"13":{"loc":{"start":{"line":105,"column":2},"end":{"line":107,"column":null}},"type":"if","locations":[{"start":{"line":105,"column":2},"end":{"line":107,"column":null}},{"start":{},"end":{}}],"line":105},"14":{"loc":{"start":{"line":109,"column":2},"end":{"line":111,"column":null}},"type":"if","locations":[{"start":{"line":109,"column":2},"end":{"line":111,"column":null}},{"start":{},"end":{}}],"line":109},"15":{"loc":{"start":{"line":113,"column":2},"end":{"line":115,"column":null}},"type":"if","locations":[{"start":{"line":113,"column":2},"end":{"line":115,"column":null}},{"start":{},"end":{}}],"line":113},"16":{"loc":{"start":{"line":117,"column":2},"end":{"line":119,"column":null}},"type":"if","locations":[{"start":{"line":117,"column":2},"end":{"line":119,"column":null}},{"start":{},"end":{}}],"line":117},"17":{"loc":{"start":{"line":121,"column":15},"end":{"line":121,"column":null}},"type":"cond-expr","locations":[{"start":{"line":121,"column":30},"end":{"line":121,"column":57}},{"start":{"line":121,"column":57},"end":{"line":121,"column":null}}],"line":121},"18":{"loc":{"start":{"line":122,"column":13},"end":{"line":122,"column":null}},"type":"cond-expr","locations":[{"start":{"line":122,"column":26},"end":{"line":122,"column":51}},{"start":{"line":122,"column":51},"end":{"line":122,"column":null}}],"line":122},"19":{"loc":{"start":{"line":125,"column":2},"end":{"line":127,"column":null}},"type":"if","locations":[{"start":{"line":125,"column":2},"end":{"line":127,"column":null}},{"start":{},"end":{}}],"line":125},"20":{"loc":{"start":{"line":125,"column":6},"end":{"line":125,"column":18}},"type":"binary-expr","locations":[{"start":{"line":125,"column":6},"end":{"line":125,"column":14}},{"start":{"line":125,"column":14},"end":{"line":125,"column":18}}],"line":125},"21":{"loc":{"start":{"line":126,"column":11},"end":{"line":126,"column":null}},"type":"binary-expr","locations":[{"start":{"line":126,"column":11},"end":{"line":126,"column":30}},{"start":{"line":126,"column":30},"end":{"line":126,"column":null}}],"line":126},"22":{"loc":{"start":{"line":129,"column":2},"end":{"line":131,"column":null}},"type":"if","locations":[{"start":{"line":129,"column":2},"end":{"line":131,"column":null}},{"start":{},"end":{}}],"line":129},"23":{"loc":{"start":{"line":133,"column":2},"end":{"line":135,"column":null}},"type":"if","locations":[{"start":{"line":133,"column":2},"end":{"line":135,"column":null}},{"start":{},"end":{}}],"line":133},"24":{"loc":{"start":{"line":141,"column":2},"end":{"line":143,"column":null}},"type":"if","locations":[{"start":{"line":141,"column":2},"end":{"line":143,"column":null}},{"start":{},"end":{}}],"line":141},"25":{"loc":{"start":{"line":145,"column":22},"end":{"line":145,"column":null}},"type":"cond-expr","locations":[{"start":{"line":145,"column":48},"end":{"line":145,"column":59}},{"start":{"line":145,"column":59},"end":{"line":145,"column":null}}],"line":145}},"s":{"0":5,"1":57,"2":57,"3":57,"4":47,"5":10,"6":10,"7":10,"8":4,"9":58,"10":915,"11":915,"12":915,"13":2,"14":2,"15":2,"16":2530,"17":0,"18":2530,"19":10,"20":10,"21":10,"22":30,"23":10,"24":10,"25":10,"26":50,"27":10,"28":12,"29":20,"30":1,"31":14,"32":14,"33":14,"34":98,"35":14,"36":19,"37":19,"38":19,"39":19,"40":19,"41":798,"42":0,"43":0,"44":0,"45":0,"46":0,"47":0,"48":0,"49":0,"50":0,"51":0,"52":0,"53":0,"54":0,"55":0,"56":0,"57":0,"58":0,"59":0,"60":0,"61":0,"62":0,"63":0,"64":0,"65":0,"66":798,"67":798,"68":0,"69":798,"70":0},"f":{"0":57,"1":4,"2":58,"3":915,"4":2,"5":2530,"6":10,"7":30,"8":10,"9":50,"10":12,"11":20,"12":1,"13":14,"14":98,"15":19,"16":798,"17":0,"18":0,"19":0,"20":798,"21":0},"b":{"0":[47,10],"1":[0,2530],"2":[2530,2530],"3":[2530,2530,1083],"4":[10,0],"5":[10,0],"6":[10,0],"7":[14],"8":[14,0],"9":[19],"10":[19,0],"11":[0,0],"12":[0,0],"13":[0,0],"14":[0,0],"15":[0,0],"16":[0,0],"17":[0,0],"18":[0,0],"19":[0,0],"20":[0,0],"21":[0,0],"22":[0,0],"23":[0,0],"24":[798,0],"25":[0,0]},"meta":{"lastBranch":26,"lastFunction":22,"lastStatement":71,"seen":{"s:8:23:8:Infinity":0,"f:10:9:10:22":0,"s:11:14:11:Infinity":1,"s:12:20:12:Infinity":2,"b:14:2:16:Infinity:undefined:undefined:undefined:undefined":0,"s:14:2:16:Infinity":3,"s:15:4:15:Infinity":4,"s:18:24:18:Infinity":5,"s:19:2:19:Infinity":6,"s:20:2:20:Infinity":7,"f:23:16:23:27":1,"s:24:2:24:Infinity":8,"f:27:16:27:29":2,"s:28:2:28:Infinity":9,"f:31:16:31:24":3,"s:32:19:32:Infinity":10,"s:33:2:33:Infinity":11,"s:34:2:34:Infinity":12,"f:37:16:37:41":4,"s:38:19:38:Infinity":13,"s:39:20:39:Infinity":14,"s:40:2:40:Infinity":15,"f:43:16:43:26":5,"b:44:2:46:Infinity:undefined:undefined:undefined:undefined":1,"s:44:2:46:Infinity":16,"b:44:6:44:15:44:15:44:23":2,"s:45:4:45:Infinity":17,"s:48:2:48:Infinity":18,"b:48:9:48:55:48:55:48:95:48:95:48:Infinity":3,"f:51:16:51:35":6,"s:52:20:56:Infinity":19,"s:57:16:57:Infinity":20,"s:58:14:58:Infinity":21,"b:58:14:58:66:58:66:58:Infinity":4,"f:58:20:58:26":7,"s:58:35:58:54":22,"s:59:16:59:Infinity":23,"b:59:16:59:70:59:70:59:Infinity":5,"f:59:22:59:28":8,"s:59:37:59:58":24,"s:60:15:60:Infinity":25,"b:60:15:60:68:60:68:60:Infinity":6,"f:60:21:60:27":9,"s:60:36:60:56":26,"s:61:2:61:Infinity":27,"f:64:16:64:32":10,"s:65:2:65:Infinity":28,"f:68:16:68:32":11,"s:69:2:69:Infinity":29,"f:72:16:72:34":12,"s:73:2:73:Infinity":30,"f:76:16:76:33":13,"b:76:59:76:75":7,"s:77:20:77:Infinity":31,"s:78:17:78:Infinity":32,"s:79:17:79:Infinity":33,"f:79:40:79:44":14,"s:79:57:79:97":34,"s:80:2:80:Infinity":35,"b:80:19:80:53:80:53:80:Infinity":8,"f:83:16:83:29":15,"b:83:52:83:66":9,"s:84:23:84:Infinity":36,"s:85:19:85:Infinity":37,"s:86:17:86:Infinity":38,"b:86:17:86:48:86:48:86:Infinity":10,"s:87:20:87:Infinity":39,"s:89:2:89:Infinity":40,"f:89:33:89:37":16,"s:89:50:89:75":41,"f:92:9:92:16":17,"s:93:2:93:Infinity":42,"f:96:9:96:23":18,"b:97:2:99:Infinity:undefined:undefined:undefined:undefined":11,"s:97:2:99:Infinity":43,"s:98:4:98:Infinity":44,"b:101:2:103:Infinity:undefined:undefined:undefined:undefined":12,"s:101:2:103:Infinity":45,"s:102:4:102:Infinity":46,"f:102:19:102:25":19,"s:102:39:102:65":47,"b:105:2:107:Infinity:undefined:undefined:undefined:undefined":13,"s:105:2:107:Infinity":48,"s:106:4:106:Infinity":49,"b:109:2:111:Infinity:undefined:undefined:undefined:undefined":14,"s:109:2:111:Infinity":50,"s:110:4:110:Infinity":51,"b:113:2:115:Infinity:undefined:undefined:undefined:undefined":15,"s:113:2:115:Infinity":52,"s:114:4:114:Infinity":53,"b:117:2:119:Infinity:undefined:undefined:undefined:undefined":16,"s:117:2:119:Infinity":54,"s:118:4:118:Infinity":55,"s:121:15:121:Infinity":56,"b:121:30:121:57:121:57:121:Infinity":17,"s:122:13:122:Infinity":57,"b:122:26:122:51:122:51:122:Infinity":18,"s:123:18:123:Infinity":58,"b:125:2:127:Infinity:undefined:undefined:undefined:undefined":19,"s:125:2:127:Infinity":59,"b:125:6:125:14:125:14:125:18":20,"s:126:4:126:Infinity":60,"b:126:11:126:30:126:30:126:Infinity":21,"b:129:2:131:Infinity:undefined:undefined:undefined:undefined":22,"s:129:2:131:Infinity":61,"s:130:4:130:Infinity":62,"b:133:2:135:Infinity:undefined:undefined:undefined:undefined":23,"s:133:2:135:Infinity":63,"s:134:4:134:Infinity":64,"s:137:2:137:Infinity":65,"f:140:16:140:35":20,"b:141:2:143:Infinity:undefined:undefined:undefined:undefined":24,"s:141:2:143:Infinity":66,"s:142:4:142:Infinity":67,"s:145:22:145:Infinity":68,"b:145:48:145:59:145:59:145:Infinity":25,"s:146:2:146:Infinity":69,"f:146:21:146:27":21,"s:146:39:146:67":70},"fnNames":{}}}
,"/home/julian/development/ui/src/utils/platform.ts": {"path":"/home/julian/development/ui/src/utils/platform.ts","statementMap":{"0":{"start":{"line":1,"column":6},"end":{"line":1,"column":null}},"1":{"start":{"line":1,"column":24},"end":{"line":1,"column":null}},"2":{"start":{"line":4,"column":2},"end":{"line":6,"column":null}},"3":{"start":{"line":5,"column":4},"end":{"line":5,"column":null}},"4":{"start":{"line":8,"column":2},"end":{"line":8,"column":null}},"5":{"start":{"line":12,"column":2},"end":{"line":14,"column":null}},"6":{"start":{"line":13,"column":4},"end":{"line":13,"column":null}},"7":{"start":{"line":16,"column":13},"end":{"line":16,"column":null}},"8":{"start":{"line":17,"column":31},"end":{"line":17,"column":null}},"9":{"start":{"line":19,"column":2},"end":{"line":19,"column":null}},"10":{"start":{"line":23,"column":2},"end":{"line":25,"column":null}},"11":{"start":{"line":24,"column":4},"end":{"line":24,"column":null}},"12":{"start":{"line":27,"column":30},"end":{"line":27,"column":null}},"13":{"start":{"line":29,"column":2},"end":{"line":29,"column":null}}},"fnMap":{"0":{"name":"(anonymous_0)","decl":{"start":{"line":1,"column":6},"end":{"line":1,"column":24}},"loc":{"start":{"line":1,"column":24},"end":{"line":1,"column":null}},"line":1},"1":{"name":"isAndroid","decl":{"start":{"line":3,"column":16},"end":{"line":3,"column":37}},"loc":{"start":{"line":3,"column":37},"end":{"line":9,"column":null}},"line":3},"2":{"name":"isIOS","decl":{"start":{"line":11,"column":16},"end":{"line":11,"column":33}},"loc":{"start":{"line":11,"column":33},"end":{"line":20,"column":null}},"line":11},"3":{"name":"isInStandaloneMode","decl":{"start":{"line":22,"column":16},"end":{"line":22,"column":46}},"loc":{"start":{"line":22,"column":46},"end":{"line":30,"column":null}},"line":22}},"branchMap":{"0":{"loc":{"start":{"line":1,"column":24},"end":{"line":1,"column":null}},"type":"binary-expr","locations":[{"start":{"line":1,"column":24},"end":{"line":1,"column":57}},{"start":{"line":1,"column":57},"end":{"line":1,"column":null}}],"line":1},"1":{"loc":{"start":{"line":4,"column":2},"end":{"line":6,"column":null}},"type":"if","locations":[{"start":{"line":4,"column":2},"end":{"line":6,"column":null}},{"start":{},"end":{}}],"line":4},"2":{"loc":{"start":{"line":12,"column":2},"end":{"line":14,"column":null}},"type":"if","locations":[{"start":{"line":12,"column":2},"end":{"line":14,"column":null}},{"start":{},"end":{}}],"line":12},"3":{"loc":{"start":{"line":16,"column":13},"end":{"line":16,"column":null}},"type":"binary-expr","locations":[{"start":{"line":16,"column":13},"end":{"line":16,"column":36}},{"start":{"line":16,"column":36},"end":{"line":16,"column":null}}],"line":16},"4":{"loc":{"start":{"line":17,"column":31},"end":{"line":17,"column":null}},"type":"binary-expr","locations":[{"start":{"line":17,"column":31},"end":{"line":17,"column":59}},{"start":{"line":17,"column":59},"end":{"line":17,"column":null}}],"line":17},"5":{"loc":{"start":{"line":19,"column":9},"end":{"line":19,"column":null}},"type":"binary-expr","locations":[{"start":{"line":19,"column":9},"end":{"line":19,"column":40}},{"start":{"line":19,"column":40},"end":{"line":19,"column":null}}],"line":19},"6":{"loc":{"start":{"line":23,"column":2},"end":{"line":25,"column":null}},"type":"if","locations":[{"start":{"line":23,"column":2},"end":{"line":25,"column":null}},{"start":{},"end":{}}],"line":23},"7":{"loc":{"start":{"line":29,"column":9},"end":{"line":29,"column":null}},"type":"binary-expr","locations":[{"start":{"line":29,"column":9},"end":{"line":29,"column":79}},{"start":{"line":29,"column":79},"end":{"line":29,"column":null}}],"line":29}},"s":{"0":3,"1":218,"2":35,"3":0,"4":35,"5":110,"6":0,"7":110,"8":110,"9":110,"10":73,"11":0,"12":73,"13":73},"f":{"0":218,"1":35,"2":110,"3":73},"b":{"0":[218,218],"1":[0,35],"2":[0,110],"3":[110,0],"4":[110,0],"5":[110,70],"6":[0,73],"7":[73,18]},"meta":{"lastBranch":8,"lastFunction":4,"lastStatement":14,"seen":{"s:1:6:1:Infinity":0,"f:1:6:1:24":0,"s:1:24:1:Infinity":1,"b:1:24:1:57:1:57:1:Infinity":0,"f:3:16:3:37":1,"b:4:2:6:Infinity:undefined:undefined:undefined:undefined":1,"s:4:2:6:Infinity":2,"s:5:4:5:Infinity":3,"s:8:2:8:Infinity":4,"f:11:16:11:33":2,"b:12:2:14:Infinity:undefined:undefined:undefined:undefined":2,"s:12:2:14:Infinity":5,"s:13:4:13:Infinity":6,"s:16:13:16:Infinity":7,"b:16:13:16:36:16:36:16:Infinity":3,"s:17:31:17:Infinity":8,"b:17:31:17:59:17:59:17:Infinity":4,"s:19:2:19:Infinity":9,"b:19:9:19:40:19:40:19:Infinity":5,"f:22:16:22:46":3,"b:23:2:25:Infinity:undefined:undefined:undefined:undefined":6,"s:23:2:25:Infinity":10,"s:24:4:24:Infinity":11,"s:27:30:27:Infinity":12,"s:29:2:29:Infinity":13,"b:29:9:29:79:29:79:29:Infinity":7},"fnNames":{}}}
}
